2024-05-25 19:43:23,799	INFO head.py:150 -- Dashboard head grpc address: 127.0.0.1:50467
2024-05-25 19:43:23,846	INFO head.py:254 -- Starting dashboard metrics server on port 44227
2024-05-25 19:43:23,863	INFO utils.py:112 -- Get all modules by type: DashboardHeadModule
2024-05-25 19:43:24,719	WARNING job_manager.py:67 -- Failed to Import win32api. For best usage experience run 'conda install pywin32'. Import error: No module named 'win32api'
2024-05-25 19:43:25,886	INFO utils.py:145 -- Available modules: [<class 'ray.dashboard.modules.actor.actor_head.ActorHead'>, <class 'ray.dashboard.modules.metrics.metrics_head.MetricsHead'>, <class 'ray.dashboard.modules.data.data_head.DataHead'>, <class 'ray.dashboard.modules.event.event_head.EventHead'>, <class 'ray.dashboard.modules.healthz.healthz_head.HealthzHead'>, <class 'ray.dashboard.modules.job.job_head.JobHead'>, <class 'ray.dashboard.modules.node.node_head.NodeHead'>, <class 'ray.dashboard.modules.reporter.reporter_head.ReportHead'>, <class 'ray.dashboard.modules.serve.serve_rest_api_impl.create_serve_rest_api.<locals>.ServeRestApiImpl'>, <class 'ray.dashboard.modules.snapshot.snapshot_head.APIHead'>, <class 'ray.dashboard.modules.state.state_head.StateHead'>, <class 'ray.dashboard.modules.usage_stats.usage_stats_head.UsageStatsHead'>]
2024-05-25 19:43:25,886	INFO head.py:223 -- Modules to load: {'ServeRestApiImpl', 'HealthzHead', 'NodeHead', 'DataHead', 'ReportHead', 'APIHead', 'MetricsHead', 'UsageStatsHead', 'StateHead', 'JobHead', 'ActorHead', 'EventHead'}
2024-05-25 19:43:25,886	INFO head.py:226 -- Loading DashboardHeadModule: <class 'ray.dashboard.modules.actor.actor_head.ActorHead'>
2024-05-25 19:43:25,886	INFO head.py:226 -- Loading DashboardHeadModule: <class 'ray.dashboard.modules.metrics.metrics_head.MetricsHead'>
2024-05-25 19:43:25,886	INFO head.py:226 -- Loading DashboardHeadModule: <class 'ray.dashboard.modules.data.data_head.DataHead'>
2024-05-25 19:43:25,886	INFO head.py:226 -- Loading DashboardHeadModule: <class 'ray.dashboard.modules.event.event_head.EventHead'>
2024-05-25 19:43:25,886	INFO head.py:226 -- Loading DashboardHeadModule: <class 'ray.dashboard.modules.healthz.healthz_head.HealthzHead'>
2024-05-25 19:43:25,894	INFO head.py:226 -- Loading DashboardHeadModule: <class 'ray.dashboard.modules.job.job_head.JobHead'>
2024-05-25 19:43:25,894	INFO head.py:226 -- Loading DashboardHeadModule: <class 'ray.dashboard.modules.node.node_head.NodeHead'>
2024-05-25 19:43:25,894	INFO head.py:226 -- Loading DashboardHeadModule: <class 'ray.dashboard.modules.reporter.reporter_head.ReportHead'>
2024-05-25 19:43:25,895	INFO head.py:226 -- Loading DashboardHeadModule: <class 'ray.dashboard.modules.serve.serve_rest_api_impl.create_serve_rest_api.<locals>.ServeRestApiImpl'>
2024-05-25 19:43:25,895	INFO head.py:226 -- Loading DashboardHeadModule: <class 'ray.dashboard.modules.snapshot.snapshot_head.APIHead'>
2024-05-25 19:43:25,895	INFO head.py:226 -- Loading DashboardHeadModule: <class 'ray.dashboard.modules.state.state_head.StateHead'>
2024-05-25 19:43:25,895	INFO head.py:226 -- Loading DashboardHeadModule: <class 'ray.dashboard.modules.usage_stats.usage_stats_head.UsageStatsHead'>
2024-05-25 19:43:25,895	INFO head.py:239 -- Loaded 12 modules. [<ray.dashboard.modules.actor.actor_head.ActorHead object at 0x0000017BBC3CA800>, <ray.dashboard.modules.metrics.metrics_head.MetricsHead object at 0x0000017BBC3CA860>, <ray.dashboard.modules.data.data_head.DataHead object at 0x0000017BBE3ADC30>, <ray.dashboard.modules.event.event_head.EventHead object at 0x0000017BBE3ADA80>, <ray.dashboard.modules.healthz.healthz_head.HealthzHead object at 0x0000017BBE3ADA50>, <ray.dashboard.modules.job.job_head.JobHead object at 0x0000017BBE3AD8D0>, <ray.dashboard.modules.node.node_head.NodeHead object at 0x0000017BBE3AD870>, <ray.dashboard.modules.reporter.reporter_head.ReportHead object at 0x0000017BBE3AD840>, <ray.dashboard.modules.serve.serve_rest_api_impl.create_serve_rest_api.<locals>.ServeRestApiImpl object at 0x0000017BBE3AD810>, <ray.dashboard.modules.snapshot.snapshot_head.APIHead object at 0x0000017BBE3AD540>, <ray.dashboard.modules.state.state_head.StateHead object at 0x0000017BBE3AD510>, <ray.dashboard.modules.usage_stats.usage_stats_head.UsageStatsHead object at 0x0000017BBE3AD420>]
2024-05-25 19:43:25,895	INFO head.py:329 -- Initialize the http server.
2024-05-25 19:43:25,895	INFO http_server_head.py:81 -- Setup static dir for dashboard: C:\Users\alexp\AppData\Local\pypoetry\Cache\virtualenvs\bridge-robot-WMeMRp1k-py3.10\lib\site-packages\ray\dashboard\client\build
2024-05-25 19:43:25,903	INFO http_server_head.py:249 -- Dashboard head http address: 127.0.0.1:8265
2024-05-25 19:43:25,910	INFO http_server_head.py:255 -- <ResourceRoute [GET] <PlainResource  /logical/actors> -> <function ActorHead.get_all_actors[cache ttl=2, max_size=128] at 0x0000017BBCBB83A0>
2024-05-25 19:43:25,910	INFO http_server_head.py:255 -- <ResourceRoute [GET] <DynamicResource  /logical/actors/{actor_id}> -> <function ActorHead.get_actor[cache ttl=2, max_size=128] at 0x0000017BBCBB8550>
2024-05-25 19:43:25,910	INFO http_server_head.py:255 -- <ResourceRoute [GET] <PlainResource  /api/grafana_health> -> <function MetricsHead.grafana_health at 0x0000017BBCDB44C0>
2024-05-25 19:43:25,910	INFO http_server_head.py:255 -- <ResourceRoute [GET] <PlainResource  /api/prometheus_health> -> <function MetricsHead.prometheus_health at 0x0000017BBCDB45E0>
2024-05-25 19:43:25,911	INFO http_server_head.py:255 -- <ResourceRoute [GET] <DynamicResource  /api/data/datasets/{job_id}> -> <function DataHead.get_datasets at 0x0000017BBCDB4A60>
2024-05-25 19:43:25,911	INFO http_server_head.py:255 -- <ResourceRoute [GET] <PlainResource  /events> -> <function EventHead.get_event[cache ttl=2, max_size=128] at 0x0000017BBCDB5FC0>
2024-05-25 19:43:25,911	INFO http_server_head.py:255 -- <ResourceRoute [GET] <PlainResource  /api/gcs_healthz> -> <function HealthzHead.health_check at 0x0000017BBCDB6830>
2024-05-25 19:43:25,911	INFO http_server_head.py:255 -- <ResourceRoute [GET] <PlainResource  /api/version> -> <function JobHead.get_version at 0x0000017BBCF175B0>
2024-05-25 19:43:25,911	INFO http_server_head.py:255 -- <ResourceRoute [GET] <DynamicResource  /api/packages/{protocol}/{package_name}> -> <function JobHead.get_package at 0x0000017BBCF176D0>
2024-05-25 19:43:25,911	INFO http_server_head.py:255 -- <ResourceRoute [PUT] <DynamicResource  /api/packages/{protocol}/{package_name}> -> <function JobHead.upload_package at 0x0000017BBCF177F0>
2024-05-25 19:43:25,911	INFO http_server_head.py:255 -- <ResourceRoute [POST] <PlainResource  /api/jobs/> -> <function JobHead.submit_job at 0x0000017BBCF17910>
2024-05-25 19:43:25,911	INFO http_server_head.py:255 -- <ResourceRoute [POST] <DynamicResource  /api/jobs/{job_or_submission_id}/stop> -> <function JobHead.stop_job at 0x0000017BBCF17A30>
2024-05-25 19:43:25,911	INFO http_server_head.py:255 -- <ResourceRoute [DELETE] <DynamicResource  /api/jobs/{job_or_submission_id}> -> <function JobHead.delete_job at 0x0000017BBCF17B50>
2024-05-25 19:43:25,911	INFO http_server_head.py:255 -- <ResourceRoute [GET] <DynamicResource  /api/jobs/{job_or_submission_id}> -> <function JobHead.get_job_info at 0x0000017BBCF17C70>
2024-05-25 19:43:25,911	INFO http_server_head.py:255 -- <ResourceRoute [GET] <PlainResource  /api/jobs/> -> <function JobHead.list_jobs at 0x0000017BBCF17D90>
2024-05-25 19:43:25,911	INFO http_server_head.py:255 -- <ResourceRoute [GET] <DynamicResource  /api/jobs/{job_or_submission_id}/logs> -> <function JobHead.get_job_logs at 0x0000017BBCF17EB0>
2024-05-25 19:43:25,911	INFO http_server_head.py:255 -- <ResourceRoute [GET] <DynamicResource  /api/jobs/{job_or_submission_id}/logs/tail> -> <function JobHead.tail_job_logs at 0x0000017BBCF38040>
2024-05-25 19:43:25,911	INFO http_server_head.py:255 -- <ResourceRoute [GET] <PlainResource  /internal/node_module> -> <function NodeHead.get_node_module_internal_state at 0x0000017BBE3C12D0>
2024-05-25 19:43:25,911	INFO http_server_head.py:255 -- <ResourceRoute [GET] <PlainResource  /nodes> -> <function NodeHead.get_all_nodes[cache ttl=2, max_size=128] at 0x0000017BBE3C1480>
2024-05-25 19:43:25,911	INFO http_server_head.py:255 -- <ResourceRoute [GET] <DynamicResource  /nodes/{node_id}> -> <function NodeHead.get_node[cache ttl=2, max_size=128] at 0x0000017BBE3C1630>
2024-05-25 19:43:25,911	INFO http_server_head.py:255 -- <ResourceRoute [GET] <PlainResource  /api/v0/cluster_metadata> -> <function ReportHead.get_cluster_metadata at 0x0000017BBE2E29E0>
2024-05-25 19:43:25,911	INFO http_server_head.py:255 -- <ResourceRoute [GET] <PlainResource  /api/cluster_status> -> <function ReportHead.get_cluster_status at 0x0000017BBE2E2B00>
2024-05-25 19:43:25,911	INFO http_server_head.py:255 -- <ResourceRoute [GET] <PlainResource  /task/traceback> -> <function ReportHead.get_task_traceback at 0x0000017BBE2E2D40>
2024-05-25 19:43:25,911	INFO http_server_head.py:255 -- <ResourceRoute [GET] <PlainResource  /task/cpu_profile> -> <function ReportHead.get_task_cpu_profile at 0x0000017BBE2E2E60>
2024-05-25 19:43:25,911	INFO http_server_head.py:255 -- <ResourceRoute [GET] <PlainResource  /worker/traceback> -> <function ReportHead.get_traceback at 0x0000017BBE2E2F80>
2024-05-25 19:43:25,911	INFO http_server_head.py:255 -- <ResourceRoute [GET] <PlainResource  /worker/cpu_profile> -> <function ReportHead.cpu_profile at 0x0000017BBE2E30A0>
2024-05-25 19:43:25,911	INFO http_server_head.py:255 -- <ResourceRoute [GET] <PlainResource  /memory_profile> -> <function ReportHead.memory_profile at 0x0000017BBE2E31C0>
2024-05-25 19:43:25,919	INFO http_server_head.py:255 -- <ResourceRoute [GET] <PlainResource  /api/ray/version> -> <function create_serve_rest_api.<locals>.ServeRestApiImpl.get_version at 0x0000017BBE308430>
2024-05-25 19:43:25,919	INFO http_server_head.py:255 -- <ResourceRoute [GET] <PlainResource  /api/serve/applications/> -> <function create_serve_rest_api.<locals>.ServeRestApiImpl.get_serve_instance_details at 0x0000017BBE3084C0>
2024-05-25 19:43:25,919	INFO http_server_head.py:255 -- <ResourceRoute [DELETE] <PlainResource  /api/serve/applications/> -> <function create_serve_rest_api.<locals>.ServeRestApiImpl.delete_serve_applications at 0x0000017BBE308700>
2024-05-25 19:43:25,919	INFO http_server_head.py:255 -- <ResourceRoute [PUT] <PlainResource  /api/serve/applications/> -> <function create_serve_rest_api.<locals>.ServeRestApiImpl.put_all_applications at 0x0000017BBE3088B0>
2024-05-25 19:43:25,919	INFO http_server_head.py:255 -- <ResourceRoute [GET] <PlainResource  /api/actors/kill> -> <function APIHead.kill_actor_gcs at 0x0000017BBE309480>
2024-05-25 19:43:25,919	INFO http_server_head.py:255 -- <ResourceRoute [GET] <PlainResource  /api/component_activities> -> <function APIHead.get_component_activities at 0x0000017BBE3095A0>
2024-05-25 19:43:25,919	INFO http_server_head.py:255 -- <ResourceRoute [GET] <PlainResource  /api/v0/actors> -> <function StateHead.list_actors at 0x0000017BBE30A320>
2024-05-25 19:43:25,921	INFO http_server_head.py:255 -- <ResourceRoute [GET] <PlainResource  /api/v0/jobs> -> <function StateHead.list_jobs at 0x0000017BBE30A4D0>
2024-05-25 19:43:25,921	INFO http_server_head.py:255 -- <ResourceRoute [GET] <PlainResource  /api/v0/nodes> -> <function StateHead.list_nodes at 0x0000017BBE30A680>
2024-05-25 19:43:25,921	INFO http_server_head.py:255 -- <ResourceRoute [GET] <PlainResource  /api/v0/placement_groups> -> <function StateHead.list_placement_groups at 0x0000017BBE30A830>
2024-05-25 19:43:25,921	INFO http_server_head.py:255 -- <ResourceRoute [GET] <PlainResource  /api/v0/workers> -> <function StateHead.list_workers at 0x0000017BBE30A9E0>
2024-05-25 19:43:25,921	INFO http_server_head.py:255 -- <ResourceRoute [GET] <PlainResource  /api/v0/tasks> -> <function StateHead.list_tasks at 0x0000017BBE30AB90>
2024-05-25 19:43:25,921	INFO http_server_head.py:255 -- <ResourceRoute [GET] <PlainResource  /api/v0/objects> -> <function StateHead.list_objects at 0x0000017BBE30AD40>
2024-05-25 19:43:25,921	INFO http_server_head.py:255 -- <ResourceRoute [GET] <PlainResource  /api/v0/runtime_envs> -> <function StateHead.list_runtime_envs at 0x0000017BBE30AEF0>
2024-05-25 19:43:25,921	INFO http_server_head.py:255 -- <ResourceRoute [GET] <PlainResource  /api/v0/cluster_events> -> <function StateHead.list_cluster_events at 0x0000017BBE30B0A0>
2024-05-25 19:43:25,921	INFO http_server_head.py:255 -- <ResourceRoute [GET] <PlainResource  /api/v0/logs> -> <function StateHead.list_logs at 0x0000017BBE30B250>
2024-05-25 19:43:25,921	INFO http_server_head.py:255 -- <ResourceRoute [GET] <DynamicResource  /api/v0/logs/{media_type}> -> <function StateHead.get_logs at 0x0000017BBE30B400>
2024-05-25 19:43:25,921	INFO http_server_head.py:255 -- <ResourceRoute [GET] <PlainResource  /api/v0/tasks/summarize> -> <function StateHead.summarize_tasks at 0x0000017BBE30B640>
2024-05-25 19:43:25,921	INFO http_server_head.py:255 -- <ResourceRoute [GET] <PlainResource  /api/v0/actors/summarize> -> <function StateHead.summarize_actors at 0x0000017BBE30B7F0>
2024-05-25 19:43:25,921	INFO http_server_head.py:255 -- <ResourceRoute [GET] <PlainResource  /api/v0/objects/summarize> -> <function StateHead.summarize_objects at 0x0000017BBE30B9A0>
2024-05-25 19:43:25,921	INFO http_server_head.py:255 -- <ResourceRoute [GET] <PlainResource  /api/v0/tasks/timeline> -> <function StateHead.tasks_timeline at 0x0000017BBE30BB50>
2024-05-25 19:43:25,921	INFO http_server_head.py:255 -- <ResourceRoute [GET] <DynamicResource  /api/v0/delay/{delay_s}> -> <function StateHead.delayed_response at 0x0000017BBE30BC70>
2024-05-25 19:43:25,921	INFO http_server_head.py:255 -- <ResourceRoute [GET] <PlainResource  /usage_stats_enabled> -> <function UsageStatsHead.get_usage_stats_enabled at 0x0000017BBE394040>
2024-05-25 19:43:25,921	INFO http_server_head.py:255 -- <ResourceRoute [GET] <PlainResource  /> -> <function HttpServerDashboardHead.get_index at 0x0000017BBE394B80>
2024-05-25 19:43:25,921	INFO http_server_head.py:255 -- <ResourceRoute [GET] <PlainResource  /favicon.ico> -> <function HttpServerDashboardHead.get_favicon at 0x0000017BBE394CA0>
2024-05-25 19:43:25,921	INFO http_server_head.py:255 -- <ResourceRoute [GET] <StaticResource  /static -> WindowsPath('C:/Users/alexp/AppData/Local/pypoetry/Cache/virtualenvs/bridge-robot-WMeMRp1k-py3.10/Lib/site-packages/ray/dashboard/client/build/static')> -> <bound method StaticResource._handle of <StaticResource  /static -> WindowsPath('C:/Users/alexp/AppData/Local/pypoetry/Cache/virtualenvs/bridge-robot-WMeMRp1k-py3.10/Lib/site-packages/ray/dashboard/client/build/static')>>
2024-05-25 19:43:25,921	INFO http_server_head.py:256 -- Registered 53 routes.
2024-05-25 19:43:25,921	INFO head.py:332 -- http server initialized at 127.0.0.1:8265
2024-05-25 19:43:26,001	INFO event_utils.py:132 -- Monitor events logs modified after 1716660804.3941905 on C:\Users\alexp\AppData\Local\Temp\ray\session_2024-05-25_19-43-20_562179_2396\logs\events, the source types are all.
2024-05-25 19:43:26,001	INFO usage_stats_head.py:191 -- Usage reporting is disabled.
2024-05-25 19:43:26,010	INFO actor_head.py:101 -- Getting all actor info from GCS.
2024-05-25 19:43:26,027	INFO actor_head.py:123 -- Received 0 actor info from GCS.
2024-05-25 19:44:10,547	INFO event_utils.py:170 -- Found new event log file: C:\Users\alexp\AppData\Local\Temp\ray\session_2024-05-25_19-43-20_562179_2396\logs\events\event_CORE_WORKER_9536.log
2024-05-25 19:44:10,551	INFO event_utils.py:170 -- Found new event log file: C:\Users\alexp\AppData\Local\Temp\ray\session_2024-05-25_19-43-20_562179_2396\logs\events\event_RAYLET.log
