[2024-05-25 19:43:20,906 I 20792 20796] (gcs_server.exe) io_service_pool.cc:35: IOServicePool is running with 1 io_service.
[2024-05-25 19:43:20,920 I 20792 20796] (gcs_server.exe) event.cc:234: Set ray event level to warning
[2024-05-25 19:43:20,920 I 20792 20796] (gcs_server.exe) event.cc:342: Ray Event initialized for GCS
[2024-05-25 19:43:20,921 I 20792 20796] (gcs_server.exe) gcs_server.cc:74: GCS storage type is StorageType::IN_MEMORY
[2024-05-25 19:43:20,923 I 20792 20796] (gcs_server.exe) gcs_init_data.cc:42: Loading job table data.
[2024-05-25 19:43:20,923 I 20792 20796] (gcs_server.exe) gcs_init_data.cc:54: Loading node table data.
[2024-05-25 19:43:20,923 I 20792 20796] (gcs_server.exe) gcs_init_data.cc:80: Loading actor table data.
[2024-05-25 19:43:20,923 I 20792 20796] (gcs_server.exe) gcs_init_data.cc:93: Loading actor task spec table data.
[2024-05-25 19:43:20,923 I 20792 20796] (gcs_server.exe) gcs_init_data.cc:66: Loading placement group table data.
[2024-05-25 19:43:20,923 I 20792 20796] (gcs_server.exe) gcs_init_data.cc:46: Finished loading job table data, size = 0
[2024-05-25 19:43:20,923 I 20792 20796] (gcs_server.exe) gcs_init_data.cc:58: Finished loading node table data, size = 0
[2024-05-25 19:43:20,923 I 20792 20796] (gcs_server.exe) gcs_init_data.cc:84: Finished loading actor table data, size = 0
[2024-05-25 19:43:20,923 I 20792 20796] (gcs_server.exe) gcs_init_data.cc:97: Finished loading actor task spec table data, size = 0
[2024-05-25 19:43:20,923 I 20792 20796] (gcs_server.exe) gcs_init_data.cc:71: Finished loading placement group table data, size = 0
[2024-05-25 19:43:20,924 I 20792 20796] (gcs_server.exe) gcs_server.cc:162: No existing server cluster ID found. Generating new ID: a33b05b34fcc738477c95f4218e880ad8f77e9d254baac742b66c949
[2024-05-25 19:43:20,925 I 20792 20796] (gcs_server.exe) gcs_server.cc:648: Autoscaler V2 enabled: 0
[2024-05-25 19:43:20,927 I 20792 20796] (gcs_server.exe) grpc_server.cc:134: GcsServer server started, listening on port 59239.
[2024-05-25 19:43:21,046 I 20792 20796] (gcs_server.exe) gcs_server.cc:250: GcsNodeManager: 
- RegisterNode request count: 0
- DrainNode request count: 0
- GetAllNodeInfo request count: 0
- GetInternalConfig request count: 0

GcsActorManager: 
- RegisterActor request count: 0
- CreateActor request count: 0
- GetActorInfo request count: 0
- GetNamedActorInfo request count: 0
- GetAllActorInfo request count: 0
- KillActor request count: 0
- ListNamedActors request count: 0
- Registered actors count: 0
- Destroyed actors count: 0
- Named actors count: 0
- Unresolved actors count: 0
- Pending actors count: 0
- Created actors count: 0
- owners_: 0
- actor_to_register_callbacks_: 0
- actor_to_create_callbacks_: 0
- sorted_destroyed_actor_list_: 0

GcsResourceManager: 
- GetAllAvailableResources request count0
- GetAllResourceUsage request count: 0

GcsPlacementGroupManager: 
- CreatePlacementGroup request count: 0
- RemovePlacementGroup request count: 0
- GetPlacementGroup request count: 0
- GetAllPlacementGroup request count: 0
- WaitPlacementGroupUntilReady request count: 0
- GetNamedPlacementGroup request count: 0
- Scheduling pending placement group count: 0
- Registered placement groups count: 0
- Named placement group count: 0
- Pending placement groups count: 0
- Infeasible placement groups count: 0

Publisher:

[runtime env manager] ID to URIs table:
[runtime env manager] URIs reference table:

GcsTaskManager: 
-Total num task events reported: 0
-Total num status task events dropped: 0
-Total num profile events dropped: 0
-Current num of task events stored: 0
-Total num of actor creation tasks: 0
-Total num of actor tasks: 0
-Total num of normal tasks: 0
-Total num of driver tasks: 0


[2024-05-25 19:43:21,047 I 20792 20796] (gcs_server.exe) gcs_server.cc:844: Event stats:


Global stats: 21 total (10 active)
Queueing time: mean = 17.429 ms, max = 122.074 ms, min = 6.600 us, total = 366.018 ms
Execution time:  mean = 5.839 ms, total = 122.623 ms
Event stats:
	InternalKVGcsService.grpc_client.InternalKVPut - 6 total (6 active), Execution time: mean = 0.000 s, total = 0.000 s, Queueing time: mean = 0.000 s, max = -0.000 s, min = 9223372036.855 s, total = 0.000 s
	GcsInMemoryStore.GetAll - 5 total (0 active), Execution time: mean = 26.720 us, total = 133.600 us, Queueing time: mean = 190.160 us, max = 505.600 us, min = 99.800 us, total = 950.800 us
	PeriodicalRunner.RunFnPeriodically - 4 total (2 active, 1 running), Execution time: mean = 6.900 us, total = 27.600 us, Queueing time: mean = 60.994 ms, max = 122.074 ms, min = 121.901 ms, total = 243.975 ms
	GcsInMemoryStore.Put - 3 total (0 active), Execution time: mean = 40.801 ms, total = 122.402 ms, Queueing time: mean = 40.362 ms, max = 121.060 ms, min = 9.200 us, total = 121.086 ms
	RayletLoadPulled - 1 total (1 active), Execution time: mean = 0.000 s, total = 0.000 s, Queueing time: mean = 0.000 s, max = -0.000 s, min = 9223372036.855 s, total = 0.000 s
	GcsInMemoryStore.Get - 1 total (0 active), Execution time: mean = 59.700 us, total = 59.700 us, Queueing time: mean = 6.600 us, max = 6.600 us, min = 6.600 us, total = 6.600 us
	ClusterResourceManager.ResetRemoteNodeView - 1 total (1 active), Execution time: mean = 0.000 s, total = 0.000 s, Queueing time: mean = 0.000 s, max = -0.000 s, min = 9223372036.855 s, total = 0.000 s


[2024-05-25 19:43:21,047 I 20792 20796] (gcs_server.exe) gcs_server.cc:845: GcsTaskManager Event stats:


Global stats: 2 total (1 active)
Queueing time: mean = 12.000 us, max = 24.000 us, min = 24.000 us, total = 24.000 us
Execution time:  mean = 9.400 us, total = 18.800 us
Event stats:
	PeriodicalRunner.RunFnPeriodically - 1 total (0 active), Execution time: mean = 18.800 us, total = 18.800 us, Queueing time: mean = 24.000 us, max = 24.000 us, min = 24.000 us, total = 24.000 us
	GcsTaskManager.GcJobSummary - 1 total (1 active), Execution time: mean = 0.000 s, total = 0.000 s, Queueing time: mean = 0.000 s, max = -0.000 s, min = 9223372036.855 s, total = 0.000 s


[2024-05-25 19:43:26,154 I 20792 20796] (gcs_server.exe) gcs_node_manager.cc:55: Registering node info, node id = d863ee0daa3c11ba1854014e9f17b10c7441806a22cda2c6762c7d93, address = 127.0.0.1, node name = 127.0.0.1
[2024-05-25 19:43:26,156 I 20792 20796] (gcs_server.exe) gcs_node_manager.cc:61: Finished registering node info, node id = d863ee0daa3c11ba1854014e9f17b10c7441806a22cda2c6762c7d93, address = 127.0.0.1, node name = 127.0.0.1
[2024-05-25 19:43:26,157 I 20792 20796] (gcs_server.exe) gcs_placement_group_manager.cc:797: A new node: d863ee0daa3c11ba1854014e9f17b10c7441806a22cda2c6762c7d93 registered, will try to reschedule all the infeasible placement groups.
[2024-05-25 19:43:31,007 I 20792 20796] (gcs_server.exe) gcs_job_manager.cc:42: Adding job, job id = 01000000, driver pid = 2396
[2024-05-25 19:43:31,041 I 20792 20796] (gcs_server.exe) gcs_job_manager.cc:57: Finished adding job, job id = 01000000, driver pid = 2396
[2024-05-25 19:43:32,508 I 20792 20796] (gcs_server.exe) gcs_actor_manager.cc:262: Registering actor, job id = 01000000, actor id = e9988523e550ec3ff259339601000000
[2024-05-25 19:43:32,516 I 20792 20796] (gcs_server.exe) gcs_actor_manager.cc:268: Registered actor, job id = 01000000, actor id = e9988523e550ec3ff259339601000000
[2024-05-25 19:43:32,526 I 20792 20796] (gcs_server.exe) gcs_actor_manager.cc:287: Creating actor, job id = 01000000, actor id = e9988523e550ec3ff259339601000000
[2024-05-25 19:43:32,527 I 20792 20796] (gcs_server.exe) gcs_actor_scheduler.cc:312: Start leasing worker from node d863ee0daa3c11ba1854014e9f17b10c7441806a22cda2c6762c7d93 for actor e9988523e550ec3ff259339601000000, job id = 01000000
[2024-05-25 19:43:32,544 I 20792 20796] (gcs_server.exe) gcs_actor_manager.cc:262: Registering actor, job id = 01000000, actor id = a0969a40c30cc87f6065980101000000
[2024-05-25 19:43:32,545 I 20792 20796] (gcs_server.exe) gcs_actor_manager.cc:268: Registered actor, job id = 01000000, actor id = a0969a40c30cc87f6065980101000000
[2024-05-25 19:43:32,548 I 20792 20796] (gcs_server.exe) gcs_actor_manager.cc:287: Creating actor, job id = 01000000, actor id = a0969a40c30cc87f6065980101000000
[2024-05-25 19:43:32,549 I 20792 20796] (gcs_server.exe) gcs_actor_scheduler.cc:312: Start leasing worker from node d863ee0daa3c11ba1854014e9f17b10c7441806a22cda2c6762c7d93 for actor a0969a40c30cc87f6065980101000000, job id = 01000000
[2024-05-25 19:43:33,693 W 20792 20860] (gcs_server.exe) metric_exporter.cc:105: [1] Export metrics to agent failed: GrpcUnknown: RPC Error message: Method not found!; RPC Error details: . This won't affect Ray, but you can lose metrics from the cluster.
[2024-05-25 19:43:35,579 I 20792 20796] (gcs_server.exe) gcs_actor_scheduler.cc:633: Finished leasing worker from d863ee0daa3c11ba1854014e9f17b10c7441806a22cda2c6762c7d93 for actor a0969a40c30cc87f6065980101000000, job id = 01000000
[2024-05-25 19:43:35,582 I 20792 20796] (gcs_server.exe) gcs_actor_scheduler.cc:447: Start creating actor a0969a40c30cc87f6065980101000000 on worker 3754e43803fb89662d70e9357439ae204802902eeb13526a52f9386b at node d863ee0daa3c11ba1854014e9f17b10c7441806a22cda2c6762c7d93, job id = 01000000
[2024-05-25 19:43:35,755 I 20792 20796] (gcs_server.exe) gcs_actor_scheduler.cc:633: Finished leasing worker from d863ee0daa3c11ba1854014e9f17b10c7441806a22cda2c6762c7d93 for actor e9988523e550ec3ff259339601000000, job id = 01000000
[2024-05-25 19:43:35,757 I 20792 20796] (gcs_server.exe) gcs_actor_scheduler.cc:447: Start creating actor e9988523e550ec3ff259339601000000 on worker 07cf025b3b8029d5c166ce3b8e35f7fcc3a8e47c584f1ab2c28646af at node d863ee0daa3c11ba1854014e9f17b10c7441806a22cda2c6762c7d93, job id = 01000000
[2024-05-25 19:43:37,465 I 20792 20796] (gcs_server.exe) gcs_actor_scheduler.cc:484: Finished actor creation task for actor e9988523e550ec3ff259339601000000 on worker 07cf025b3b8029d5c166ce3b8e35f7fcc3a8e47c584f1ab2c28646af at node d863ee0daa3c11ba1854014e9f17b10c7441806a22cda2c6762c7d93, job id = 01000000
[2024-05-25 19:43:37,465 I 20792 20796] (gcs_server.exe) gcs_actor_manager.cc:1289: Actor created successfully, actor id = e9988523e550ec3ff259339601000000, job id = 01000000
[2024-05-25 19:43:37,479 I 20792 20796] (gcs_server.exe) gcs_actor_manager.cc:303: Finished creating actor, job id = 01000000, actor id = e9988523e550ec3ff259339601000000, status = OK
[2024-05-25 19:43:47,460 I 20792 20796] (gcs_server.exe) gcs_actor_scheduler.cc:484: Finished actor creation task for actor a0969a40c30cc87f6065980101000000 on worker 3754e43803fb89662d70e9357439ae204802902eeb13526a52f9386b at node d863ee0daa3c11ba1854014e9f17b10c7441806a22cda2c6762c7d93, job id = 01000000
[2024-05-25 19:43:47,460 I 20792 20796] (gcs_server.exe) gcs_actor_manager.cc:1289: Actor created successfully, actor id = a0969a40c30cc87f6065980101000000, job id = 01000000
[2024-05-25 19:43:47,460 I 20792 20796] (gcs_server.exe) gcs_actor_manager.cc:303: Finished creating actor, job id = 01000000, actor id = a0969a40c30cc87f6065980101000000, status = OK
[2024-05-25 19:43:58,904 I 20792 20796] (gcs_server.exe) gcs_actor_manager.cc:262: Registering actor, job id = 01000000, actor id = 07302b4edb8ef8410a74623001000000
[2024-05-25 19:43:58,905 I 20792 20796] (gcs_server.exe) gcs_actor_manager.cc:268: Registered actor, job id = 01000000, actor id = 07302b4edb8ef8410a74623001000000
[2024-05-25 19:43:58,906 I 20792 20796] (gcs_server.exe) gcs_actor_manager.cc:287: Creating actor, job id = 01000000, actor id = 07302b4edb8ef8410a74623001000000
[2024-05-25 19:43:58,906 I 20792 20796] (gcs_server.exe) gcs_actor_scheduler.cc:312: Start leasing worker from node d863ee0daa3c11ba1854014e9f17b10c7441806a22cda2c6762c7d93 for actor 07302b4edb8ef8410a74623001000000, job id = 01000000
[2024-05-25 19:43:59,634 I 20792 20796] (gcs_server.exe) gcs_actor_scheduler.cc:633: Finished leasing worker from d863ee0daa3c11ba1854014e9f17b10c7441806a22cda2c6762c7d93 for actor 07302b4edb8ef8410a74623001000000, job id = 01000000
[2024-05-25 19:43:59,635 I 20792 20796] (gcs_server.exe) gcs_actor_scheduler.cc:447: Start creating actor 07302b4edb8ef8410a74623001000000 on worker 5a1c5063d45bc8844660f12a5293534a88ef93bc704ab3d652ebbc05 at node d863ee0daa3c11ba1854014e9f17b10c7441806a22cda2c6762c7d93, job id = 01000000
[2024-05-25 19:44:10,004 W 20792 20796] (gcs_server.exe) gcs_worker_manager.cc:55: Reporting worker exit, worker id = 5a1c5063d45bc8844660f12a5293534a88ef93bc704ab3d652ebbc05, node id = d863ee0daa3c11ba1854014e9f17b10c7441806a22cda2c6762c7d93, address = 127.0.0.1, exit_type = SYSTEM_ERROR, exit_detail = Worker unexpectedly exits with a connection error code 10054. An existing connection was forcibly closed by the remote host. There are some potential root causes. (1) The process is killed by SIGKILL by OOM killer due to high memory usage. (2) ray stop --force is called. (3) The worker is crashed unexpectedly due to SIGSEGV or other unexpected errors.. Unintentional worker failures have been reported. If there are lots of this logs, that might indicate there are unexpected failures in the cluster.
[2024-05-25 19:44:10,004 W 20792 20796] (gcs_server.exe) gcs_actor_manager.cc:970: Worker 5a1c5063d45bc8844660f12a5293534a88ef93bc704ab3d652ebbc05 on node d863ee0daa3c11ba1854014e9f17b10c7441806a22cda2c6762c7d93 exits, type=SYSTEM_ERROR, has creation_task_exception = 0
[2024-05-25 19:44:10,004 I 20792 20796] (gcs_server.exe) gcs_actor_manager.cc:1167: Actor 07302b4edb8ef8410a74623001000000 is failed on worker 5a1c5063d45bc8844660f12a5293534a88ef93bc704ab3d652ebbc05 at node d863ee0daa3c11ba1854014e9f17b10c7441806a22cda2c6762c7d93, need_reschedule = 1, death context type = ActorDiedErrorContext, remaining_restarts = 0, job id = 01000000
[2024-05-25 19:44:21,050 I 20792 20796] (gcs_server.exe) gcs_server.cc:250: GcsNodeManager: 
- RegisterNode request count: 1
- DrainNode request count: 0
- GetAllNodeInfo request count: 40
- GetInternalConfig request count: 1

GcsActorManager: 
- RegisterActor request count: 3
- CreateActor request count: 3
- GetActorInfo request count: 2
- GetNamedActorInfo request count: 0
- GetAllActorInfo request count: 1
- KillActor request count: 0
- ListNamedActors request count: 0
- Registered actors count: 3
- Destroyed actors count: 0
- Named actors count: 0
- Unresolved actors count: 0
- Pending actors count: 0
- Created actors count: 1
- owners_: 1
- actor_to_register_callbacks_: 0
- actor_to_create_callbacks_: 1
- sorted_destroyed_actor_list_: 0

GcsResourceManager: 
- GetAllAvailableResources request count0
- GetAllResourceUsage request count: 12

GcsPlacementGroupManager: 
- CreatePlacementGroup request count: 0
- RemovePlacementGroup request count: 0
- GetPlacementGroup request count: 0
- GetAllPlacementGroup request count: 0
- WaitPlacementGroupUntilReady request count: 0
- GetNamedPlacementGroup request count: 0
- Scheduling pending placement group count: 0
- Registered placement groups count: 0
- Named placement group count: 0
- Pending placement groups count: 0
- Infeasible placement groups count: 0

Publisher:
GCS_NODE_INFO_CHANNEL
- cumulative published messages: 1
- cumulative published bytes: 380
- current buffered bytes: 0
GCS_ACTOR_CHANNEL
- cumulative published messages: 9
- cumulative published bytes: 3243
- current buffered bytes: 1530
RAY_ERROR_INFO_CHANNEL
- cumulative published messages: 1
- cumulative published bytes: 860
- current buffered bytes: 860
GCS_WORKER_DELTA_CHANNEL
- cumulative published messages: 1
- cumulative published bytes: 97
- current buffered bytes: 97
GCS_JOB_CHANNEL
- cumulative published messages: 1
- cumulative published bytes: 532
- current buffered bytes: 532
RAY_LOG_CHANNEL
- cumulative published messages: 16
- cumulative published bytes: 17035
- current buffered bytes: 800

[runtime env manager] ID to URIs table:
[runtime env manager] URIs reference table:

GcsTaskManager: 
-Total num task events reported: 18
-Total num status task events dropped: 0
-Total num profile events dropped: 0
-Current num of task events stored: 7
-Total num of actor creation tasks: 3
-Total num of actor tasks: 2
-Total num of normal tasks: 0
-Total num of driver tasks: 1


[2024-05-25 19:44:21,052 I 20792 20796] (gcs_server.exe) gcs_server.cc:844: Event stats:


Global stats: 1390 total (8 active)
Queueing time: mean = 2.396 ms, max = 302.131 ms, min = -0.001 s, total = 3.330 s
Execution time:  mean = 38.363 ms, total = 53.325 s
Event stats:
	GcsInMemoryStore.Put - 144 total (0 active), Execution time: mean = 1.088 ms, total = 156.704 ms, Queueing time: mean = 1.053 ms, max = 121.060 ms, min = 3.455 us, total = 151.620 ms
	GcsInMemoryStore.Get - 130 total (0 active), Execution time: mean = 534.932 us, total = 69.541 ms, Queueing time: mean = 95.673 us, max = 2.959 ms, min = 3.627 us, total = 12.437 ms
	InternalKVGcsService.grpc_server.InternalKVGet.HandleRequestImpl - 127 total (0 active), Execution time: mean = 66.230 us, total = 8.411 ms, Queueing time: mean = 4.172 ms, max = 72.797 ms, min = 10.103 us, total = 529.810 ms
	InternalKVGcsService.grpc_server.InternalKVGet - 127 total (0 active), Execution time: mean = 4.828 ms, total = 613.120 ms, Queueing time: mean = 0.000 s, max = -0.000 s, min = 9223372036.855 s, total = 0.000 s
	InternalKVGcsService.grpc_server.InternalKVPut - 114 total (0 active), Execution time: mean = 1.344 ms, total = 153.216 ms, Queueing time: mean = 0.000 s, max = -0.000 s, min = 9223372036.855 s, total = 0.000 s
	InternalKVGcsService.grpc_server.InternalKVPut.HandleRequestImpl - 114 total (0 active), Execution time: mean = 50.426 us, total = 5.749 ms, Queueing time: mean = 835.160 us, max = 15.280 ms, min = 12.341 us, total = 95.208 ms
	InternalKVGcsService.grpc_client.InternalKVPut - 73 total (0 active), Execution time: mean = 2.108 ms, total = 153.879 ms, Queueing time: mean = 0.000 s, max = -0.000 s, min = 9223372036.855 s, total = 0.000 s
	InternalKVGcsService.grpc_client.InternalKVPut.OnReplyReceived - 73 total (0 active), Execution time: mean = 50.563 us, total = 3.691 ms, Queueing time: mean = 242.703 us, max = 2.639 ms, min = 7.887 us, total = 17.717 ms
	RayletLoadPulled - 59 total (1 active), Execution time: mean = 565.737 us, total = 33.379 ms, Queueing time: mean = 17.318 ms, max = 302.131 ms, min = -0.001 s, total = 1.022 s
	NodeManagerService.grpc_client.GetResourceLoad - 53 total (0 active), Execution time: mean = 5.879 ms, total = 311.594 ms, Queueing time: mean = 0.000 s, max = -0.000 s, min = 9223372036.855 s, total = 0.000 s
	NodeManagerService.grpc_client.GetResourceLoad.OnReplyReceived - 53 total (0 active), Execution time: mean = 75.456 us, total = 3.999 ms, Queueing time: mean = 2.910 ms, max = 40.194 ms, min = 11.929 us, total = 154.233 ms
	NodeInfoGcsService.grpc_server.GetAllNodeInfo - 40 total (0 active), Execution time: mean = 4.657 ms, total = 186.278 ms, Queueing time: mean = 0.000 s, max = -0.000 s, min = 9223372036.855 s, total = 0.000 s
	NodeInfoGcsService.grpc_server.GetAllNodeInfo.HandleRequestImpl - 40 total (0 active), Execution time: mean = 229.720 us, total = 9.189 ms, Queueing time: mean = 4.106 ms, max = 30.643 ms, min = 14.552 us, total = 164.259 ms
	NodeInfoGcsService.grpc_server.CheckAlive - 22 total (0 active), Execution time: mean = 852.017 us, total = 18.744 ms, Queueing time: mean = 0.000 s, max = -0.000 s, min = 9223372036.855 s, total = 0.000 s
	NodeInfoGcsService.grpc_server.CheckAlive.HandleRequestImpl - 22 total (0 active), Execution time: mean = 53.615 us, total = 1.180 ms, Queueing time: mean = 476.091 us, max = 3.439 ms, min = 13.620 us, total = 10.474 ms
	NodeInfoGcsService.grpc_server.GetClusterId - 20 total (0 active), Execution time: mean = 2.304 ms, total = 46.080 ms, Queueing time: mean = 0.000 s, max = -0.000 s, min = 9223372036.855 s, total = 0.000 s
	NodeInfoGcsService.grpc_server.GetClusterId.HandleRequestImpl - 20 total (0 active), Execution time: mean = 53.726 us, total = 1.075 ms, Queueing time: mean = 1.974 ms, max = 16.424 ms, min = 14.451 us, total = 39.486 ms
	ClusterResourceManager.ResetRemoteNodeView - 20 total (1 active), Execution time: mean = 13.904 us, total = 278.076 us, Queueing time: mean = 18.741 ms, max = 175.959 ms, min = 1.478 ms, total = 374.819 ms
	HealthCheck - 17 total (0 active), Execution time: mean = 8.579 us, total = 145.851 us, Queueing time: mean = 1.922 ms, max = 31.236 ms, min = 13.210 us, total = 32.672 ms
	NodeResourceInfoGcsService.grpc_server.GetAllResourceUsage - 12 total (0 active), Execution time: mean = 6.695 ms, total = 80.340 ms, Queueing time: mean = 0.000 s, max = -0.000 s, min = 9223372036.855 s, total = 0.000 s
	NodeResourceInfoGcsService.grpc_server.GetAllResourceUsage.HandleRequestImpl - 12 total (0 active), Execution time: mean = 3.051 ms, total = 36.610 ms, Queueing time: mean = 3.388 ms, max = 21.499 ms, min = 18.287 us, total = 40.657 ms
	WorkerInfoGcsService.grpc_server.AddWorkerInfo.HandleRequestImpl - 12 total (0 active), Execution time: mean = 6.966 ms, total = 83.596 ms, Queueing time: mean = 24.575 ms, max = 99.641 ms, min = 28.245 us, total = 294.899 ms
	WorkerInfoGcsService.grpc_server.AddWorkerInfo - 12 total (0 active), Execution time: mean = 32.510 ms, total = 390.124 ms, Queueing time: mean = 0.000 s, max = -0.000 s, min = 9223372036.855 s, total = 0.000 s
	GcsInMemoryStore.GetAll - 7 total (0 active), Execution time: mean = 80.436 us, total = 563.055 us, Queueing time: mean = 138.574 us, max = 505.600 us, min = 8.410 us, total = 970.021 us
	GCSServer.deadline_timer.debug_state_dump - 6 total (1 active), Execution time: mean = 2.655 ms, total = 15.931 ms, Queueing time: mean = 9.821 ms, max = 25.651 ms, min = 3.562 ms, total = 58.926 ms
	PeriodicalRunner.RunFnPeriodically - 4 total (0 active), Execution time: mean = 1.651 ms, total = 6.602 ms, Queueing time: mean = 61.265 ms, max = 122.074 ms, min = 83.400 us, total = 245.059 ms
	GcsResourceManager::Update - 4 total (0 active), Execution time: mean = 97.904 us, total = 391.615 us, Queueing time: mean = 4.102 ms, max = 14.339 ms, min = 16.454 us, total = 16.408 ms
	CoreWorkerService.grpc_client.WaitForActorOutOfScope - 3 total (3 active), Execution time: mean = 0.000 s, total = 0.000 s, Queueing time: mean = 0.000 s, max = -0.000 s, min = 9223372036.855 s, total = 0.000 s
	ActorInfoGcsService.grpc_server.CreateActor.HandleRequestImpl - 3 total (0 active), Execution time: mean = 1.245 ms, total = 3.734 ms, Queueing time: mean = 184.497 us, max = 468.917 us, min = 31.524 us, total = 553.492 us
	NodeManagerService.grpc_client.RequestWorkerLease - 3 total (0 active), Execution time: mean = 2.321 s, total = 6.964 s, Queueing time: mean = 0.000 s, max = -0.000 s, min = 9223372036.855 s, total = 0.000 s
	ActorInfoGcsService.grpc_server.CreateActor - 3 total (1 active), Execution time: mean = 6.622 s, total = 19.867 s, Queueing time: mean = 0.000 s, max = -0.000 s, min = 9223372036.855 s, total = 0.000 s
	ActorInfoGcsService.grpc_server.RegisterActor - 3 total (0 active), Execution time: mean = 5.031 ms, total = 15.093 ms, Queueing time: mean = 0.000 s, max = -0.000 s, min = 9223372036.855 s, total = 0.000 s
	ActorInfoGcsService.grpc_server.RegisterActor.HandleRequestImpl - 3 total (0 active), Execution time: mean = 3.550 ms, total = 10.651 ms, Queueing time: mean = 348.051 us, max = 1.003 ms, min = 12.863 us, total = 1.044 ms
	CoreWorkerService.grpc_client.PushTask - 3 total (0 active), Execution time: mean = 7.972 s, total = 23.917 s, Queueing time: mean = 0.000 s, max = -0.000 s, min = 9223372036.855 s, total = 0.000 s
	NodeManagerService.grpc_client.RequestWorkerLease.OnReplyReceived - 3 total (0 active), Execution time: mean = 1.862 ms, total = 5.585 ms, Queueing time: mean = 7.003 ms, max = 18.381 ms, min = 13.953 us, total = 21.009 ms
	CoreWorkerService.grpc_client.PushTask.OnReplyReceived - 3 total (0 active), Execution time: mean = 5.117 ms, total = 15.350 ms, Queueing time: mean = 3.762 ms, max = 11.229 ms, min = 19.850 us, total = 11.286 ms
	ActorInfoGcsService.grpc_server.GetActorInfo - 2 total (0 active), Execution time: mean = 523.630 us, total = 1.047 ms, Queueing time: mean = 0.000 s, max = -0.000 s, min = 9223372036.855 s, total = 0.000 s
	ActorInfoGcsService.grpc_server.GetActorInfo.HandleRequestImpl - 2 total (0 active), Execution time: mean = 201.196 us, total = 402.393 us, Queueing time: mean = 334.868 us, max = 647.094 us, min = 22.643 us, total = 669.737 us
	JobInfoGcsService.grpc_server.AddJob - 1 total (0 active), Execution time: mean = 43.991 ms, total = 43.991 ms, Queueing time: mean = 0.000 s, max = -0.000 s, min = 9223372036.855 s, total = 0.000 s
	NodeInfoGcsService.grpc_server.RegisterNode.HandleRequestImpl - 1 total (0 active), Execution time: mean = 1.742 ms, total = 1.742 ms, Queueing time: mean = 23.870 us, max = 23.870 us, min = 23.870 us, total = 23.870 us
	InternalKVGcsService.grpc_server.InternalKVDel - 1 total (0 active), Execution time: mean = 2.084 ms, total = 2.084 ms, Queueing time: mean = 0.000 s, max = -0.000 s, min = 9223372036.855 s, total = 0.000 s
	NodeInfoGcsService.grpc_server.GetInternalConfig.HandleRequestImpl - 1 total (0 active), Execution time: mean = 358.036 us, total = 358.036 us, Queueing time: mean = 22.063 us, max = 22.063 us, min = 22.063 us, total = 22.063 us
	NodeInfoGcsService.grpc_server.RegisterNode - 1 total (0 active), Execution time: mean = 5.149 ms, total = 5.149 ms, Queueing time: mean = 0.000 s, max = -0.000 s, min = 9223372036.855 s, total = 0.000 s
	JobInfoGcsService.grpc_server.ReportJobError - 1 total (0 active), Execution time: mean = 13.339 ms, total = 13.339 ms, Queueing time: mean = 0.000 s, max = -0.000 s, min = 9223372036.855 s, total = 0.000 s
	GcsInMemoryStore.BatchDelete - 1 total (0 active), Execution time: mean = 11.515 us, total = 11.515 us, Queueing time: mean = 350.524 us, max = 350.524 us, min = 350.524 us, total = 350.524 us
	NodeInfoGcsService.grpc_server.GetInternalConfig - 1 total (0 active), Execution time: mean = 878.809 us, total = 878.809 us, Queueing time: mean = 0.000 s, max = -0.000 s, min = 9223372036.855 s, total = 0.000 s
	GcsInMemoryStore.Delete - 1 total (0 active), Execution time: mean = 435.663 us, total = 435.663 us, Queueing time: mean = 15.162 us, max = 15.162 us, min = 15.162 us, total = 15.162 us
	ActorInfoGcsService.grpc_server.GetAllActorInfo.HandleRequestImpl - 1 total (0 active), Execution time: mean = 357.390 us, total = 357.390 us, Queueing time: mean = 11.704 us, max = 11.704 us, min = 11.704 us, total = 11.704 us
	JobInfoGcsService.grpc_server.GetAllJobInfo.HandleRequestImpl - 1 total (0 active), Execution time: mean = 379.361 us, total = 379.361 us, Queueing time: mean = 33.175 us, max = 33.175 us, min = 33.175 us, total = 33.175 us
	JobInfoGcsService.grpc_server.AddJob.HandleRequestImpl - 1 total (0 active), Execution time: mean = 24.482 ms, total = 24.482 ms, Queueing time: mean = 9.700 ms, max = 9.700 ms, min = 9.700 ms, total = 9.700 ms
	JobInfoGcsService.grpc_server.GetNextJobID - 1 total (0 active), Execution time: mean = 200.867 us, total = 200.867 us, Queueing time: mean = 0.000 s, max = -0.000 s, min = 9223372036.855 s, total = 0.000 s
	WorkerInfoGcsService.grpc_server.ReportWorkerFailure - 1 total (0 active), Execution time: mean = 36.666 ms, total = 36.666 ms, Queueing time: mean = 0.000 s, max = -0.000 s, min = 9223372036.855 s, total = 0.000 s
	WorkerInfoGcsService.grpc_server.ReportWorkerFailure.HandleRequestImpl - 1 total (0 active), Execution time: mean = 2.277 ms, total = 2.277 ms, Queueing time: mean = 11.144 ms, max = 11.144 ms, min = 11.144 ms, total = 11.144 ms
	InternalKVGcsService.grpc_server.InternalKVDel.HandleRequestImpl - 1 total (0 active), Execution time: mean = 316.663 us, total = 316.663 us, Queueing time: mean = 31.082 us, max = 31.082 us, min = 31.082 us, total = 31.082 us
	GcsHealthCheckManager::AddNode - 1 total (0 active), Execution time: mean = 214.648 us, total = 214.648 us, Queueing time: mean = 1.642 us, max = 1.642 us, min = 1.642 us, total = 1.642 us
	JobInfoGcsService.grpc_server.ReportJobError.HandleRequestImpl - 1 total (0 active), Execution time: mean = 274.769 us, total = 274.769 us, Queueing time: mean = 12.833 ms, max = 12.833 ms, min = 12.833 ms, total = 12.833 ms
	JobInfoGcsService.grpc_server.GetNextJobID.HandleRequestImpl - 1 total (0 active), Execution time: mean = 16.345 us, total = 16.345 us, Queueing time: mean = 18.430 us, max = 18.430 us, min = 18.430 us, total = 18.430 us
	JobInfoGcsService.grpc_server.GetAllJobInfo - 1 total (0 active), Execution time: mean = 986.564 us, total = 986.564 us, Queueing time: mean = 0.000 s, max = -0.000 s, min = 9223372036.855 s, total = 0.000 s
	GCSServer.deadline_timer.debug_state_event_stats_print - 1 total (1 active, 1 running), Execution time: mean = 0.000 s, total = 0.000 s, Queueing time: mean = 0.000 s, max = -0.000 s, min = 9223372036.855 s, total = 0.000 s
	ActorInfoGcsService.grpc_server.GetAllActorInfo - 1 total (0 active), Execution time: mean = 545.843 us, total = 545.843 us, Queueing time: mean = 0.000 s, max = -0.000 s, min = 9223372036.855 s, total = 0.000 s


[2024-05-25 19:44:21,052 I 20792 20796] (gcs_server.exe) gcs_server.cc:845: GcsTaskManager Event stats:


Global stats: 1124 total (2 active)
Queueing time: mean = 352.742 us, max = 35.958 ms, min = 8.265 us, total = 396.482 ms
Execution time:  mean = 482.272 us, total = 542.074 ms
Event stats:
	TaskInfoGcsService.grpc_server.AddTaskEventData - 555 total (1 active), Execution time: mean = 859.420 us, total = 476.978 ms, Queueing time: mean = 0.000 s, max = -0.000 s, min = 9223372036.855 s, total = 0.000 s
	TaskInfoGcsService.grpc_server.AddTaskEventData.HandleRequestImpl - 555 total (0 active), Execution time: mean = 116.833 us, total = 64.843 ms, Queueing time: mean = 487.809 us, max = 22.315 ms, min = 8.265 us, total = 270.734 ms
	GcsTaskManager.GcJobSummary - 13 total (1 active), Execution time: mean = 18.035 us, total = 234.455 us, Queueing time: mean = 9.671 ms, max = 35.958 ms, min = 552.826 us, total = 125.724 ms
	PeriodicalRunner.RunFnPeriodically - 1 total (0 active), Execution time: mean = 18.800 us, total = 18.800 us, Queueing time: mean = 24.000 us, max = 24.000 us, min = 24.000 us, total = 24.000 us


[2024-05-25 19:45:21,067 I 20792 20796] (gcs_server.exe) gcs_server.cc:250: GcsNodeManager: 
- RegisterNode request count: 1
- DrainNode request count: 0
- GetAllNodeInfo request count: 64
- GetInternalConfig request count: 1

GcsActorManager: 
- RegisterActor request count: 3
- CreateActor request count: 3
- GetActorInfo request count: 2
- GetNamedActorInfo request count: 0
- GetAllActorInfo request count: 1
- KillActor request count: 0
- ListNamedActors request count: 0
- Registered actors count: 3
- Destroyed actors count: 0
- Named actors count: 0
- Unresolved actors count: 0
- Pending actors count: 0
- Created actors count: 1
- owners_: 1
- actor_to_register_callbacks_: 0
- actor_to_create_callbacks_: 1
- sorted_destroyed_actor_list_: 0

GcsResourceManager: 
- GetAllAvailableResources request count0
- GetAllResourceUsage request count: 24

GcsPlacementGroupManager: 
- CreatePlacementGroup request count: 0
- RemovePlacementGroup request count: 0
- GetPlacementGroup request count: 0
- GetAllPlacementGroup request count: 0
- WaitPlacementGroupUntilReady request count: 0
- GetNamedPlacementGroup request count: 0
- Scheduling pending placement group count: 0
- Registered placement groups count: 0
- Named placement group count: 0
- Pending placement groups count: 0
- Infeasible placement groups count: 0

Publisher:
GCS_NODE_INFO_CHANNEL
- cumulative published messages: 1
- cumulative published bytes: 380
- current buffered bytes: 0
GCS_ACTOR_CHANNEL
- cumulative published messages: 9
- cumulative published bytes: 3243
- current buffered bytes: 1530
RAY_ERROR_INFO_CHANNEL
- cumulative published messages: 1
- cumulative published bytes: 860
- current buffered bytes: 860
GCS_WORKER_DELTA_CHANNEL
- cumulative published messages: 1
- cumulative published bytes: 97
- current buffered bytes: 97
GCS_JOB_CHANNEL
- cumulative published messages: 1
- cumulative published bytes: 532
- current buffered bytes: 532
RAY_LOG_CHANNEL
- cumulative published messages: 28
- cumulative published bytes: 26635
- current buffered bytes: 800

[runtime env manager] ID to URIs table:
[runtime env manager] URIs reference table:

GcsTaskManager: 
-Total num task events reported: 18
-Total num status task events dropped: 0
-Total num profile events dropped: 0
-Current num of task events stored: 7
-Total num of actor creation tasks: 3
-Total num of actor tasks: 2
-Total num of normal tasks: 0
-Total num of driver tasks: 1


[2024-05-25 19:45:21,069 I 20792 20796] (gcs_server.exe) gcs_server.cc:844: Event stats:


Global stats: 2370 total (8 active)
Queueing time: mean = 1.828 ms, max = 302.131 ms, min = -0.001 s, total = 4.333 s
Execution time:  mean = 22.672 ms, total = 53.732 s
Event stats:
	GcsInMemoryStore.Put - 240 total (0 active), Execution time: mean = 670.048 us, total = 160.812 ms, Queueing time: mean = 715.234 us, max = 121.060 ms, min = 3.455 us, total = 171.656 ms
	InternalKVGcsService.grpc_server.InternalKVPut - 210 total (0 active), Execution time: mean = 1.115 ms, total = 234.186 ms, Queueing time: mean = 0.000 s, max = -0.000 s, min = 9223372036.855 s, total = 0.000 s
	InternalKVGcsService.grpc_server.InternalKVPut.HandleRequestImpl - 210 total (0 active), Execution time: mean = 45.904 us, total = 9.640 ms, Queueing time: mean = 586.338 us, max = 15.280 ms, min = 10.102 us, total = 123.131 ms
	GcsInMemoryStore.Get - 189 total (0 active), Execution time: mean = 380.127 us, total = 71.844 ms, Queueing time: mean = 68.880 us, max = 2.959 ms, min = 2.221 us, total = 13.018 ms
	InternalKVGcsService.grpc_server.InternalKVGet.HandleRequestImpl - 186 total (0 active), Execution time: mean = 61.395 us, total = 11.419 ms, Queueing time: mean = 2.914 ms, max = 72.797 ms, min = 8.495 us, total = 541.951 ms
	InternalKVGcsService.grpc_server.InternalKVGet - 186 total (0 active), Execution time: mean = 3.459 ms, total = 643.300 ms, Queueing time: mean = 0.000 s, max = -0.000 s, min = 9223372036.855 s, total = 0.000 s
	InternalKVGcsService.grpc_client.InternalKVPut - 145 total (0 active), Execution time: mean = 1.785 ms, total = 258.845 ms, Queueing time: mean = 0.000 s, max = -0.000 s, min = 9223372036.855 s, total = 0.000 s
	InternalKVGcsService.grpc_client.InternalKVPut.OnReplyReceived - 145 total (0 active), Execution time: mean = 35.741 us, total = 5.182 ms, Queueing time: mean = 813.559 us, max = 15.215 ms, min = 7.887 us, total = 117.966 ms
	RayletLoadPulled - 119 total (1 active), Execution time: mean = 473.669 us, total = 56.367 ms, Queueing time: mean = 13.530 ms, max = 302.131 ms, min = -0.001 s, total = 1.610 s
	NodeManagerService.grpc_client.GetResourceLoad - 113 total (0 active), Execution time: mean = 3.419 ms, total = 386.306 ms, Queueing time: mean = 0.000 s, max = -0.000 s, min = 9223372036.855 s, total = 0.000 s
	NodeManagerService.grpc_client.GetResourceLoad.OnReplyReceived - 113 total (0 active), Execution time: mean = 70.035 us, total = 7.914 ms, Queueing time: mean = 1.397 ms, max = 40.194 ms, min = 8.856 us, total = 157.822 ms
	NodeInfoGcsService.grpc_server.GetAllNodeInfo - 64 total (0 active), Execution time: mean = 3.235 ms, total = 207.011 ms, Queueing time: mean = 0.000 s, max = -0.000 s, min = 9223372036.855 s, total = 0.000 s
	NodeInfoGcsService.grpc_server.GetAllNodeInfo.HandleRequestImpl - 64 total (0 active), Execution time: mean = 167.804 us, total = 10.739 ms, Queueing time: mean = 2.745 ms, max = 30.643 ms, min = 14.480 us, total = 175.688 ms
	NodeInfoGcsService.grpc_server.CheckAlive - 46 total (0 active), Execution time: mean = 680.745 us, total = 31.314 ms, Queueing time: mean = 0.000 s, max = -0.000 s, min = 9223372036.855 s, total = 0.000 s
	NodeInfoGcsService.grpc_server.CheckAlive.HandleRequestImpl - 46 total (0 active), Execution time: mean = 75.682 us, total = 3.481 ms, Queueing time: mean = 326.204 us, max = 3.439 ms, min = 13.620 us, total = 15.005 ms
	ClusterResourceManager.ResetRemoteNodeView - 40 total (1 active), Execution time: mean = 13.900 us, total = 555.993 us, Queueing time: mean = 13.624 ms, max = 175.959 ms, min = 349.473 us, total = 544.955 ms
	HealthCheck - 37 total (0 active), Execution time: mean = 8.414 us, total = 311.322 us, Queueing time: mean = 901.405 us, max = 31.236 ms, min = 11.911 us, total = 33.352 ms
	NodeInfoGcsService.grpc_server.GetClusterId - 32 total (0 active), Execution time: mean = 1.609 ms, total = 51.486 ms, Queueing time: mean = 0.000 s, max = -0.000 s, min = 9223372036.855 s, total = 0.000 s
	NodeInfoGcsService.grpc_server.GetClusterId.HandleRequestImpl - 32 total (0 active), Execution time: mean = 39.708 us, total = 1.271 ms, Queueing time: mean = 1.329 ms, max = 16.424 ms, min = 10.738 us, total = 42.540 ms
	NodeResourceInfoGcsService.grpc_server.GetAllResourceUsage - 24 total (0 active), Execution time: mean = 3.530 ms, total = 84.724 ms, Queueing time: mean = 0.000 s, max = -0.000 s, min = 9223372036.855 s, total = 0.000 s
	NodeResourceInfoGcsService.grpc_server.GetAllResourceUsage.HandleRequestImpl - 24 total (0 active), Execution time: mean = 1.592 ms, total = 38.220 ms, Queueing time: mean = 1.713 ms, max = 21.499 ms, min = 15.402 us, total = 41.108 ms
	WorkerInfoGcsService.grpc_server.AddWorkerInfo.HandleRequestImpl - 12 total (0 active), Execution time: mean = 6.966 ms, total = 83.596 ms, Queueing time: mean = 24.575 ms, max = 99.641 ms, min = 28.245 us, total = 294.899 ms
	GCSServer.deadline_timer.debug_state_dump - 12 total (1 active), Execution time: mean = 3.248 ms, total = 38.976 ms, Queueing time: mean = 9.641 ms, max = 25.651 ms, min = 2.538 ms, total = 115.688 ms
	WorkerInfoGcsService.grpc_server.AddWorkerInfo - 12 total (0 active), Execution time: mean = 32.510 ms, total = 390.124 ms, Queueing time: mean = 0.000 s, max = -0.000 s, min = 9223372036.855 s, total = 0.000 s
	GcsInMemoryStore.GetAll - 7 total (0 active), Execution time: mean = 80.436 us, total = 563.055 us, Queueing time: mean = 138.574 us, max = 505.600 us, min = 8.410 us, total = 970.021 us
	PeriodicalRunner.RunFnPeriodically - 4 total (0 active), Execution time: mean = 1.651 ms, total = 6.602 ms, Queueing time: mean = 61.265 ms, max = 122.074 ms, min = 83.400 us, total = 245.059 ms
	GcsResourceManager::Update - 4 total (0 active), Execution time: mean = 97.904 us, total = 391.615 us, Queueing time: mean = 4.102 ms, max = 14.339 ms, min = 16.454 us, total = 16.408 ms
	CoreWorkerService.grpc_client.WaitForActorOutOfScope - 3 total (3 active), Execution time: mean = 0.000 s, total = 0.000 s, Queueing time: mean = 0.000 s, max = -0.000 s, min = 9223372036.855 s, total = 0.000 s
	ActorInfoGcsService.grpc_server.CreateActor.HandleRequestImpl - 3 total (0 active), Execution time: mean = 1.245 ms, total = 3.734 ms, Queueing time: mean = 184.497 us, max = 468.917 us, min = 31.524 us, total = 553.492 us
	NodeManagerService.grpc_client.RequestWorkerLease - 3 total (0 active), Execution time: mean = 2.321 s, total = 6.964 s, Queueing time: mean = 0.000 s, max = -0.000 s, min = 9223372036.855 s, total = 0.000 s
	ActorInfoGcsService.grpc_server.CreateActor - 3 total (1 active), Execution time: mean = 6.622 s, total = 19.867 s, Queueing time: mean = 0.000 s, max = -0.000 s, min = 9223372036.855 s, total = 0.000 s
	ActorInfoGcsService.grpc_server.RegisterActor - 3 total (0 active), Execution time: mean = 5.031 ms, total = 15.093 ms, Queueing time: mean = 0.000 s, max = -0.000 s, min = 9223372036.855 s, total = 0.000 s
	ActorInfoGcsService.grpc_server.RegisterActor.HandleRequestImpl - 3 total (0 active), Execution time: mean = 3.550 ms, total = 10.651 ms, Queueing time: mean = 348.051 us, max = 1.003 ms, min = 12.863 us, total = 1.044 ms
	CoreWorkerService.grpc_client.PushTask - 3 total (0 active), Execution time: mean = 7.972 s, total = 23.917 s, Queueing time: mean = 0.000 s, max = -0.000 s, min = 9223372036.855 s, total = 0.000 s
	NodeManagerService.grpc_client.RequestWorkerLease.OnReplyReceived - 3 total (0 active), Execution time: mean = 1.862 ms, total = 5.585 ms, Queueing time: mean = 7.003 ms, max = 18.381 ms, min = 13.953 us, total = 21.009 ms
	CoreWorkerService.grpc_client.PushTask.OnReplyReceived - 3 total (0 active), Execution time: mean = 5.117 ms, total = 15.350 ms, Queueing time: mean = 3.762 ms, max = 11.229 ms, min = 19.850 us, total = 11.286 ms
	ActorInfoGcsService.grpc_server.GetActorInfo - 2 total (0 active), Execution time: mean = 523.630 us, total = 1.047 ms, Queueing time: mean = 0.000 s, max = -0.000 s, min = 9223372036.855 s, total = 0.000 s
	ActorInfoGcsService.grpc_server.GetActorInfo.HandleRequestImpl - 2 total (0 active), Execution time: mean = 201.196 us, total = 402.393 us, Queueing time: mean = 334.868 us, max = 647.094 us, min = 22.643 us, total = 669.737 us
	GCSServer.deadline_timer.debug_state_event_stats_print - 2 total (1 active, 1 running), Execution time: mean = 1.169 ms, total = 2.338 ms, Queueing time: mean = 1.550 ms, max = 3.100 ms, min = 3.100 ms, total = 3.100 ms
	JobInfoGcsService.grpc_server.AddJob - 1 total (0 active), Execution time: mean = 43.991 ms, total = 43.991 ms, Queueing time: mean = 0.000 s, max = -0.000 s, min = 9223372036.855 s, total = 0.000 s
	NodeInfoGcsService.grpc_server.RegisterNode.HandleRequestImpl - 1 total (0 active), Execution time: mean = 1.742 ms, total = 1.742 ms, Queueing time: mean = 23.870 us, max = 23.870 us, min = 23.870 us, total = 23.870 us
	InternalKVGcsService.grpc_server.InternalKVDel - 1 total (0 active), Execution time: mean = 2.084 ms, total = 2.084 ms, Queueing time: mean = 0.000 s, max = -0.000 s, min = 9223372036.855 s, total = 0.000 s
	NodeInfoGcsService.grpc_server.GetInternalConfig.HandleRequestImpl - 1 total (0 active), Execution time: mean = 358.036 us, total = 358.036 us, Queueing time: mean = 22.063 us, max = 22.063 us, min = 22.063 us, total = 22.063 us
	NodeInfoGcsService.grpc_server.RegisterNode - 1 total (0 active), Execution time: mean = 5.149 ms, total = 5.149 ms, Queueing time: mean = 0.000 s, max = -0.000 s, min = 9223372036.855 s, total = 0.000 s
	JobInfoGcsService.grpc_server.ReportJobError - 1 total (0 active), Execution time: mean = 13.339 ms, total = 13.339 ms, Queueing time: mean = 0.000 s, max = -0.000 s, min = 9223372036.855 s, total = 0.000 s
	GcsInMemoryStore.BatchDelete - 1 total (0 active), Execution time: mean = 11.515 us, total = 11.515 us, Queueing time: mean = 350.524 us, max = 350.524 us, min = 350.524 us, total = 350.524 us
	NodeInfoGcsService.grpc_server.GetInternalConfig - 1 total (0 active), Execution time: mean = 878.809 us, total = 878.809 us, Queueing time: mean = 0.000 s, max = -0.000 s, min = 9223372036.855 s, total = 0.000 s
	GcsInMemoryStore.Delete - 1 total (0 active), Execution time: mean = 435.663 us, total = 435.663 us, Queueing time: mean = 15.162 us, max = 15.162 us, min = 15.162 us, total = 15.162 us
	ActorInfoGcsService.grpc_server.GetAllActorInfo.HandleRequestImpl - 1 total (0 active), Execution time: mean = 357.390 us, total = 357.390 us, Queueing time: mean = 11.704 us, max = 11.704 us, min = 11.704 us, total = 11.704 us
	JobInfoGcsService.grpc_server.GetAllJobInfo.HandleRequestImpl - 1 total (0 active), Execution time: mean = 379.361 us, total = 379.361 us, Queueing time: mean = 33.175 us, max = 33.175 us, min = 33.175 us, total = 33.175 us
	JobInfoGcsService.grpc_server.AddJob.HandleRequestImpl - 1 total (0 active), Execution time: mean = 24.482 ms, total = 24.482 ms, Queueing time: mean = 9.700 ms, max = 9.700 ms, min = 9.700 ms, total = 9.700 ms
	JobInfoGcsService.grpc_server.GetNextJobID - 1 total (0 active), Execution time: mean = 200.867 us, total = 200.867 us, Queueing time: mean = 0.000 s, max = -0.000 s, min = 9223372036.855 s, total = 0.000 s
	WorkerInfoGcsService.grpc_server.ReportWorkerFailure - 1 total (0 active), Execution time: mean = 36.666 ms, total = 36.666 ms, Queueing time: mean = 0.000 s, max = -0.000 s, min = 9223372036.855 s, total = 0.000 s
	WorkerInfoGcsService.grpc_server.ReportWorkerFailure.HandleRequestImpl - 1 total (0 active), Execution time: mean = 2.277 ms, total = 2.277 ms, Queueing time: mean = 11.144 ms, max = 11.144 ms, min = 11.144 ms, total = 11.144 ms
	InternalKVGcsService.grpc_server.InternalKVDel.HandleRequestImpl - 1 total (0 active), Execution time: mean = 316.663 us, total = 316.663 us, Queueing time: mean = 31.082 us, max = 31.082 us, min = 31.082 us, total = 31.082 us
	GcsHealthCheckManager::AddNode - 1 total (0 active), Execution time: mean = 214.648 us, total = 214.648 us, Queueing time: mean = 1.642 us, max = 1.642 us, min = 1.642 us, total = 1.642 us
	JobInfoGcsService.grpc_server.ReportJobError.HandleRequestImpl - 1 total (0 active), Execution time: mean = 274.769 us, total = 274.769 us, Queueing time: mean = 12.833 ms, max = 12.833 ms, min = 12.833 ms, total = 12.833 ms
	JobInfoGcsService.grpc_server.GetNextJobID.HandleRequestImpl - 1 total (0 active), Execution time: mean = 16.345 us, total = 16.345 us, Queueing time: mean = 18.430 us, max = 18.430 us, min = 18.430 us, total = 18.430 us
	JobInfoGcsService.grpc_server.GetAllJobInfo - 1 total (0 active), Execution time: mean = 986.564 us, total = 986.564 us, Queueing time: mean = 0.000 s, max = -0.000 s, min = 9223372036.855 s, total = 0.000 s
	ActorInfoGcsService.grpc_server.GetAllActorInfo - 1 total (0 active), Execution time: mean = 545.843 us, total = 545.843 us, Queueing time: mean = 0.000 s, max = -0.000 s, min = 9223372036.855 s, total = 0.000 s


[2024-05-25 19:45:21,069 I 20792 20796] (gcs_server.exe) gcs_server.cc:845: GcsTaskManager Event stats:


Global stats: 2445 total (1 active)
Queueing time: mean = 229.025 us, max = 35.958 ms, min = 4.589 us, total = 559.966 ms
Execution time:  mean = 345.968 us, total = 845.893 ms
Event stats:
	TaskInfoGcsService.grpc_server.AddTaskEventData - 1210 total (0 active), Execution time: mean = 620.356 us, total = 750.631 ms, Queueing time: mean = 0.000 s, max = -0.000 s, min = 9223372036.855 s, total = 0.000 s
	TaskInfoGcsService.grpc_server.AddTaskEventData.HandleRequestImpl - 1210 total (0 active), Execution time: mean = 78.364 us, total = 94.820 ms, Queueing time: mean = 283.302 us, max = 22.315 ms, min = 4.589 us, total = 342.795 ms
	GcsTaskManager.GcJobSummary - 24 total (1 active), Execution time: mean = 17.617 us, total = 422.798 us, Queueing time: mean = 9.048 ms, max = 35.958 ms, min = 283.941 us, total = 217.146 ms
	PeriodicalRunner.RunFnPeriodically - 1 total (0 active), Execution time: mean = 18.800 us, total = 18.800 us, Queueing time: mean = 24.000 us, max = 24.000 us, min = 24.000 us, total = 24.000 us


[2024-05-25 19:46:21,081 I 20792 20796] (gcs_server.exe) gcs_server.cc:250: GcsNodeManager: 
- RegisterNode request count: 1
- DrainNode request count: 0
- GetAllNodeInfo request count: 88
- GetInternalConfig request count: 1

GcsActorManager: 
- RegisterActor request count: 3
- CreateActor request count: 3
- GetActorInfo request count: 2
- GetNamedActorInfo request count: 0
- GetAllActorInfo request count: 1
- KillActor request count: 0
- ListNamedActors request count: 0
- Registered actors count: 3
- Destroyed actors count: 0
- Named actors count: 0
- Unresolved actors count: 0
- Pending actors count: 0
- Created actors count: 1
- owners_: 1
- actor_to_register_callbacks_: 0
- actor_to_create_callbacks_: 1
- sorted_destroyed_actor_list_: 0

GcsResourceManager: 
- GetAllAvailableResources request count0
- GetAllResourceUsage request count: 36

GcsPlacementGroupManager: 
- CreatePlacementGroup request count: 0
- RemovePlacementGroup request count: 0
- GetPlacementGroup request count: 0
- GetAllPlacementGroup request count: 0
- WaitPlacementGroupUntilReady request count: 0
- GetNamedPlacementGroup request count: 0
- Scheduling pending placement group count: 0
- Registered placement groups count: 0
- Named placement group count: 0
- Pending placement groups count: 0
- Infeasible placement groups count: 0

Publisher:
GCS_NODE_INFO_CHANNEL
- cumulative published messages: 1
- cumulative published bytes: 380
- current buffered bytes: 0
GCS_ACTOR_CHANNEL
- cumulative published messages: 9
- cumulative published bytes: 3243
- current buffered bytes: 1530
RAY_ERROR_INFO_CHANNEL
- cumulative published messages: 1
- cumulative published bytes: 860
- current buffered bytes: 860
GCS_WORKER_DELTA_CHANNEL
- cumulative published messages: 1
- cumulative published bytes: 97
- current buffered bytes: 97
GCS_JOB_CHANNEL
- cumulative published messages: 1
- cumulative published bytes: 532
- current buffered bytes: 532
RAY_LOG_CHANNEL
- cumulative published messages: 40
- cumulative published bytes: 36235
- current buffered bytes: 800

[runtime env manager] ID to URIs table:
[runtime env manager] URIs reference table:

GcsTaskManager: 
-Total num task events reported: 18
-Total num status task events dropped: 0
-Total num profile events dropped: 0
-Current num of task events stored: 7
-Total num of actor creation tasks: 3
-Total num of actor tasks: 2
-Total num of normal tasks: 0
-Total num of driver tasks: 1


[2024-05-25 19:46:21,083 I 20792 20796] (gcs_server.exe) gcs_server.cc:844: Event stats:


Global stats: 3347 total (8 active)
Queueing time: mean = 1.587 ms, max = 302.131 ms, min = -0.001 s, total = 5.311 s
Execution time:  mean = 16.174 ms, total = 54.133 s
Event stats:
	GcsInMemoryStore.Put - 336 total (0 active), Execution time: mean = 488.196 us, total = 164.034 ms, Queueing time: mean = 539.606 us, max = 121.060 ms, min = 2.273 us, total = 181.308 ms
	InternalKVGcsService.grpc_server.InternalKVPut - 306 total (0 active), Execution time: mean = 1.016 ms, total = 310.833 ms, Queueing time: mean = 0.000 s, max = -0.000 s, min = 9223372036.855 s, total = 0.000 s
	InternalKVGcsService.grpc_server.InternalKVPut.HandleRequestImpl - 306 total (0 active), Execution time: mean = 41.966 us, total = 12.842 ms, Queueing time: mean = 499.940 us, max = 15.280 ms, min = 10.102 us, total = 152.982 ms
	GcsInMemoryStore.Get - 248 total (0 active), Execution time: mean = 307.247 us, total = 76.197 ms, Queueing time: mean = 56.159 us, max = 2.959 ms, min = 2.221 us, total = 13.927 ms
	InternalKVGcsService.grpc_server.InternalKVGet.HandleRequestImpl - 245 total (0 active), Execution time: mean = 62.001 us, total = 15.190 ms, Queueing time: mean = 2.224 ms, max = 72.797 ms, min = 8.495 us, total = 544.826 ms
	InternalKVGcsService.grpc_server.InternalKVGet - 245 total (0 active), Execution time: mean = 2.741 ms, total = 671.657 ms, Queueing time: mean = 0.000 s, max = -0.000 s, min = 9223372036.855 s, total = 0.000 s
	InternalKVGcsService.grpc_client.InternalKVPut - 217 total (0 active), Execution time: mean = 1.657 ms, total = 359.593 ms, Queueing time: mean = 0.000 s, max = -0.000 s, min = 9223372036.855 s, total = 0.000 s
	InternalKVGcsService.grpc_client.InternalKVPut.OnReplyReceived - 217 total (0 active), Execution time: mean = 32.244 us, total = 6.997 ms, Queueing time: mean = 571.790 us, max = 15.215 ms, min = 7.887 us, total = 124.079 ms
	RayletLoadPulled - 178 total (1 active), Execution time: mean = 457.451 us, total = 81.426 ms, Queueing time: mean = 12.852 ms, max = 302.131 ms, min = -0.001 s, total = 2.288 s
	NodeManagerService.grpc_client.GetResourceLoad - 172 total (0 active), Execution time: mean = 2.740 ms, total = 471.238 ms, Queueing time: mean = 0.000 s, max = -0.000 s, min = 9223372036.855 s, total = 0.000 s
	NodeManagerService.grpc_client.GetResourceLoad.OnReplyReceived - 172 total (0 active), Execution time: mean = 68.444 us, total = 11.772 ms, Queueing time: mean = 935.955 us, max = 40.194 ms, min = 8.856 us, total = 160.984 ms
	NodeInfoGcsService.grpc_server.GetAllNodeInfo - 88 total (0 active), Execution time: mean = 2.477 ms, total = 217.965 ms, Queueing time: mean = 0.000 s, max = -0.000 s, min = 9223372036.855 s, total = 0.000 s
	NodeInfoGcsService.grpc_server.GetAllNodeInfo.HandleRequestImpl - 88 total (0 active), Execution time: mean = 146.079 us, total = 12.855 ms, Queueing time: mean = 2.023 ms, max = 30.643 ms, min = 14.480 us, total = 178.034 ms
	NodeInfoGcsService.grpc_server.CheckAlive.HandleRequestImpl - 70 total (0 active), Execution time: mean = 73.621 us, total = 5.153 ms, Queueing time: mean = 258.281 us, max = 3.439 ms, min = 13.620 us, total = 18.080 ms
	NodeInfoGcsService.grpc_server.CheckAlive - 70 total (0 active), Execution time: mean = 599.966 us, total = 41.998 ms, Queueing time: mean = 0.000 s, max = -0.000 s, min = 9223372036.855 s, total = 0.000 s
	ClusterResourceManager.ResetRemoteNodeView - 60 total (1 active), Execution time: mean = 15.075 us, total = 904.515 us, Queueing time: mean = 11.861 ms, max = 175.959 ms, min = 349.473 us, total = 711.644 ms
	HealthCheck - 57 total (0 active), Execution time: mean = 9.133 us, total = 520.604 us, Queueing time: mean = 684.084 us, max = 31.236 ms, min = 11.911 us, total = 38.993 ms
	NodeInfoGcsService.grpc_server.GetClusterId - 44 total (0 active), Execution time: mean = 1.256 ms, total = 55.279 ms, Queueing time: mean = 0.000 s, max = -0.000 s, min = 9223372036.855 s, total = 0.000 s
	NodeInfoGcsService.grpc_server.GetClusterId.HandleRequestImpl - 44 total (0 active), Execution time: mean = 43.631 us, total = 1.920 ms, Queueing time: mean = 973.587 us, max = 16.424 ms, min = 10.738 us, total = 42.838 ms
	NodeResourceInfoGcsService.grpc_server.GetAllResourceUsage - 36 total (0 active), Execution time: mean = 2.650 ms, total = 95.413 ms, Queueing time: mean = 0.000 s, max = -0.000 s, min = 9223372036.855 s, total = 0.000 s
	NodeResourceInfoGcsService.grpc_server.GetAllResourceUsage.HandleRequestImpl - 36 total (0 active), Execution time: mean = 1.095 ms, total = 39.428 ms, Queueing time: mean = 1.311 ms, max = 21.499 ms, min = 15.402 us, total = 47.211 ms
	GCSServer.deadline_timer.debug_state_dump - 18 total (1 active), Execution time: mean = 3.295 ms, total = 59.313 ms, Queueing time: mean = 9.182 ms, max = 25.651 ms, min = 2.538 ms, total = 165.284 ms
	WorkerInfoGcsService.grpc_server.AddWorkerInfo - 12 total (0 active), Execution time: mean = 32.510 ms, total = 390.124 ms, Queueing time: mean = 0.000 s, max = -0.000 s, min = 9223372036.855 s, total = 0.000 s
	WorkerInfoGcsService.grpc_server.AddWorkerInfo.HandleRequestImpl - 12 total (0 active), Execution time: mean = 6.966 ms, total = 83.596 ms, Queueing time: mean = 24.575 ms, max = 99.641 ms, min = 28.245 us, total = 294.899 ms
	GcsInMemoryStore.GetAll - 7 total (0 active), Execution time: mean = 80.436 us, total = 563.055 us, Queueing time: mean = 138.574 us, max = 505.600 us, min = 8.410 us, total = 970.021 us
	PeriodicalRunner.RunFnPeriodically - 4 total (0 active), Execution time: mean = 1.651 ms, total = 6.602 ms, Queueing time: mean = 61.265 ms, max = 122.074 ms, min = 83.400 us, total = 245.059 ms
	GcsResourceManager::Update - 4 total (0 active), Execution time: mean = 97.904 us, total = 391.615 us, Queueing time: mean = 4.102 ms, max = 14.339 ms, min = 16.454 us, total = 16.408 ms
	GCSServer.deadline_timer.debug_state_event_stats_print - 3 total (1 active, 1 running), Execution time: mean = 1.491 ms, total = 4.472 ms, Queueing time: mean = 5.824 ms, max = 14.374 ms, min = 3.100 ms, total = 17.473 ms
	ActorInfoGcsService.grpc_server.CreateActor.HandleRequestImpl - 3 total (0 active), Execution time: mean = 1.245 ms, total = 3.734 ms, Queueing time: mean = 184.497 us, max = 468.917 us, min = 31.524 us, total = 553.492 us
	NodeManagerService.grpc_client.RequestWorkerLease - 3 total (0 active), Execution time: mean = 2.321 s, total = 6.964 s, Queueing time: mean = 0.000 s, max = -0.000 s, min = 9223372036.855 s, total = 0.000 s
	ActorInfoGcsService.grpc_server.CreateActor - 3 total (1 active), Execution time: mean = 6.622 s, total = 19.867 s, Queueing time: mean = 0.000 s, max = -0.000 s, min = 9223372036.855 s, total = 0.000 s
	ActorInfoGcsService.grpc_server.RegisterActor - 3 total (0 active), Execution time: mean = 5.031 ms, total = 15.093 ms, Queueing time: mean = 0.000 s, max = -0.000 s, min = 9223372036.855 s, total = 0.000 s
	CoreWorkerService.grpc_client.PushTask - 3 total (0 active), Execution time: mean = 7.972 s, total = 23.917 s, Queueing time: mean = 0.000 s, max = -0.000 s, min = 9223372036.855 s, total = 0.000 s
	ActorInfoGcsService.grpc_server.RegisterActor.HandleRequestImpl - 3 total (0 active), Execution time: mean = 3.550 ms, total = 10.651 ms, Queueing time: mean = 348.051 us, max = 1.003 ms, min = 12.863 us, total = 1.044 ms
	CoreWorkerService.grpc_client.WaitForActorOutOfScope - 3 total (3 active), Execution time: mean = 0.000 s, total = 0.000 s, Queueing time: mean = 0.000 s, max = -0.000 s, min = 9223372036.855 s, total = 0.000 s
	NodeManagerService.grpc_client.RequestWorkerLease.OnReplyReceived - 3 total (0 active), Execution time: mean = 1.862 ms, total = 5.585 ms, Queueing time: mean = 7.003 ms, max = 18.381 ms, min = 13.953 us, total = 21.009 ms
	CoreWorkerService.grpc_client.PushTask.OnReplyReceived - 3 total (0 active), Execution time: mean = 5.117 ms, total = 15.350 ms, Queueing time: mean = 3.762 ms, max = 11.229 ms, min = 19.850 us, total = 11.286 ms
	ActorInfoGcsService.grpc_server.GetActorInfo - 2 total (0 active), Execution time: mean = 523.630 us, total = 1.047 ms, Queueing time: mean = 0.000 s, max = -0.000 s, min = 9223372036.855 s, total = 0.000 s
	ActorInfoGcsService.grpc_server.GetActorInfo.HandleRequestImpl - 2 total (0 active), Execution time: mean = 201.196 us, total = 402.393 us, Queueing time: mean = 334.868 us, max = 647.094 us, min = 22.643 us, total = 669.737 us
	NodeInfoGcsService.grpc_server.RegisterNode.HandleRequestImpl - 1 total (0 active), Execution time: mean = 1.742 ms, total = 1.742 ms, Queueing time: mean = 23.870 us, max = 23.870 us, min = 23.870 us, total = 23.870 us
	InternalKVGcsService.grpc_server.InternalKVDel - 1 total (0 active), Execution time: mean = 2.084 ms, total = 2.084 ms, Queueing time: mean = 0.000 s, max = -0.000 s, min = 9223372036.855 s, total = 0.000 s
	NodeInfoGcsService.grpc_server.RegisterNode - 1 total (0 active), Execution time: mean = 5.149 ms, total = 5.149 ms, Queueing time: mean = 0.000 s, max = -0.000 s, min = 9223372036.855 s, total = 0.000 s
	GcsInMemoryStore.Delete - 1 total (0 active), Execution time: mean = 435.663 us, total = 435.663 us, Queueing time: mean = 15.162 us, max = 15.162 us, min = 15.162 us, total = 15.162 us
	JobInfoGcsService.grpc_server.ReportJobError - 1 total (0 active), Execution time: mean = 13.339 ms, total = 13.339 ms, Queueing time: mean = 0.000 s, max = -0.000 s, min = 9223372036.855 s, total = 0.000 s
	GcsInMemoryStore.BatchDelete - 1 total (0 active), Execution time: mean = 11.515 us, total = 11.515 us, Queueing time: mean = 350.524 us, max = 350.524 us, min = 350.524 us, total = 350.524 us
	NodeInfoGcsService.grpc_server.GetInternalConfig - 1 total (0 active), Execution time: mean = 878.809 us, total = 878.809 us, Queueing time: mean = 0.000 s, max = -0.000 s, min = 9223372036.855 s, total = 0.000 s
	JobInfoGcsService.grpc_server.AddJob.HandleRequestImpl - 1 total (0 active), Execution time: mean = 24.482 ms, total = 24.482 ms, Queueing time: mean = 9.700 ms, max = 9.700 ms, min = 9.700 ms, total = 9.700 ms
	ActorInfoGcsService.grpc_server.GetAllActorInfo.HandleRequestImpl - 1 total (0 active), Execution time: mean = 357.390 us, total = 357.390 us, Queueing time: mean = 11.704 us, max = 11.704 us, min = 11.704 us, total = 11.704 us
	JobInfoGcsService.grpc_server.GetAllJobInfo.HandleRequestImpl - 1 total (0 active), Execution time: mean = 379.361 us, total = 379.361 us, Queueing time: mean = 33.175 us, max = 33.175 us, min = 33.175 us, total = 33.175 us
	JobInfoGcsService.grpc_server.GetNextJobID - 1 total (0 active), Execution time: mean = 200.867 us, total = 200.867 us, Queueing time: mean = 0.000 s, max = -0.000 s, min = 9223372036.855 s, total = 0.000 s
	WorkerInfoGcsService.grpc_server.ReportWorkerFailure - 1 total (0 active), Execution time: mean = 36.666 ms, total = 36.666 ms, Queueing time: mean = 0.000 s, max = -0.000 s, min = 9223372036.855 s, total = 0.000 s
	InternalKVGcsService.grpc_server.InternalKVDel.HandleRequestImpl - 1 total (0 active), Execution time: mean = 316.663 us, total = 316.663 us, Queueing time: mean = 31.082 us, max = 31.082 us, min = 31.082 us, total = 31.082 us
	WorkerInfoGcsService.grpc_server.ReportWorkerFailure.HandleRequestImpl - 1 total (0 active), Execution time: mean = 2.277 ms, total = 2.277 ms, Queueing time: mean = 11.144 ms, max = 11.144 ms, min = 11.144 ms, total = 11.144 ms
	GcsHealthCheckManager::AddNode - 1 total (0 active), Execution time: mean = 214.648 us, total = 214.648 us, Queueing time: mean = 1.642 us, max = 1.642 us, min = 1.642 us, total = 1.642 us
	JobInfoGcsService.grpc_server.GetNextJobID.HandleRequestImpl - 1 total (0 active), Execution time: mean = 16.345 us, total = 16.345 us, Queueing time: mean = 18.430 us, max = 18.430 us, min = 18.430 us, total = 18.430 us
	JobInfoGcsService.grpc_server.ReportJobError.HandleRequestImpl - 1 total (0 active), Execution time: mean = 274.769 us, total = 274.769 us, Queueing time: mean = 12.833 ms, max = 12.833 ms, min = 12.833 ms, total = 12.833 ms
	JobInfoGcsService.grpc_server.AddJob - 1 total (0 active), Execution time: mean = 43.991 ms, total = 43.991 ms, Queueing time: mean = 0.000 s, max = -0.000 s, min = 9223372036.855 s, total = 0.000 s
	JobInfoGcsService.grpc_server.GetAllJobInfo - 1 total (0 active), Execution time: mean = 986.564 us, total = 986.564 us, Queueing time: mean = 0.000 s, max = -0.000 s, min = 9223372036.855 s, total = 0.000 s
	NodeInfoGcsService.grpc_server.GetInternalConfig.HandleRequestImpl - 1 total (0 active), Execution time: mean = 358.036 us, total = 358.036 us, Queueing time: mean = 22.063 us, max = 22.063 us, min = 22.063 us, total = 22.063 us
	ActorInfoGcsService.grpc_server.GetAllActorInfo - 1 total (0 active), Execution time: mean = 545.843 us, total = 545.843 us, Queueing time: mean = 0.000 s, max = -0.000 s, min = 9223372036.855 s, total = 0.000 s


[2024-05-25 19:46:21,083 I 20792 20796] (gcs_server.exe) gcs_server.cc:845: GcsTaskManager Event stats:


Global stats: 3759 total (1 active)
Queueing time: mean = 210.708 us, max = 35.958 ms, min = 2.311 us, total = 792.050 ms
Execution time:  mean = 332.632 us, total = 1.250 s
Event stats:
	TaskInfoGcsService.grpc_server.AddTaskEventData - 1861 total (0 active), Execution time: mean = 602.720 us, total = 1.122 s, Queueing time: mean = 0.000 s, max = -0.000 s, min = 9223372036.855 s, total = 0.000 s
	TaskInfoGcsService.grpc_server.AddTaskEventData.HandleRequestImpl - 1861 total (0 active), Execution time: mean = 68.817 us, total = 128.068 ms, Queueing time: mean = 269.149 us, max = 22.758 ms, min = 2.311 us, total = 500.886 ms
	GcsTaskManager.GcJobSummary - 36 total (1 active), Execution time: mean = 17.071 us, total = 614.545 us, Queueing time: mean = 8.087 ms, max = 35.958 ms, min = 283.941 us, total = 291.140 ms
	PeriodicalRunner.RunFnPeriodically - 1 total (0 active), Execution time: mean = 18.800 us, total = 18.800 us, Queueing time: mean = 24.000 us, max = 24.000 us, min = 24.000 us, total = 24.000 us


[2024-05-25 19:47:21,088 I 20792 20796] (gcs_server.exe) gcs_server.cc:250: GcsNodeManager: 
- RegisterNode request count: 1
- DrainNode request count: 0
- GetAllNodeInfo request count: 112
- GetInternalConfig request count: 1

GcsActorManager: 
- RegisterActor request count: 3
- CreateActor request count: 3
- GetActorInfo request count: 2
- GetNamedActorInfo request count: 0
- GetAllActorInfo request count: 1
- KillActor request count: 0
- ListNamedActors request count: 0
- Registered actors count: 3
- Destroyed actors count: 0
- Named actors count: 0
- Unresolved actors count: 0
- Pending actors count: 0
- Created actors count: 1
- owners_: 1
- actor_to_register_callbacks_: 0
- actor_to_create_callbacks_: 1
- sorted_destroyed_actor_list_: 0

GcsResourceManager: 
- GetAllAvailableResources request count0
- GetAllResourceUsage request count: 48

GcsPlacementGroupManager: 
- CreatePlacementGroup request count: 0
- RemovePlacementGroup request count: 0
- GetPlacementGroup request count: 0
- GetAllPlacementGroup request count: 0
- WaitPlacementGroupUntilReady request count: 0
- GetNamedPlacementGroup request count: 0
- Scheduling pending placement group count: 0
- Registered placement groups count: 0
- Named placement group count: 0
- Pending placement groups count: 0
- Infeasible placement groups count: 0

Publisher:
GCS_NODE_INFO_CHANNEL
- cumulative published messages: 1
- cumulative published bytes: 380
- current buffered bytes: 0
GCS_ACTOR_CHANNEL
- cumulative published messages: 9
- cumulative published bytes: 3243
- current buffered bytes: 1530
RAY_ERROR_INFO_CHANNEL
- cumulative published messages: 1
- cumulative published bytes: 860
- current buffered bytes: 860
GCS_WORKER_DELTA_CHANNEL
- cumulative published messages: 1
- cumulative published bytes: 97
- current buffered bytes: 97
GCS_JOB_CHANNEL
- cumulative published messages: 1
- cumulative published bytes: 532
- current buffered bytes: 532
RAY_LOG_CHANNEL
- cumulative published messages: 52
- cumulative published bytes: 45821
- current buffered bytes: 798

[runtime env manager] ID to URIs table:
[runtime env manager] URIs reference table:

GcsTaskManager: 
-Total num task events reported: 18
-Total num status task events dropped: 0
-Total num profile events dropped: 0
-Current num of task events stored: 7
-Total num of actor creation tasks: 3
-Total num of actor tasks: 2
-Total num of normal tasks: 0
-Total num of driver tasks: 1


[2024-05-25 19:47:21,092 I 20792 20796] (gcs_server.exe) gcs_server.cc:844: Event stats:


Global stats: 4327 total (8 active)
Queueing time: mean = 1.433 ms, max = 302.131 ms, min = -0.005 s, total = 6.200 s
Execution time:  mean = 12.607 ms, total = 54.550 s
Event stats:
	GcsInMemoryStore.Put - 432 total (0 active), Execution time: mean = 386.817 us, total = 167.105 ms, Queueing time: mean = 435.337 us, max = 121.060 ms, min = 2.273 us, total = 188.066 ms
	InternalKVGcsService.grpc_server.InternalKVPut - 402 total (0 active), Execution time: mean = 961.447 us, total = 386.502 ms, Queueing time: mean = 0.000 s, max = -0.000 s, min = 9223372036.855 s, total = 0.000 s
	InternalKVGcsService.grpc_server.InternalKVPut.HandleRequestImpl - 402 total (0 active), Execution time: mean = 39.862 us, total = 16.025 ms, Queueing time: mean = 457.559 us, max = 15.280 ms, min = 10.102 us, total = 183.939 ms
	GcsInMemoryStore.Get - 307 total (0 active), Execution time: mean = 267.458 us, total = 82.110 ms, Queueing time: mean = 47.657 us, max = 2.959 ms, min = 2.221 us, total = 14.631 ms
	InternalKVGcsService.grpc_server.InternalKVGet.HandleRequestImpl - 304 total (0 active), Execution time: mean = 61.170 us, total = 18.596 ms, Queueing time: mean = 1.802 ms, max = 72.797 ms, min = 8.495 us, total = 547.879 ms
	InternalKVGcsService.grpc_server.InternalKVGet - 304 total (0 active), Execution time: mean = 2.291 ms, total = 696.576 ms, Queueing time: mean = 0.000 s, max = -0.000 s, min = 9223372036.855 s, total = 0.000 s
	InternalKVGcsService.grpc_client.InternalKVPut - 289 total (0 active), Execution time: mean = 1.597 ms, total = 461.584 ms, Queueing time: mean = 0.000 s, max = -0.000 s, min = 9223372036.855 s, total = 0.000 s
	InternalKVGcsService.grpc_client.InternalKVPut.OnReplyReceived - 289 total (0 active), Execution time: mean = 30.038 us, total = 8.681 ms, Queueing time: mean = 454.865 us, max = 15.215 ms, min = 7.887 us, total = 131.456 ms
	RayletLoadPulled - 238 total (1 active), Execution time: mean = 437.627 us, total = 104.155 ms, Queueing time: mean = 12.166 ms, max = 302.131 ms, min = -0.001 s, total = 2.896 s
	NodeManagerService.grpc_client.GetResourceLoad - 232 total (0 active), Execution time: mean = 2.431 ms, total = 564.093 ms, Queueing time: mean = 0.000 s, max = -0.000 s, min = 9223372036.855 s, total = 0.000 s
	NodeManagerService.grpc_client.GetResourceLoad.OnReplyReceived - 232 total (0 active), Execution time: mean = 68.635 us, total = 15.923 ms, Queueing time: mean = 716.544 us, max = 40.194 ms, min = 8.856 us, total = 166.238 ms
	NodeInfoGcsService.grpc_server.GetAllNodeInfo - 112 total (0 active), Execution time: mean = 2.093 ms, total = 234.369 ms, Queueing time: mean = 0.000 s, max = -0.000 s, min = 9223372036.855 s, total = 0.000 s
	NodeInfoGcsService.grpc_server.GetAllNodeInfo.HandleRequestImpl - 112 total (0 active), Execution time: mean = 129.210 us, total = 14.471 ms, Queueing time: mean = 1.651 ms, max = 30.643 ms, min = 14.035 us, total = 184.936 ms
	NodeInfoGcsService.grpc_server.CheckAlive - 94 total (0 active), Execution time: mean = 655.031 us, total = 61.573 ms, Queueing time: mean = 0.000 s, max = -0.000 s, min = 9223372036.855 s, total = 0.000 s
	NodeInfoGcsService.grpc_server.CheckAlive.HandleRequestImpl - 94 total (0 active), Execution time: mean = 63.707 us, total = 5.988 ms, Queueing time: mean = 320.416 us, max = 5.721 ms, min = 13.620 us, total = 30.119 ms
	ClusterResourceManager.ResetRemoteNodeView - 80 total (1 active), Execution time: mean = 15.306 us, total = 1.224 ms, Queueing time: mean = 10.969 ms, max = 175.959 ms, min = 349.473 us, total = 877.515 ms
	HealthCheck - 77 total (0 active), Execution time: mean = 9.091 us, total = 700.013 us, Queueing time: mean = 524.870 us, max = 31.236 ms, min = 11.911 us, total = 40.415 ms
	NodeInfoGcsService.grpc_server.GetClusterId - 56 total (0 active), Execution time: mean = 1.090 ms, total = 61.023 ms, Queueing time: mean = 0.000 s, max = -0.000 s, min = 9223372036.855 s, total = 0.000 s
	NodeInfoGcsService.grpc_server.GetClusterId.HandleRequestImpl - 56 total (0 active), Execution time: mean = 55.214 us, total = 3.092 ms, Queueing time: mean = 808.597 us, max = 16.424 ms, min = 10.738 us, total = 45.281 ms
	NodeResourceInfoGcsService.grpc_server.GetAllResourceUsage - 48 total (0 active), Execution time: mean = 2.117 ms, total = 101.636 ms, Queueing time: mean = 0.000 s, max = -0.000 s, min = 9223372036.855 s, total = 0.000 s
	NodeResourceInfoGcsService.grpc_server.GetAllResourceUsage.HandleRequestImpl - 48 total (0 active), Execution time: mean = 843.644 us, total = 40.495 ms, Queueing time: mean = 1.017 ms, max = 21.499 ms, min = 15.402 us, total = 48.798 ms
	GCSServer.deadline_timer.debug_state_dump - 24 total (1 active), Execution time: mean = 3.370 ms, total = 80.879 ms, Queueing time: mean = 7.913 ms, max = 25.651 ms, min = -0.005 s, total = 189.905 ms
	WorkerInfoGcsService.grpc_server.AddWorkerInfo.HandleRequestImpl - 12 total (0 active), Execution time: mean = 6.966 ms, total = 83.596 ms, Queueing time: mean = 24.575 ms, max = 99.641 ms, min = 28.245 us, total = 294.899 ms
	WorkerInfoGcsService.grpc_server.AddWorkerInfo - 12 total (0 active), Execution time: mean = 32.510 ms, total = 390.124 ms, Queueing time: mean = 0.000 s, max = -0.000 s, min = 9223372036.855 s, total = 0.000 s
	GcsInMemoryStore.GetAll - 7 total (0 active), Execution time: mean = 80.436 us, total = 563.055 us, Queueing time: mean = 138.574 us, max = 505.600 us, min = 8.410 us, total = 970.021 us
	PeriodicalRunner.RunFnPeriodically - 4 total (0 active), Execution time: mean = 1.651 ms, total = 6.602 ms, Queueing time: mean = 61.265 ms, max = 122.074 ms, min = 83.400 us, total = 245.059 ms
	GcsResourceManager::Update - 4 total (0 active), Execution time: mean = 97.904 us, total = 391.615 us, Queueing time: mean = 4.102 ms, max = 14.339 ms, min = 16.454 us, total = 16.408 ms
	GCSServer.deadline_timer.debug_state_event_stats_print - 4 total (1 active, 1 running), Execution time: mean = 1.773 ms, total = 7.091 ms, Queueing time: mean = 7.360 ms, max = 14.374 ms, min = 3.100 ms, total = 29.438 ms
	ActorInfoGcsService.grpc_server.CreateActor.HandleRequestImpl - 3 total (0 active), Execution time: mean = 1.245 ms, total = 3.734 ms, Queueing time: mean = 184.497 us, max = 468.917 us, min = 31.524 us, total = 553.492 us
	NodeManagerService.grpc_client.RequestWorkerLease - 3 total (0 active), Execution time: mean = 2.321 s, total = 6.964 s, Queueing time: mean = 0.000 s, max = -0.000 s, min = 9223372036.855 s, total = 0.000 s
	ActorInfoGcsService.grpc_server.CreateActor - 3 total (1 active), Execution time: mean = 6.622 s, total = 19.867 s, Queueing time: mean = 0.000 s, max = -0.000 s, min = 9223372036.855 s, total = 0.000 s
	ActorInfoGcsService.grpc_server.RegisterActor - 3 total (0 active), Execution time: mean = 5.031 ms, total = 15.093 ms, Queueing time: mean = 0.000 s, max = -0.000 s, min = 9223372036.855 s, total = 0.000 s
	CoreWorkerService.grpc_client.PushTask - 3 total (0 active), Execution time: mean = 7.972 s, total = 23.917 s, Queueing time: mean = 0.000 s, max = -0.000 s, min = 9223372036.855 s, total = 0.000 s
	ActorInfoGcsService.grpc_server.RegisterActor.HandleRequestImpl - 3 total (0 active), Execution time: mean = 3.550 ms, total = 10.651 ms, Queueing time: mean = 348.051 us, max = 1.003 ms, min = 12.863 us, total = 1.044 ms
	CoreWorkerService.grpc_client.WaitForActorOutOfScope - 3 total (3 active), Execution time: mean = 0.000 s, total = 0.000 s, Queueing time: mean = 0.000 s, max = -0.000 s, min = 9223372036.855 s, total = 0.000 s
	NodeManagerService.grpc_client.RequestWorkerLease.OnReplyReceived - 3 total (0 active), Execution time: mean = 1.862 ms, total = 5.585 ms, Queueing time: mean = 7.003 ms, max = 18.381 ms, min = 13.953 us, total = 21.009 ms
	CoreWorkerService.grpc_client.PushTask.OnReplyReceived - 3 total (0 active), Execution time: mean = 5.117 ms, total = 15.350 ms, Queueing time: mean = 3.762 ms, max = 11.229 ms, min = 19.850 us, total = 11.286 ms
	ActorInfoGcsService.grpc_server.GetActorInfo - 2 total (0 active), Execution time: mean = 523.630 us, total = 1.047 ms, Queueing time: mean = 0.000 s, max = -0.000 s, min = 9223372036.855 s, total = 0.000 s
	ActorInfoGcsService.grpc_server.GetActorInfo.HandleRequestImpl - 2 total (0 active), Execution time: mean = 201.196 us, total = 402.393 us, Queueing time: mean = 334.868 us, max = 647.094 us, min = 22.643 us, total = 669.737 us
	NodeInfoGcsService.grpc_server.RegisterNode.HandleRequestImpl - 1 total (0 active), Execution time: mean = 1.742 ms, total = 1.742 ms, Queueing time: mean = 23.870 us, max = 23.870 us, min = 23.870 us, total = 23.870 us
	InternalKVGcsService.grpc_server.InternalKVDel - 1 total (0 active), Execution time: mean = 2.084 ms, total = 2.084 ms, Queueing time: mean = 0.000 s, max = -0.000 s, min = 9223372036.855 s, total = 0.000 s
	NodeInfoGcsService.grpc_server.RegisterNode - 1 total (0 active), Execution time: mean = 5.149 ms, total = 5.149 ms, Queueing time: mean = 0.000 s, max = -0.000 s, min = 9223372036.855 s, total = 0.000 s
	GcsInMemoryStore.Delete - 1 total (0 active), Execution time: mean = 435.663 us, total = 435.663 us, Queueing time: mean = 15.162 us, max = 15.162 us, min = 15.162 us, total = 15.162 us
	JobInfoGcsService.grpc_server.ReportJobError - 1 total (0 active), Execution time: mean = 13.339 ms, total = 13.339 ms, Queueing time: mean = 0.000 s, max = -0.000 s, min = 9223372036.855 s, total = 0.000 s
	GcsInMemoryStore.BatchDelete - 1 total (0 active), Execution time: mean = 11.515 us, total = 11.515 us, Queueing time: mean = 350.524 us, max = 350.524 us, min = 350.524 us, total = 350.524 us
	NodeInfoGcsService.grpc_server.GetInternalConfig - 1 total (0 active), Execution time: mean = 878.809 us, total = 878.809 us, Queueing time: mean = 0.000 s, max = -0.000 s, min = 9223372036.855 s, total = 0.000 s
	JobInfoGcsService.grpc_server.AddJob.HandleRequestImpl - 1 total (0 active), Execution time: mean = 24.482 ms, total = 24.482 ms, Queueing time: mean = 9.700 ms, max = 9.700 ms, min = 9.700 ms, total = 9.700 ms
	ActorInfoGcsService.grpc_server.GetAllActorInfo.HandleRequestImpl - 1 total (0 active), Execution time: mean = 357.390 us, total = 357.390 us, Queueing time: mean = 11.704 us, max = 11.704 us, min = 11.704 us, total = 11.704 us
	JobInfoGcsService.grpc_server.GetAllJobInfo.HandleRequestImpl - 1 total (0 active), Execution time: mean = 379.361 us, total = 379.361 us, Queueing time: mean = 33.175 us, max = 33.175 us, min = 33.175 us, total = 33.175 us
	JobInfoGcsService.grpc_server.GetNextJobID - 1 total (0 active), Execution time: mean = 200.867 us, total = 200.867 us, Queueing time: mean = 0.000 s, max = -0.000 s, min = 9223372036.855 s, total = 0.000 s
	WorkerInfoGcsService.grpc_server.ReportWorkerFailure - 1 total (0 active), Execution time: mean = 36.666 ms, total = 36.666 ms, Queueing time: mean = 0.000 s, max = -0.000 s, min = 9223372036.855 s, total = 0.000 s
	InternalKVGcsService.grpc_server.InternalKVDel.HandleRequestImpl - 1 total (0 active), Execution time: mean = 316.663 us, total = 316.663 us, Queueing time: mean = 31.082 us, max = 31.082 us, min = 31.082 us, total = 31.082 us
	WorkerInfoGcsService.grpc_server.ReportWorkerFailure.HandleRequestImpl - 1 total (0 active), Execution time: mean = 2.277 ms, total = 2.277 ms, Queueing time: mean = 11.144 ms, max = 11.144 ms, min = 11.144 ms, total = 11.144 ms
	GcsHealthCheckManager::AddNode - 1 total (0 active), Execution time: mean = 214.648 us, total = 214.648 us, Queueing time: mean = 1.642 us, max = 1.642 us, min = 1.642 us, total = 1.642 us
	JobInfoGcsService.grpc_server.GetNextJobID.HandleRequestImpl - 1 total (0 active), Execution time: mean = 16.345 us, total = 16.345 us, Queueing time: mean = 18.430 us, max = 18.430 us, min = 18.430 us, total = 18.430 us
	JobInfoGcsService.grpc_server.ReportJobError.HandleRequestImpl - 1 total (0 active), Execution time: mean = 274.769 us, total = 274.769 us, Queueing time: mean = 12.833 ms, max = 12.833 ms, min = 12.833 ms, total = 12.833 ms
	JobInfoGcsService.grpc_server.AddJob - 1 total (0 active), Execution time: mean = 43.991 ms, total = 43.991 ms, Queueing time: mean = 0.000 s, max = -0.000 s, min = 9223372036.855 s, total = 0.000 s
	JobInfoGcsService.grpc_server.GetAllJobInfo - 1 total (0 active), Execution time: mean = 986.564 us, total = 986.564 us, Queueing time: mean = 0.000 s, max = -0.000 s, min = 9223372036.855 s, total = 0.000 s
	NodeInfoGcsService.grpc_server.GetInternalConfig.HandleRequestImpl - 1 total (0 active), Execution time: mean = 358.036 us, total = 358.036 us, Queueing time: mean = 22.063 us, max = 22.063 us, min = 22.063 us, total = 22.063 us
	ActorInfoGcsService.grpc_server.GetAllActorInfo - 1 total (0 active), Execution time: mean = 545.843 us, total = 545.843 us, Queueing time: mean = 0.000 s, max = -0.000 s, min = 9223372036.855 s, total = 0.000 s


[2024-05-25 19:47:21,092 I 20792 20796] (gcs_server.exe) gcs_server.cc:845: GcsTaskManager Event stats:


Global stats: 5081 total (1 active)
Queueing time: mean = 201.718 us, max = 35.958 ms, min = 2.311 us, total = 1.025 s
Execution time:  mean = 322.587 us, total = 1.639 s
Event stats:
	TaskInfoGcsService.grpc_server.AddTaskEventData - 2516 total (0 active), Execution time: mean = 587.974 us, total = 1.479 s, Queueing time: mean = 0.000 s, max = -0.000 s, min = 9223372036.855 s, total = 0.000 s
	TaskInfoGcsService.grpc_server.AddTaskEventData.HandleRequestImpl - 2516 total (0 active), Execution time: mean = 63.141 us, total = 158.864 ms, Queueing time: mean = 252.868 us, max = 22.758 ms, min = 2.311 us, total = 636.217 ms
	GcsTaskManager.GcJobSummary - 48 total (1 active), Execution time: mean = 17.476 us, total = 838.844 us, Queueing time: mean = 8.098 ms, max = 35.958 ms, min = 283.941 us, total = 388.689 ms
	PeriodicalRunner.RunFnPeriodically - 1 total (0 active), Execution time: mean = 18.800 us, total = 18.800 us, Queueing time: mean = 24.000 us, max = 24.000 us, min = 24.000 us, total = 24.000 us


[2024-05-25 19:48:21,090 I 20792 20796] (gcs_server.exe) gcs_server.cc:250: GcsNodeManager: 
- RegisterNode request count: 1
- DrainNode request count: 0
- GetAllNodeInfo request count: 136
- GetInternalConfig request count: 1

GcsActorManager: 
- RegisterActor request count: 3
- CreateActor request count: 3
- GetActorInfo request count: 2
- GetNamedActorInfo request count: 0
- GetAllActorInfo request count: 1
- KillActor request count: 0
- ListNamedActors request count: 0
- Registered actors count: 3
- Destroyed actors count: 0
- Named actors count: 0
- Unresolved actors count: 0
- Pending actors count: 0
- Created actors count: 1
- owners_: 1
- actor_to_register_callbacks_: 0
- actor_to_create_callbacks_: 1
- sorted_destroyed_actor_list_: 0

GcsResourceManager: 
- GetAllAvailableResources request count0
- GetAllResourceUsage request count: 60

GcsPlacementGroupManager: 
- CreatePlacementGroup request count: 0
- RemovePlacementGroup request count: 0
- GetPlacementGroup request count: 0
- GetAllPlacementGroup request count: 0
- WaitPlacementGroupUntilReady request count: 0
- GetNamedPlacementGroup request count: 0
- Scheduling pending placement group count: 0
- Registered placement groups count: 0
- Named placement group count: 0
- Pending placement groups count: 0
- Infeasible placement groups count: 0

Publisher:
GCS_NODE_INFO_CHANNEL
- cumulative published messages: 1
- cumulative published bytes: 380
- current buffered bytes: 0
GCS_ACTOR_CHANNEL
- cumulative published messages: 9
- cumulative published bytes: 3243
- current buffered bytes: 1530
RAY_ERROR_INFO_CHANNEL
- cumulative published messages: 1
- cumulative published bytes: 860
- current buffered bytes: 860
GCS_WORKER_DELTA_CHANNEL
- cumulative published messages: 1
- cumulative published bytes: 97
- current buffered bytes: 97
GCS_JOB_CHANNEL
- cumulative published messages: 1
- cumulative published bytes: 532
- current buffered bytes: 532
RAY_LOG_CHANNEL
- cumulative published messages: 64
- cumulative published bytes: 55405
- current buffered bytes: 800

[runtime env manager] ID to URIs table:
[runtime env manager] URIs reference table:

GcsTaskManager: 
-Total num task events reported: 18
-Total num status task events dropped: 0
-Total num profile events dropped: 0
-Current num of task events stored: 7
-Total num of actor creation tasks: 3
-Total num of actor tasks: 2
-Total num of normal tasks: 0
-Total num of driver tasks: 1


[2024-05-25 19:48:21,091 I 20792 20796] (gcs_server.exe) gcs_server.cc:844: Event stats:


Global stats: 5304 total (8 active)
Queueing time: mean = 1.365 ms, max = 302.131 ms, min = -0.005 s, total = 7.237 s
Execution time:  mean = 10.387 ms, total = 55.095 s
Event stats:
	GcsInMemoryStore.Put - 528 total (0 active), Execution time: mean = 331.218 us, total = 174.883 ms, Queueing time: mean = 382.552 us, max = 121.060 ms, min = 2.273 us, total = 201.987 ms
	InternalKVGcsService.grpc_server.InternalKVPut - 498 total (0 active), Execution time: mean = 965.109 us, total = 480.624 ms, Queueing time: mean = 0.000 s, max = -0.000 s, min = 9223372036.855 s, total = 0.000 s
	InternalKVGcsService.grpc_server.InternalKVPut.HandleRequestImpl - 498 total (0 active), Execution time: mean = 38.212 us, total = 19.030 ms, Queueing time: mean = 458.844 us, max = 15.280 ms, min = 7.509 us, total = 228.504 ms
	GcsInMemoryStore.Get - 366 total (0 active), Execution time: mean = 237.028 us, total = 86.752 ms, Queueing time: mean = 49.218 us, max = 2.959 ms, min = 2.221 us, total = 18.014 ms
	InternalKVGcsService.grpc_server.InternalKVGet.HandleRequestImpl - 363 total (0 active), Execution time: mean = 60.255 us, total = 21.873 ms, Queueing time: mean = 1.522 ms, max = 72.797 ms, min = 7.145 us, total = 552.407 ms
	InternalKVGcsService.grpc_server.InternalKVGet - 363 total (0 active), Execution time: mean = 1.999 ms, total = 725.772 ms, Queueing time: mean = 0.000 s, max = -0.000 s, min = 9223372036.855 s, total = 0.000 s
	InternalKVGcsService.grpc_client.InternalKVPut - 361 total (0 active), Execution time: mean = 1.633 ms, total = 589.440 ms, Queueing time: mean = 0.000 s, max = -0.000 s, min = 9223372036.855 s, total = 0.000 s
	InternalKVGcsService.grpc_client.InternalKVPut.OnReplyReceived - 361 total (0 active), Execution time: mean = 29.375 us, total = 10.604 ms, Queueing time: mean = 398.821 us, max = 15.215 ms, min = 3.221 us, total = 143.974 ms
	RayletLoadPulled - 297 total (1 active), Execution time: mean = 417.761 us, total = 124.075 ms, Queueing time: mean = 12.153 ms, max = 302.131 ms, min = -0.001 s, total = 3.609 s
	NodeManagerService.grpc_client.GetResourceLoad - 291 total (0 active), Execution time: mean = 2.192 ms, total = 637.971 ms, Queueing time: mean = 0.000 s, max = -0.000 s, min = 9223372036.855 s, total = 0.000 s
	NodeManagerService.grpc_client.GetResourceLoad.OnReplyReceived - 291 total (0 active), Execution time: mean = 68.664 us, total = 19.981 ms, Queueing time: mean = 588.996 us, max = 40.194 ms, min = 8.856 us, total = 171.398 ms
	NodeInfoGcsService.grpc_server.GetAllNodeInfo - 136 total (0 active), Execution time: mean = 1.998 ms, total = 271.742 ms, Queueing time: mean = 0.000 s, max = -0.000 s, min = 9223372036.855 s, total = 0.000 s
	NodeInfoGcsService.grpc_server.GetAllNodeInfo.HandleRequestImpl - 136 total (0 active), Execution time: mean = 120.496 us, total = 16.388 ms, Queueing time: mean = 1.572 ms, max = 30.643 ms, min = 14.035 us, total = 213.752 ms
	NodeInfoGcsService.grpc_server.CheckAlive - 118 total (0 active), Execution time: mean = 1.008 ms, total = 118.962 ms, Queueing time: mean = 0.000 s, max = -0.000 s, min = 9223372036.855 s, total = 0.000 s
	NodeInfoGcsService.grpc_server.CheckAlive.HandleRequestImpl - 118 total (0 active), Execution time: mean = 58.971 us, total = 6.959 ms, Queueing time: mean = 676.301 us, max = 48.270 ms, min = 13.620 us, total = 79.804 ms
	ClusterResourceManager.ResetRemoteNodeView - 100 total (1 active), Execution time: mean = 15.712 us, total = 1.571 ms, Queueing time: mean = 9.922 ms, max = 175.959 ms, min = 349.473 us, total = 992.151 ms
	HealthCheck - 97 total (0 active), Execution time: mean = 8.912 us, total = 864.422 us, Queueing time: mean = 421.929 us, max = 31.236 ms, min = 9.222 us, total = 40.927 ms
	NodeInfoGcsService.grpc_server.GetClusterId - 68 total (0 active), Execution time: mean = 954.197 us, total = 64.885 ms, Queueing time: mean = 0.000 s, max = -0.000 s, min = 9223372036.855 s, total = 0.000 s
	NodeInfoGcsService.grpc_server.GetClusterId.HandleRequestImpl - 68 total (0 active), Execution time: mean = 60.973 us, total = 4.146 ms, Queueing time: mean = 671.171 us, max = 16.424 ms, min = 10.738 us, total = 45.640 ms
	NodeResourceInfoGcsService.grpc_server.GetAllResourceUsage - 60 total (0 active), Execution time: mean = 2.411 ms, total = 144.633 ms, Queueing time: mean = 0.000 s, max = -0.000 s, min = 9223372036.855 s, total = 0.000 s
	NodeResourceInfoGcsService.grpc_server.GetAllResourceUsage.HandleRequestImpl - 60 total (0 active), Execution time: mean = 688.881 us, total = 41.333 ms, Queueing time: mean = 1.457 ms, max = 36.755 ms, min = 13.129 us, total = 87.430 ms
	GCSServer.deadline_timer.debug_state_dump - 30 total (1 active), Execution time: mean = 3.532 ms, total = 105.963 ms, Queueing time: mean = 6.399 ms, max = 25.651 ms, min = -0.005 s, total = 191.971 ms
	WorkerInfoGcsService.grpc_server.AddWorkerInfo.HandleRequestImpl - 12 total (0 active), Execution time: mean = 6.966 ms, total = 83.596 ms, Queueing time: mean = 24.575 ms, max = 99.641 ms, min = 28.245 us, total = 294.899 ms
	WorkerInfoGcsService.grpc_server.AddWorkerInfo - 12 total (0 active), Execution time: mean = 32.510 ms, total = 390.124 ms, Queueing time: mean = 0.000 s, max = -0.000 s, min = 9223372036.855 s, total = 0.000 s
	GcsInMemoryStore.GetAll - 7 total (0 active), Execution time: mean = 80.436 us, total = 563.055 us, Queueing time: mean = 138.574 us, max = 505.600 us, min = 8.410 us, total = 970.021 us
	GCSServer.deadline_timer.debug_state_event_stats_print - 5 total (1 active, 1 running), Execution time: mean = 2.174 ms, total = 10.870 ms, Queueing time: mean = 6.819 ms, max = 14.374 ms, min = 3.100 ms, total = 34.096 ms
	PeriodicalRunner.RunFnPeriodically - 4 total (0 active), Execution time: mean = 1.651 ms, total = 6.602 ms, Queueing time: mean = 61.265 ms, max = 122.074 ms, min = 83.400 us, total = 245.059 ms
	GcsResourceManager::Update - 4 total (0 active), Execution time: mean = 97.904 us, total = 391.615 us, Queueing time: mean = 4.102 ms, max = 14.339 ms, min = 16.454 us, total = 16.408 ms
	ActorInfoGcsService.grpc_server.CreateActor.HandleRequestImpl - 3 total (0 active), Execution time: mean = 1.245 ms, total = 3.734 ms, Queueing time: mean = 184.497 us, max = 468.917 us, min = 31.524 us, total = 553.492 us
	NodeManagerService.grpc_client.RequestWorkerLease - 3 total (0 active), Execution time: mean = 2.321 s, total = 6.964 s, Queueing time: mean = 0.000 s, max = -0.000 s, min = 9223372036.855 s, total = 0.000 s
	ActorInfoGcsService.grpc_server.CreateActor - 3 total (1 active), Execution time: mean = 6.622 s, total = 19.867 s, Queueing time: mean = 0.000 s, max = -0.000 s, min = 9223372036.855 s, total = 0.000 s
	ActorInfoGcsService.grpc_server.RegisterActor - 3 total (0 active), Execution time: mean = 5.031 ms, total = 15.093 ms, Queueing time: mean = 0.000 s, max = -0.000 s, min = 9223372036.855 s, total = 0.000 s
	CoreWorkerService.grpc_client.PushTask - 3 total (0 active), Execution time: mean = 7.972 s, total = 23.917 s, Queueing time: mean = 0.000 s, max = -0.000 s, min = 9223372036.855 s, total = 0.000 s
	ActorInfoGcsService.grpc_server.RegisterActor.HandleRequestImpl - 3 total (0 active), Execution time: mean = 3.550 ms, total = 10.651 ms, Queueing time: mean = 348.051 us, max = 1.003 ms, min = 12.863 us, total = 1.044 ms
	CoreWorkerService.grpc_client.WaitForActorOutOfScope - 3 total (3 active), Execution time: mean = 0.000 s, total = 0.000 s, Queueing time: mean = 0.000 s, max = -0.000 s, min = 9223372036.855 s, total = 0.000 s
	NodeManagerService.grpc_client.RequestWorkerLease.OnReplyReceived - 3 total (0 active), Execution time: mean = 1.862 ms, total = 5.585 ms, Queueing time: mean = 7.003 ms, max = 18.381 ms, min = 13.953 us, total = 21.009 ms
	CoreWorkerService.grpc_client.PushTask.OnReplyReceived - 3 total (0 active), Execution time: mean = 5.117 ms, total = 15.350 ms, Queueing time: mean = 3.762 ms, max = 11.229 ms, min = 19.850 us, total = 11.286 ms
	ActorInfoGcsService.grpc_server.GetActorInfo - 2 total (0 active), Execution time: mean = 523.630 us, total = 1.047 ms, Queueing time: mean = 0.000 s, max = -0.000 s, min = 9223372036.855 s, total = 0.000 s
	ActorInfoGcsService.grpc_server.GetActorInfo.HandleRequestImpl - 2 total (0 active), Execution time: mean = 201.196 us, total = 402.393 us, Queueing time: mean = 334.868 us, max = 647.094 us, min = 22.643 us, total = 669.737 us
	NodeInfoGcsService.grpc_server.RegisterNode.HandleRequestImpl - 1 total (0 active), Execution time: mean = 1.742 ms, total = 1.742 ms, Queueing time: mean = 23.870 us, max = 23.870 us, min = 23.870 us, total = 23.870 us
	InternalKVGcsService.grpc_server.InternalKVDel - 1 total (0 active), Execution time: mean = 2.084 ms, total = 2.084 ms, Queueing time: mean = 0.000 s, max = -0.000 s, min = 9223372036.855 s, total = 0.000 s
	NodeInfoGcsService.grpc_server.RegisterNode - 1 total (0 active), Execution time: mean = 5.149 ms, total = 5.149 ms, Queueing time: mean = 0.000 s, max = -0.000 s, min = 9223372036.855 s, total = 0.000 s
	GcsInMemoryStore.Delete - 1 total (0 active), Execution time: mean = 435.663 us, total = 435.663 us, Queueing time: mean = 15.162 us, max = 15.162 us, min = 15.162 us, total = 15.162 us
	JobInfoGcsService.grpc_server.ReportJobError - 1 total (0 active), Execution time: mean = 13.339 ms, total = 13.339 ms, Queueing time: mean = 0.000 s, max = -0.000 s, min = 9223372036.855 s, total = 0.000 s
	GcsInMemoryStore.BatchDelete - 1 total (0 active), Execution time: mean = 11.515 us, total = 11.515 us, Queueing time: mean = 350.524 us, max = 350.524 us, min = 350.524 us, total = 350.524 us
	NodeInfoGcsService.grpc_server.GetInternalConfig - 1 total (0 active), Execution time: mean = 878.809 us, total = 878.809 us, Queueing time: mean = 0.000 s, max = -0.000 s, min = 9223372036.855 s, total = 0.000 s
	JobInfoGcsService.grpc_server.AddJob.HandleRequestImpl - 1 total (0 active), Execution time: mean = 24.482 ms, total = 24.482 ms, Queueing time: mean = 9.700 ms, max = 9.700 ms, min = 9.700 ms, total = 9.700 ms
	ActorInfoGcsService.grpc_server.GetAllActorInfo.HandleRequestImpl - 1 total (0 active), Execution time: mean = 357.390 us, total = 357.390 us, Queueing time: mean = 11.704 us, max = 11.704 us, min = 11.704 us, total = 11.704 us
	JobInfoGcsService.grpc_server.GetAllJobInfo.HandleRequestImpl - 1 total (0 active), Execution time: mean = 379.361 us, total = 379.361 us, Queueing time: mean = 33.175 us, max = 33.175 us, min = 33.175 us, total = 33.175 us
	JobInfoGcsService.grpc_server.GetNextJobID - 1 total (0 active), Execution time: mean = 200.867 us, total = 200.867 us, Queueing time: mean = 0.000 s, max = -0.000 s, min = 9223372036.855 s, total = 0.000 s
	WorkerInfoGcsService.grpc_server.ReportWorkerFailure - 1 total (0 active), Execution time: mean = 36.666 ms, total = 36.666 ms, Queueing time: mean = 0.000 s, max = -0.000 s, min = 9223372036.855 s, total = 0.000 s
	InternalKVGcsService.grpc_server.InternalKVDel.HandleRequestImpl - 1 total (0 active), Execution time: mean = 316.663 us, total = 316.663 us, Queueing time: mean = 31.082 us, max = 31.082 us, min = 31.082 us, total = 31.082 us
	WorkerInfoGcsService.grpc_server.ReportWorkerFailure.HandleRequestImpl - 1 total (0 active), Execution time: mean = 2.277 ms, total = 2.277 ms, Queueing time: mean = 11.144 ms, max = 11.144 ms, min = 11.144 ms, total = 11.144 ms
	GcsHealthCheckManager::AddNode - 1 total (0 active), Execution time: mean = 214.648 us, total = 214.648 us, Queueing time: mean = 1.642 us, max = 1.642 us, min = 1.642 us, total = 1.642 us
	JobInfoGcsService.grpc_server.GetNextJobID.HandleRequestImpl - 1 total (0 active), Execution time: mean = 16.345 us, total = 16.345 us, Queueing time: mean = 18.430 us, max = 18.430 us, min = 18.430 us, total = 18.430 us
	JobInfoGcsService.grpc_server.ReportJobError.HandleRequestImpl - 1 total (0 active), Execution time: mean = 274.769 us, total = 274.769 us, Queueing time: mean = 12.833 ms, max = 12.833 ms, min = 12.833 ms, total = 12.833 ms
	JobInfoGcsService.grpc_server.AddJob - 1 total (0 active), Execution time: mean = 43.991 ms, total = 43.991 ms, Queueing time: mean = 0.000 s, max = -0.000 s, min = 9223372036.855 s, total = 0.000 s
	JobInfoGcsService.grpc_server.GetAllJobInfo - 1 total (0 active), Execution time: mean = 986.564 us, total = 986.564 us, Queueing time: mean = 0.000 s, max = -0.000 s, min = 9223372036.855 s, total = 0.000 s
	NodeInfoGcsService.grpc_server.GetInternalConfig.HandleRequestImpl - 1 total (0 active), Execution time: mean = 358.036 us, total = 358.036 us, Queueing time: mean = 22.063 us, max = 22.063 us, min = 22.063 us, total = 22.063 us
	ActorInfoGcsService.grpc_server.GetAllActorInfo - 1 total (0 active), Execution time: mean = 545.843 us, total = 545.843 us, Queueing time: mean = 0.000 s, max = -0.000 s, min = 9223372036.855 s, total = 0.000 s


[2024-05-25 19:48:21,091 I 20792 20796] (gcs_server.exe) gcs_server.cc:845: GcsTaskManager Event stats:


Global stats: 6399 total (1 active)
Queueing time: mean = 190.534 us, max = 35.958 ms, min = 2.311 us, total = 1.219 s
Execution time:  mean = 306.857 us, total = 1.964 s
Event stats:
	TaskInfoGcsService.grpc_server.AddTaskEventData - 3169 total (0 active), Execution time: mean = 558.759 us, total = 1.771 s, Queueing time: mean = 0.000 s, max = -0.000 s, min = 9223372036.855 s, total = 0.000 s
	TaskInfoGcsService.grpc_server.AddTaskEventData.HandleRequestImpl - 3169 total (0 active), Execution time: mean = 60.514 us, total = 191.769 ms, Queueing time: mean = 228.931 us, max = 22.758 ms, min = 2.311 us, total = 725.481 ms
	GcsTaskManager.GcJobSummary - 60 total (1 active), Execution time: mean = 17.997 us, total = 1.080 ms, Queueing time: mean = 8.229 ms, max = 35.958 ms, min = 283.941 us, total = 493.723 ms
	PeriodicalRunner.RunFnPeriodically - 1 total (0 active), Execution time: mean = 18.800 us, total = 18.800 us, Queueing time: mean = 24.000 us, max = 24.000 us, min = 24.000 us, total = 24.000 us


