[2024-05-25 19:43:59,603 I 9536 8772] core_worker_process.cc:107: Constructing CoreWorkerProcess. pid: 9536
[2024-05-25 19:43:59,608 I 9536 8772] io_service_pool.cc:35: IOServicePool is running with 1 io_service.
[2024-05-25 19:43:59,613 I 9536 8772] grpc_server.cc:134: worker server started, listening on port 50758.
[2024-05-25 19:43:59,624 I 9536 8772] core_worker.cc:258: Initializing worker at address: 127.0.0.1:50758, worker ID 5a1c5063d45bc8844660f12a5293534a88ef93bc704ab3d652ebbc05, raylet d863ee0daa3c11ba1854014e9f17b10c7441806a22cda2c6762c7d93
[2024-05-25 19:43:59,626 I 9536 8772] task_event_buffer.cc:177: Reporting task events to GCS every 1000ms.
[2024-05-25 19:43:59,627 I 9536 6632] accessor.cc:627: Received notification for node id = d863ee0daa3c11ba1854014e9f17b10c7441806a22cda2c6762c7d93, IsAlive = 1
[2024-05-25 19:43:59,628 I 9536 6632] core_worker.cc:4602: Number of alive nodes:1
[2024-05-25 19:43:59,629 I 9536 6632] core_worker.cc:611: Event stats:


Global stats: 12 total (4 active)
Queueing time: mean = 79.000 us, max = 648.000 us, min = 8.800 us, total = 948.000 us
Execution time:  mean = 182.300 us, total = 2.188 ms
Event stats:
	PeriodicalRunner.RunFnPeriodically - 3 total (1 active, 1 running), Execution time: mean = 18.867 us, total = 56.600 us, Queueing time: mean = 270.133 us, max = 648.000 us, min = 162.400 us, total = 810.400 us
	WorkerInfoGcsService.grpc_client.AddWorkerInfo.OnReplyReceived - 1 total (0 active), Execution time: mean = 46.300 us, total = 46.300 us, Queueing time: mean = 24.000 us, max = 24.000 us, min = 24.000 us, total = 24.000 us
	InternalPubSubGcsService.grpc_client.GcsSubscriberCommandBatch - 1 total (0 active), Execution time: mean = 494.400 us, total = 494.400 us, Queueing time: mean = 0.000 s, max = -0.000 s, min = 9223372036.855 s, total = 0.000 s
	InternalPubSubGcsService.grpc_client.GcsSubscriberPoll - 1 total (1 active), Execution time: mean = 0.000 s, total = 0.000 s, Queueing time: mean = 0.000 s, max = -0.000 s, min = 9223372036.855 s, total = 0.000 s
	WorkerInfoGcsService.grpc_client.AddWorkerInfo - 1 total (0 active), Execution time: mean = 706.400 us, total = 706.400 us, Queueing time: mean = 0.000 s, max = -0.000 s, min = 9223372036.855 s, total = 0.000 s
	Publisher.CheckDeadSubscribers - 1 total (1 active), Execution time: mean = 0.000 s, total = 0.000 s, Queueing time: mean = 0.000 s, max = -0.000 s, min = 9223372036.855 s, total = 0.000 s
	InternalPubSubGcsService.grpc_client.GcsSubscriberCommandBatch.OnReplyReceived - 1 total (0 active), Execution time: mean = 231.800 us, total = 231.800 us, Queueing time: mean = 8.800 us, max = 8.800 us, min = 8.800 us, total = 8.800 us
	CoreWorker.ExitIfParentRayletDies - 1 total (1 active), Execution time: mean = 0.000 s, total = 0.000 s, Queueing time: mean = 0.000 s, max = -0.000 s, min = 9223372036.855 s, total = 0.000 s
	NodeInfoGcsService.grpc_client.GetAllNodeInfo - 1 total (0 active), Execution time: mean = 505.900 us, total = 505.900 us, Queueing time: mean = 0.000 s, max = -0.000 s, min = 9223372036.855 s, total = 0.000 s
	NodeInfoGcsService.grpc_client.GetAllNodeInfo.OnReplyReceived - 1 total (0 active), Execution time: mean = 146.200 us, total = 146.200 us, Queueing time: mean = 104.800 us, max = 104.800 us, min = 104.800 us, total = 104.800 us

-----------------
Task Event stats:

IO Service Stats:

Global stats: 4 total (1 active)
Queueing time: mean = 71.475 us, max = 254.700 us, min = 31.200 us, total = 285.900 us
Execution time:  mean = 217.225 us, total = 868.900 us
Event stats:
	PeriodicalRunner.RunFnPeriodically - 1 total (0 active), Execution time: mean = 224.200 us, total = 224.200 us, Queueing time: mean = 254.700 us, max = 254.700 us, min = 254.700 us, total = 254.700 us
	TaskInfoGcsService.grpc_client.AddTaskEventData.OnReplyReceived - 1 total (0 active), Execution time: mean = 28.000 us, total = 28.000 us, Queueing time: mean = 31.200 us, max = 31.200 us, min = 31.200 us, total = 31.200 us
	CoreWorker.deadline_timer.flush_task_events - 1 total (1 active), Execution time: mean = 0.000 s, total = 0.000 s, Queueing time: mean = 0.000 s, max = -0.000 s, min = 9223372036.855 s, total = 0.000 s
	TaskInfoGcsService.grpc_client.AddTaskEventData - 1 total (0 active), Execution time: mean = 616.700 us, total = 616.700 us, Queueing time: mean = 0.000 s, max = -0.000 s, min = 9223372036.855 s, total = 0.000 s
Other Stats:
	grpc_in_progress:0
	current number of task status events in buffer: 0
	current number of profile events in buffer: 0
	current number of dropped task attempts tracked: 0
	total task events sent: 0 MiB
	total number of task attempts sent: 0
	total number of task attempts dropped reported: 0
	total number of sent failure: 0
	num status task events dropped: 0
	num profile task events dropped: 0


[2024-05-25 19:43:59,633 I 9536 8772] event.cc:234: Set ray event level to warning
[2024-05-25 19:43:59,633 I 9536 8772] event.cc:342: Ray Event initialized for CORE_WORKER
[2024-05-25 19:43:59,637 I 9536 8772] direct_actor_task_submitter.cc:36: Set max pending calls to -1 for actor 07302b4edb8ef8410a74623001000000
[2024-05-25 19:43:59,637 I 9536 8772] direct_actor_task_submitter.cc:237: Connecting to actor 07302b4edb8ef8410a74623001000000 at worker 5a1c5063d45bc8844660f12a5293534a88ef93bc704ab3d652ebbc05
[2024-05-25 19:43:59,637 I 9536 8772] core_worker.cc:2911: Creating actor: 07302b4edb8ef8410a74623001000000
[2024-05-25 19:43:59,822 I 9536 8772] direct_actor_task_submitter.cc:36: Set max pending calls to -1 for actor a0969a40c30cc87f6065980101000000
[2024-05-25 19:44:09,717 C 9536 8772] core_worker_process.cc:29:  Check failed: !core_worker_process The process is already initialized for core worker.
*** StackTrace Information ***
unknown
unknown
unknown
unknown
unknown
unknown
unknown
unknown
unknown
unknown
unknown
unknown
unknown
unknown
unknown
unknown
unknown
unknown
unknown
unknown
unknown
unknown
unknown
unknown
unknown
unknown
unknown
unknown
unknown
unknown
unknown
unknown
unknown
unknown
unknown
unknown
unknown
unknown
unknown
unknown
unknown
unknown
unknown
unknown
unknown
unknown
unknown
unknown
unknown
unknown
unknown
unknown
unknown
unknown
unknown
unknown
unknown
unknown
unknown
unknown
unknown
unknown
unknown
unknown

