[2024-05-25 19:43:29,913 I 5748 5616] core_worker_process.cc:107: Constructing CoreWorkerProcess. pid: 5748
[2024-05-25 19:43:30,002 I 5748 5616] io_service_pool.cc:35: IOServicePool is running with 1 io_service.
[2024-05-25 19:43:30,100 I 5748 5616] grpc_server.cc:134: worker server started, listening on port 50506.
[2024-05-25 19:43:30,129 I 5748 5616] core_worker.cc:258: Initializing worker at address: 127.0.0.1:50506, worker ID 77ea5bc1694bf5d58c44d82b46d27ed93c075457f03764f7c24ce888, raylet d863ee0daa3c11ba1854014e9f17b10c7441806a22cda2c6762c7d93
[2024-05-25 19:43:30,276 I 5748 5616] task_event_buffer.cc:177: Reporting task events to GCS every 1000ms.
[2024-05-25 19:43:30,288 I 5748 22156] core_worker.cc:611: Event stats:


Global stats: 11 total (5 active)
Queueing time: mean = 12.022 ms, max = 129.678 ms, min = 71.700 us, total = 132.239 ms
Execution time:  mean = 10.902 ms, total = 119.924 ms
Event stats:
	PeriodicalRunner.RunFnPeriodically - 3 total (1 active, 1 running), Execution time: mean = 378.000 us, total = 1.134 ms, Queueing time: mean = 43.706 ms, max = 129.678 ms, min = 1.439 ms, total = 131.117 ms
	InternalPubSubGcsService.grpc_client.GcsSubscriberPoll - 1 total (1 active), Execution time: mean = 0.000 s, total = 0.000 s, Queueing time: mean = 0.000 s, max = -0.000 s, min = 9223372036.855 s, total = 0.000 s
	WorkerInfoGcsService.grpc_client.AddWorkerInfo - 1 total (0 active), Execution time: mean = 113.500 ms, total = 113.500 ms, Queueing time: mean = 0.000 s, max = -0.000 s, min = 9223372036.855 s, total = 0.000 s
	Publisher.CheckDeadSubscribers - 1 total (1 active), Execution time: mean = 0.000 s, total = 0.000 s, Queueing time: mean = 0.000 s, max = -0.000 s, min = 9223372036.855 s, total = 0.000 s
	InternalPubSubGcsService.grpc_client.GcsSubscriberCommandBatch.OnReplyReceived - 1 total (0 active), Execution time: mean = 521.100 us, total = 521.100 us, Queueing time: mean = 71.700 us, max = 71.700 us, min = 71.700 us, total = 71.700 us
	WorkerInfoGcsService.grpc_client.AddWorkerInfo.OnReplyReceived - 1 total (0 active), Execution time: mean = 87.600 us, total = 87.600 us, Queueing time: mean = 1.050 ms, max = 1.050 ms, min = 1.050 ms, total = 1.050 ms
	InternalPubSubGcsService.grpc_client.GcsSubscriberCommandBatch - 1 total (0 active), Execution time: mean = 4.681 ms, total = 4.681 ms, Queueing time: mean = 0.000 s, max = -0.000 s, min = 9223372036.855 s, total = 0.000 s
	CoreWorker.ExitIfParentRayletDies - 1 total (1 active), Execution time: mean = 0.000 s, total = 0.000 s, Queueing time: mean = 0.000 s, max = -0.000 s, min = 9223372036.855 s, total = 0.000 s
	NodeInfoGcsService.grpc_client.GetAllNodeInfo - 1 total (1 active), Execution time: mean = 0.000 s, total = 0.000 s, Queueing time: mean = 0.000 s, max = -0.000 s, min = 9223372036.855 s, total = 0.000 s

-----------------
Task Event stats:

IO Service Stats:

Global stats: 1 total (1 active)
Queueing time: mean = 0.000 s, max = -0.000 s, min = 9223372036.855 s, total = 0.000 s
Execution time:  mean = 0.000 s, total = 0.000 s
Event stats:
	PeriodicalRunner.RunFnPeriodically - 1 total (1 active), Execution time: mean = 0.000 s, total = 0.000 s, Queueing time: mean = 0.000 s, max = -0.000 s, min = 9223372036.855 s, total = 0.000 s
Other Stats:
	grpc_in_progress:0
	current number of task status events in buffer: 0
	current number of profile events in buffer: 0
	current number of dropped task attempts tracked: 0
	total task events sent: 0 MiB
	total number of task attempts sent: 0
	total number of task attempts dropped reported: 0
	total number of sent failure: 0
	num status task events dropped: 0
	num profile task events dropped: 0


[2024-05-25 19:43:30,308 I 5748 22156] accessor.cc:627: Received notification for node id = d863ee0daa3c11ba1854014e9f17b10c7441806a22cda2c6762c7d93, IsAlive = 1
[2024-05-25 19:43:30,308 I 5748 22156] core_worker.cc:4602: Number of alive nodes:1
[2024-05-25 19:43:30,309 I 5748 5616] event.cc:234: Set ray event level to warning
[2024-05-25 19:43:30,309 I 5748 5616] event.cc:342: Ray Event initialized for CORE_WORKER
[2024-05-25 19:44:30,289 I 5748 22156] core_worker.cc:611: Event stats:


Global stats: 844 total (8 active)
Queueing time: mean = 8.361 ms, max = 129.678 ms, min = -0.003 s, total = 7.057 s
Execution time:  mean = 595.194 us, total = 502.344 ms
Event stats:
	CoreWorker.RecoverObjects - 546 total (1 active), Execution time: mean = 16.872 us, total = 9.212 ms, Queueing time: mean = 9.985 ms, max = 37.652 ms, min = -0.003 s, total = 5.452 s
	CoreWorker.ExitIfParentRayletDies - 60 total (1 active), Execution time: mean = 42.391 us, total = 2.543 ms, Queueing time: mean = 10.418 ms, max = 27.593 ms, min = -0.001 s, total = 625.065 ms
	CoreWorker.InternalHeartbeat - 60 total (1 active), Execution time: mean = 352.038 us, total = 21.122 ms, Queueing time: mean = 10.003 ms, max = 24.797 ms, min = -0.000 s, total = 600.170 ms
	NodeManagerService.grpc_client.ReportWorkerBacklog - 60 total (0 active), Execution time: mean = 3.771 ms, total = 226.262 ms, Queueing time: mean = 0.000 s, max = -0.000 s, min = 9223372036.855 s, total = 0.000 s
	NodeManagerService.grpc_client.ReportWorkerBacklog.OnReplyReceived - 60 total (0 active), Execution time: mean = 36.855 us, total = 2.211 ms, Queueing time: mean = 478.341 us, max = 12.691 ms, min = 12.474 us, total = 28.700 ms
	CoreWorker.RecordMetrics - 12 total (1 active), Execution time: mean = 47.638 us, total = 571.656 us, Queueing time: mean = 8.720 ms, max = 20.909 ms, min = 279.386 us, total = 104.637 ms
	CoreWorkerService.grpc_server.GetCoreWorkerStats.HandleRequestImpl - 12 total (0 active), Execution time: mean = 2.900 ms, total = 34.803 ms, Queueing time: mean = 1.489 ms, max = 8.252 ms, min = 22.513 us, total = 17.869 ms
	CoreWorkerService.grpc_server.GetCoreWorkerStats - 12 total (0 active), Execution time: mean = 4.855 ms, total = 58.256 ms, Queueing time: mean = 0.000 s, max = -0.000 s, min = 9223372036.855 s, total = 0.000 s
	PeriodicalRunner.RunFnPeriodically - 7 total (0 active), Execution time: mean = 1.214 ms, total = 8.497 ms, Queueing time: mean = 20.793 ms, max = 129.678 ms, min = 551.300 us, total = 145.549 ms
	CoreWorker.GCStreamingGeneratorMetadata - 6 total (1 active), Execution time: mean = 6.837 us, total = 41.023 us, Queueing time: mean = 12.458 ms, max = 31.900 ms, min = 6.182 ms, total = 74.748 ms
	WorkerInfoGcsService.grpc_client.AddWorkerInfo.OnReplyReceived - 1 total (0 active), Execution time: mean = 87.600 us, total = 87.600 us, Queueing time: mean = 1.050 ms, max = 1.050 ms, min = 1.050 ms, total = 1.050 ms
	NodeInfoGcsService.grpc_client.GetAllNodeInfo - 1 total (0 active), Execution time: mean = 19.701 ms, total = 19.701 ms, Queueing time: mean = 0.000 s, max = -0.000 s, min = 9223372036.855 s, total = 0.000 s
	InternalPubSubGcsService.grpc_client.GcsSubscriberPoll - 1 total (1 active), Execution time: mean = 0.000 s, total = 0.000 s, Queueing time: mean = 0.000 s, max = -0.000 s, min = 9223372036.855 s, total = 0.000 s
	Publisher.CheckDeadSubscribers - 1 total (1 active), Execution time: mean = 0.000 s, total = 0.000 s, Queueing time: mean = 0.000 s, max = -0.000 s, min = 9223372036.855 s, total = 0.000 s
	NodeInfoGcsService.grpc_client.GetAllNodeInfo.OnReplyReceived - 1 total (0 active), Execution time: mean = 334.300 us, total = 334.300 us, Queueing time: mean = 7.066 ms, max = 7.066 ms, min = 7.066 ms, total = 7.066 ms
	CoreWorker.PrintEventStats - 1 total (1 active, 1 running), Execution time: mean = 0.000 s, total = 0.000 s, Queueing time: mean = 0.000 s, max = -0.000 s, min = 9223372036.855 s, total = 0.000 s
	WorkerInfoGcsService.grpc_client.AddWorkerInfo - 1 total (0 active), Execution time: mean = 113.500 ms, total = 113.500 ms, Queueing time: mean = 0.000 s, max = -0.000 s, min = 9223372036.855 s, total = 0.000 s
	InternalPubSubGcsService.grpc_client.GcsSubscriberCommandBatch.OnReplyReceived - 1 total (0 active), Execution time: mean = 521.100 us, total = 521.100 us, Queueing time: mean = 71.700 us, max = 71.700 us, min = 71.700 us, total = 71.700 us
	InternalPubSubGcsService.grpc_client.GcsSubscriberCommandBatch - 1 total (0 active), Execution time: mean = 4.681 ms, total = 4.681 ms, Queueing time: mean = 0.000 s, max = -0.000 s, min = 9223372036.855 s, total = 0.000 s

-----------------
Task Event stats:

IO Service Stats:

Global stats: 181 total (1 active)
Queueing time: mean = 4.796 ms, max = 87.347 ms, min = 7.896 us, total = 868.086 ms
Execution time:  mean = 683.412 us, total = 123.698 ms
Event stats:
	TaskInfoGcsService.grpc_client.AddTaskEventData.OnReplyReceived - 60 total (0 active), Execution time: mean = 75.127 us, total = 4.508 ms, Queueing time: mean = 786.157 us, max = 14.997 ms, min = 7.896 us, total = 47.169 ms
	CoreWorker.deadline_timer.flush_task_events - 60 total (1 active), Execution time: mean = 301.190 us, total = 18.071 ms, Queueing time: mean = 12.226 ms, max = 47.496 ms, min = 785.574 us, total = 733.569 ms
	TaskInfoGcsService.grpc_client.AddTaskEventData - 60 total (0 active), Execution time: mean = 1.667 ms, total = 99.996 ms, Queueing time: mean = 0.000 s, max = -0.000 s, min = 9223372036.855 s, total = 0.000 s
	PeriodicalRunner.RunFnPeriodically - 1 total (0 active), Execution time: mean = 1.122 ms, total = 1.122 ms, Queueing time: mean = 87.347 ms, max = 87.347 ms, min = 87.347 ms, total = 87.347 ms
Other Stats:
	grpc_in_progress:0
	current number of task status events in buffer: 0
	current number of profile events in buffer: 0
	current number of dropped task attempts tracked: 0
	total task events sent: 0 MiB
	total number of task attempts sent: 0
	total number of task attempts dropped reported: 0
	total number of sent failure: 0
	num status task events dropped: 0
	num profile task events dropped: 0


[2024-05-25 19:45:30,293 I 5748 22156] core_worker.cc:611: Event stats:


Global stats: 1671 total (8 active)
Queueing time: mean = 8.149 ms, max = 129.678 ms, min = -0.003 s, total = 13.618 s
Execution time:  mean = 392.806 us, total = 656.380 ms
Event stats:
	CoreWorker.RecoverObjects - 1094 total (1 active), Execution time: mean = 15.080 us, total = 16.497 ms, Queueing time: mean = 9.695 ms, max = 41.789 ms, min = -0.003 s, total = 10.606 s
	CoreWorker.ExitIfParentRayletDies - 119 total (1 active), Execution time: mean = 37.331 us, total = 4.442 ms, Queueing time: mean = 10.605 ms, max = 27.593 ms, min = -0.001 s, total = 1.262 s
	CoreWorker.InternalHeartbeat - 119 total (1 active), Execution time: mean = 378.823 us, total = 45.080 ms, Queueing time: mean = 10.202 ms, max = 24.797 ms, min = -0.000 s, total = 1.214 s
	NodeManagerService.grpc_client.ReportWorkerBacklog - 119 total (0 active), Execution time: mean = 2.814 ms, total = 334.828 ms, Queueing time: mean = 0.000 s, max = -0.000 s, min = 9223372036.855 s, total = 0.000 s
	NodeManagerService.grpc_client.ReportWorkerBacklog.OnReplyReceived - 119 total (0 active), Execution time: mean = 36.846 us, total = 4.385 ms, Queueing time: mean = 416.379 us, max = 17.853 ms, min = 12.318 us, total = 49.549 ms
	CoreWorker.RecordMetrics - 24 total (1 active), Execution time: mean = 41.706 us, total = 1.001 ms, Queueing time: mean = 8.592 ms, max = 20.909 ms, min = 279.386 us, total = 206.219 ms
	CoreWorkerService.grpc_server.GetCoreWorkerStats.HandleRequestImpl - 24 total (0 active), Execution time: mean = 1.488 ms, total = 35.712 ms, Queueing time: mean = 893.762 us, max = 8.252 ms, min = 22.513 us, total = 21.450 ms
	CoreWorkerService.grpc_server.GetCoreWorkerStats - 24 total (0 active), Execution time: mean = 2.750 ms, total = 66.002 ms, Queueing time: mean = 0.000 s, max = -0.000 s, min = 9223372036.855 s, total = 0.000 s
	CoreWorker.GCStreamingGeneratorMetadata - 12 total (1 active), Execution time: mean = 7.234 us, total = 86.802 us, Queueing time: mean = 8.731 ms, max = 31.900 ms, min = 199.030 us, total = 104.770 ms
	PeriodicalRunner.RunFnPeriodically - 7 total (0 active), Execution time: mean = 1.214 ms, total = 8.497 ms, Queueing time: mean = 20.793 ms, max = 129.678 ms, min = 551.300 us, total = 145.549 ms
	CoreWorker.PrintEventStats - 2 total (1 active, 1 running), Execution time: mean = 512.010 us, total = 1.024 ms, Queueing time: mean = -0.000 s, max = -0.000 s, min = -0.000 s, total = -0.000 s
	WorkerInfoGcsService.grpc_client.AddWorkerInfo.OnReplyReceived - 1 total (0 active), Execution time: mean = 87.600 us, total = 87.600 us, Queueing time: mean = 1.050 ms, max = 1.050 ms, min = 1.050 ms, total = 1.050 ms
	NodeInfoGcsService.grpc_client.GetAllNodeInfo - 1 total (0 active), Execution time: mean = 19.701 ms, total = 19.701 ms, Queueing time: mean = 0.000 s, max = -0.000 s, min = 9223372036.855 s, total = 0.000 s
	InternalPubSubGcsService.grpc_client.GcsSubscriberPoll - 1 total (1 active), Execution time: mean = 0.000 s, total = 0.000 s, Queueing time: mean = 0.000 s, max = -0.000 s, min = 9223372036.855 s, total = 0.000 s
	Publisher.CheckDeadSubscribers - 1 total (1 active), Execution time: mean = 0.000 s, total = 0.000 s, Queueing time: mean = 0.000 s, max = -0.000 s, min = 9223372036.855 s, total = 0.000 s
	NodeInfoGcsService.grpc_client.GetAllNodeInfo.OnReplyReceived - 1 total (0 active), Execution time: mean = 334.300 us, total = 334.300 us, Queueing time: mean = 7.066 ms, max = 7.066 ms, min = 7.066 ms, total = 7.066 ms
	WorkerInfoGcsService.grpc_client.AddWorkerInfo - 1 total (0 active), Execution time: mean = 113.500 ms, total = 113.500 ms, Queueing time: mean = 0.000 s, max = -0.000 s, min = 9223372036.855 s, total = 0.000 s
	InternalPubSubGcsService.grpc_client.GcsSubscriberCommandBatch.OnReplyReceived - 1 total (0 active), Execution time: mean = 521.100 us, total = 521.100 us, Queueing time: mean = 71.700 us, max = 71.700 us, min = 71.700 us, total = 71.700 us
	InternalPubSubGcsService.grpc_client.GcsSubscriberCommandBatch - 1 total (0 active), Execution time: mean = 4.681 ms, total = 4.681 ms, Queueing time: mean = 0.000 s, max = -0.000 s, min = 9223372036.855 s, total = 0.000 s

-----------------
Task Event stats:

IO Service Stats:

Global stats: 358 total (1 active)
Queueing time: mean = 4.331 ms, max = 87.347 ms, min = 7.896 us, total = 1.550 s
Execution time:  mean = 594.213 us, total = 212.728 ms
Event stats:
	TaskInfoGcsService.grpc_client.AddTaskEventData.OnReplyReceived - 119 total (0 active), Execution time: mean = 61.289 us, total = 7.293 ms, Queueing time: mean = 567.946 us, max = 14.997 ms, min = 7.896 us, total = 67.586 ms
	CoreWorker.deadline_timer.flush_task_events - 119 total (1 active), Execution time: mean = 314.269 us, total = 37.398 ms, Queueing time: mean = 11.727 ms, max = 67.537 ms, min = 384.382 us, total = 1.396 s
	TaskInfoGcsService.grpc_client.AddTaskEventData - 119 total (0 active), Execution time: mean = 1.403 ms, total = 166.914 ms, Queueing time: mean = 0.000 s, max = -0.000 s, min = 9223372036.855 s, total = 0.000 s
	PeriodicalRunner.RunFnPeriodically - 1 total (0 active), Execution time: mean = 1.122 ms, total = 1.122 ms, Queueing time: mean = 87.347 ms, max = 87.347 ms, min = 87.347 ms, total = 87.347 ms
Other Stats:
	grpc_in_progress:0
	current number of task status events in buffer: 0
	current number of profile events in buffer: 0
	current number of dropped task attempts tracked: 0
	total task events sent: 0 MiB
	total number of task attempts sent: 0
	total number of task attempts dropped reported: 0
	total number of sent failure: 0
	num status task events dropped: 0
	num profile task events dropped: 0


[2024-05-25 19:46:30,300 I 5748 22156] core_worker.cc:611: Event stats:


Global stats: 2503 total (8 active)
Queueing time: mean = 8.057 ms, max = 129.678 ms, min = -0.003 s, total = 20.168 s
Execution time:  mean = 308.471 us, total = 772.104 ms
Event stats:
	CoreWorker.RecoverObjects - 1643 total (1 active), Execution time: mean = 14.848 us, total = 24.395 ms, Queueing time: mean = 9.553 ms, max = 41.789 ms, min = -0.003 s, total = 15.695 s
	CoreWorker.ExitIfParentRayletDies - 179 total (1 active), Execution time: mean = 37.230 us, total = 6.664 ms, Queueing time: mean = 10.712 ms, max = 27.593 ms, min = -0.001 s, total = 1.917 s
	CoreWorker.InternalHeartbeat - 179 total (1 active), Execution time: mean = 372.931 us, total = 66.755 ms, Queueing time: mean = 10.429 ms, max = 24.797 ms, min = -0.000 s, total = 1.867 s
	NodeManagerService.grpc_client.ReportWorkerBacklog - 179 total (0 active), Execution time: mean = 2.264 ms, total = 405.249 ms, Queueing time: mean = 0.000 s, max = -0.000 s, min = 9223372036.855 s, total = 0.000 s
	NodeManagerService.grpc_client.ReportWorkerBacklog.OnReplyReceived - 179 total (0 active), Execution time: mean = 38.016 us, total = 6.805 ms, Queueing time: mean = 290.997 us, max = 17.853 ms, min = 12.318 us, total = 52.088 ms
	CoreWorker.RecordMetrics - 36 total (1 active), Execution time: mean = 38.682 us, total = 1.393 ms, Queueing time: mean = 8.796 ms, max = 20.909 ms, min = 279.386 us, total = 316.644 ms
	CoreWorkerService.grpc_server.GetCoreWorkerStats.HandleRequestImpl - 36 total (0 active), Execution time: mean = 1.039 ms, total = 37.401 ms, Queueing time: mean = 711.835 us, max = 8.252 ms, min = 22.513 us, total = 25.626 ms
	CoreWorkerService.grpc_server.GetCoreWorkerStats - 36 total (0 active), Execution time: mean = 2.057 ms, total = 74.050 ms, Queueing time: mean = 0.000 s, max = -0.000 s, min = 9223372036.855 s, total = 0.000 s
	CoreWorker.GCStreamingGeneratorMetadata - 18 total (1 active), Execution time: mean = 9.406 us, total = 169.306 us, Queueing time: mean = 7.606 ms, max = 31.900 ms, min = 199.030 us, total = 136.908 ms
	PeriodicalRunner.RunFnPeriodically - 7 total (0 active), Execution time: mean = 1.214 ms, total = 8.497 ms, Queueing time: mean = 20.793 ms, max = 129.678 ms, min = 551.300 us, total = 145.549 ms
	CoreWorker.PrintEventStats - 3 total (1 active, 1 running), Execution time: mean = 634.089 us, total = 1.902 ms, Queueing time: mean = 1.046 ms, max = 3.441 ms, min = -0.000 s, total = 3.137 ms
	WorkerInfoGcsService.grpc_client.AddWorkerInfo.OnReplyReceived - 1 total (0 active), Execution time: mean = 87.600 us, total = 87.600 us, Queueing time: mean = 1.050 ms, max = 1.050 ms, min = 1.050 ms, total = 1.050 ms
	NodeInfoGcsService.grpc_client.GetAllNodeInfo - 1 total (0 active), Execution time: mean = 19.701 ms, total = 19.701 ms, Queueing time: mean = 0.000 s, max = -0.000 s, min = 9223372036.855 s, total = 0.000 s
	InternalPubSubGcsService.grpc_client.GcsSubscriberPoll - 1 total (1 active), Execution time: mean = 0.000 s, total = 0.000 s, Queueing time: mean = 0.000 s, max = -0.000 s, min = 9223372036.855 s, total = 0.000 s
	Publisher.CheckDeadSubscribers - 1 total (1 active), Execution time: mean = 0.000 s, total = 0.000 s, Queueing time: mean = 0.000 s, max = -0.000 s, min = 9223372036.855 s, total = 0.000 s
	NodeInfoGcsService.grpc_client.GetAllNodeInfo.OnReplyReceived - 1 total (0 active), Execution time: mean = 334.300 us, total = 334.300 us, Queueing time: mean = 7.066 ms, max = 7.066 ms, min = 7.066 ms, total = 7.066 ms
	WorkerInfoGcsService.grpc_client.AddWorkerInfo - 1 total (0 active), Execution time: mean = 113.500 ms, total = 113.500 ms, Queueing time: mean = 0.000 s, max = -0.000 s, min = 9223372036.855 s, total = 0.000 s
	InternalPubSubGcsService.grpc_client.GcsSubscriberCommandBatch.OnReplyReceived - 1 total (0 active), Execution time: mean = 521.100 us, total = 521.100 us, Queueing time: mean = 71.700 us, max = 71.700 us, min = 71.700 us, total = 71.700 us
	InternalPubSubGcsService.grpc_client.GcsSubscriberCommandBatch - 1 total (0 active), Execution time: mean = 4.681 ms, total = 4.681 ms, Queueing time: mean = 0.000 s, max = -0.000 s, min = 9223372036.855 s, total = 0.000 s

-----------------
Task Event stats:

IO Service Stats:

Global stats: 535 total (1 active)
Queueing time: mean = 4.186 ms, max = 87.347 ms, min = 7.896 us, total = 2.239 s
Execution time:  mean = 575.524 us, total = 307.905 ms
Event stats:
	TaskInfoGcsService.grpc_client.AddTaskEventData.OnReplyReceived - 178 total (0 active), Execution time: mean = 57.734 us, total = 10.277 ms, Queueing time: mean = 414.322 us, max = 14.997 ms, min = 7.896 us, total = 73.749 ms
	CoreWorker.deadline_timer.flush_task_events - 178 total (1 active), Execution time: mean = 336.336 us, total = 59.868 ms, Queueing time: mean = 11.675 ms, max = 67.537 ms, min = 181.134 us, total = 2.078 s
	TaskInfoGcsService.grpc_client.AddTaskEventData - 178 total (0 active), Execution time: mean = 1.329 ms, total = 236.638 ms, Queueing time: mean = 0.000 s, max = -0.000 s, min = 9223372036.855 s, total = 0.000 s
	PeriodicalRunner.RunFnPeriodically - 1 total (0 active), Execution time: mean = 1.122 ms, total = 1.122 ms, Queueing time: mean = 87.347 ms, max = 87.347 ms, min = 87.347 ms, total = 87.347 ms
Other Stats:
	grpc_in_progress:0
	current number of task status events in buffer: 0
	current number of profile events in buffer: 0
	current number of dropped task attempts tracked: 0
	total task events sent: 0 MiB
	total number of task attempts sent: 0
	total number of task attempts dropped reported: 0
	total number of sent failure: 0
	num status task events dropped: 0
	num profile task events dropped: 0


[2024-05-25 19:47:30,307 I 5748 22156] core_worker.cc:611: Event stats:


Global stats: 3324 total (8 active)
Queueing time: mean = 8.284 ms, max = 129.678 ms, min = -0.003 s, total = 27.535 s
Execution time:  mean = 272.317 us, total = 905.183 ms
Event stats:
	CoreWorker.RecoverObjects - 2185 total (1 active), Execution time: mean = 14.591 us, total = 31.880 ms, Queueing time: mean = 9.861 ms, max = 82.180 ms, min = -0.003 s, total = 21.546 s
	CoreWorker.ExitIfParentRayletDies - 238 total (1 active), Execution time: mean = 36.614 us, total = 8.714 ms, Queueing time: mean = 11.012 ms, max = 68.169 ms, min = -0.001 s, total = 2.621 s
	CoreWorker.InternalHeartbeat - 238 total (1 active), Execution time: mean = 376.332 us, total = 89.567 ms, Queueing time: mean = 10.450 ms, max = 24.797 ms, min = -0.000 s, total = 2.487 s
	NodeManagerService.grpc_client.ReportWorkerBacklog - 238 total (0 active), Execution time: mean = 2.043 ms, total = 486.241 ms, Queueing time: mean = 0.000 s, max = -0.000 s, min = 9223372036.855 s, total = 0.000 s
	NodeManagerService.grpc_client.ReportWorkerBacklog.OnReplyReceived - 238 total (0 active), Execution time: mean = 37.806 us, total = 8.998 ms, Queueing time: mean = 251.408 us, max = 17.853 ms, min = 12.318 us, total = 59.835 ms
	CoreWorker.RecordMetrics - 48 total (1 active), Execution time: mean = 40.979 us, total = 1.967 ms, Queueing time: mean = 8.893 ms, max = 20.909 ms, min = 279.386 us, total = 426.878 ms
	CoreWorkerService.grpc_server.GetCoreWorkerStats.HandleRequestImpl - 48 total (0 active), Execution time: mean = 826.869 us, total = 39.690 ms, Queueing time: mean = 722.995 us, max = 8.252 ms, min = 22.513 us, total = 34.704 ms
	CoreWorkerService.grpc_server.GetCoreWorkerStats - 48 total (0 active), Execution time: mean = 1.809 ms, total = 86.826 ms, Queueing time: mean = 0.000 s, max = -0.000 s, min = 9223372036.855 s, total = 0.000 s
	CoreWorker.GCStreamingGeneratorMetadata - 24 total (1 active), Execution time: mean = 9.463 us, total = 227.122 us, Queueing time: mean = 8.210 ms, max = 31.900 ms, min = 199.030 us, total = 197.030 ms
	PeriodicalRunner.RunFnPeriodically - 7 total (0 active), Execution time: mean = 1.214 ms, total = 8.497 ms, Queueing time: mean = 20.793 ms, max = 129.678 ms, min = 551.300 us, total = 145.549 ms
	CoreWorker.PrintEventStats - 4 total (1 active, 1 running), Execution time: mean = 937.744 us, total = 3.751 ms, Queueing time: mean = 2.187 ms, max = 5.610 ms, min = -0.000 s, total = 8.747 ms
	WorkerInfoGcsService.grpc_client.AddWorkerInfo.OnReplyReceived - 1 total (0 active), Execution time: mean = 87.600 us, total = 87.600 us, Queueing time: mean = 1.050 ms, max = 1.050 ms, min = 1.050 ms, total = 1.050 ms
	NodeInfoGcsService.grpc_client.GetAllNodeInfo - 1 total (0 active), Execution time: mean = 19.701 ms, total = 19.701 ms, Queueing time: mean = 0.000 s, max = -0.000 s, min = 9223372036.855 s, total = 0.000 s
	InternalPubSubGcsService.grpc_client.GcsSubscriberPoll - 1 total (1 active), Execution time: mean = 0.000 s, total = 0.000 s, Queueing time: mean = 0.000 s, max = -0.000 s, min = 9223372036.855 s, total = 0.000 s
	Publisher.CheckDeadSubscribers - 1 total (1 active), Execution time: mean = 0.000 s, total = 0.000 s, Queueing time: mean = 0.000 s, max = -0.000 s, min = 9223372036.855 s, total = 0.000 s
	NodeInfoGcsService.grpc_client.GetAllNodeInfo.OnReplyReceived - 1 total (0 active), Execution time: mean = 334.300 us, total = 334.300 us, Queueing time: mean = 7.066 ms, max = 7.066 ms, min = 7.066 ms, total = 7.066 ms
	WorkerInfoGcsService.grpc_client.AddWorkerInfo - 1 total (0 active), Execution time: mean = 113.500 ms, total = 113.500 ms, Queueing time: mean = 0.000 s, max = -0.000 s, min = 9223372036.855 s, total = 0.000 s
	InternalPubSubGcsService.grpc_client.GcsSubscriberCommandBatch.OnReplyReceived - 1 total (0 active), Execution time: mean = 521.100 us, total = 521.100 us, Queueing time: mean = 71.700 us, max = 71.700 us, min = 71.700 us, total = 71.700 us
	InternalPubSubGcsService.grpc_client.GcsSubscriberCommandBatch - 1 total (0 active), Execution time: mean = 4.681 ms, total = 4.681 ms, Queueing time: mean = 0.000 s, max = -0.000 s, min = 9223372036.855 s, total = 0.000 s

-----------------
Task Event stats:

IO Service Stats:

Global stats: 715 total (1 active)
Queueing time: mean = 4.022 ms, max = 87.347 ms, min = 7.896 us, total = 2.875 s
Execution time:  mean = 560.269 us, total = 400.593 ms
Event stats:
	TaskInfoGcsService.grpc_client.AddTaskEventData.OnReplyReceived - 238 total (0 active), Execution time: mean = 56.657 us, total = 13.484 ms, Queueing time: mean = 343.690 us, max = 14.997 ms, min = 7.896 us, total = 81.798 ms
	CoreWorker.deadline_timer.flush_task_events - 238 total (1 active), Execution time: mean = 330.998 us, total = 78.777 ms, Queueing time: mean = 11.371 ms, max = 67.537 ms, min = 181.134 us, total = 2.706 s
	TaskInfoGcsService.grpc_client.AddTaskEventData - 238 total (0 active), Execution time: mean = 1.291 ms, total = 307.208 ms, Queueing time: mean = 0.000 s, max = -0.000 s, min = 9223372036.855 s, total = 0.000 s
	PeriodicalRunner.RunFnPeriodically - 1 total (0 active), Execution time: mean = 1.122 ms, total = 1.122 ms, Queueing time: mean = 87.347 ms, max = 87.347 ms, min = 87.347 ms, total = 87.347 ms
Other Stats:
	grpc_in_progress:0
	current number of task status events in buffer: 0
	current number of profile events in buffer: 0
	current number of dropped task attempts tracked: 0
	total task events sent: 0 MiB
	total number of task attempts sent: 0
	total number of task attempts dropped reported: 0
	total number of sent failure: 0
	num status task events dropped: 0
	num profile task events dropped: 0


[2024-05-25 19:48:30,314 I 5748 22156] core_worker.cc:611: Event stats:


Global stats: 4147 total (8 active)
Queueing time: mean = 8.350 ms, max = 129.678 ms, min = -0.011 s, total = 34.627 s
Execution time:  mean = 246.530 us, total = 1.022 s
Event stats:
	CoreWorker.RecoverObjects - 2728 total (1 active), Execution time: mean = 14.353 us, total = 39.154 ms, Queueing time: mean = 9.978 ms, max = 82.180 ms, min = -0.003 s, total = 27.221 s
	CoreWorker.ExitIfParentRayletDies - 297 total (1 active), Execution time: mean = 35.691 us, total = 10.600 ms, Queueing time: mean = 10.974 ms, max = 68.169 ms, min = -0.007 s, total = 3.259 s
	CoreWorker.InternalHeartbeat - 297 total (1 active), Execution time: mean = 370.465 us, total = 110.028 ms, Queueing time: mean = 10.515 ms, max = 24.797 ms, min = -0.000 s, total = 3.123 s
	NodeManagerService.grpc_client.ReportWorkerBacklog - 297 total (0 active), Execution time: mean = 1.857 ms, total = 551.663 ms, Queueing time: mean = 0.000 s, max = -0.000 s, min = 9223372036.855 s, total = 0.000 s
	NodeManagerService.grpc_client.ReportWorkerBacklog.OnReplyReceived - 297 total (0 active), Execution time: mean = 37.059 us, total = 11.006 ms, Queueing time: mean = 209.941 us, max = 17.853 ms, min = 9.911 us, total = 62.353 ms
	CoreWorker.RecordMetrics - 60 total (1 active), Execution time: mean = 39.620 us, total = 2.377 ms, Queueing time: mean = 8.799 ms, max = 20.909 ms, min = 279.386 us, total = 527.925 ms
	CoreWorkerService.grpc_server.GetCoreWorkerStats.HandleRequestImpl - 60 total (0 active), Execution time: mean = 682.865 us, total = 40.972 ms, Queueing time: mean = 795.826 us, max = 11.838 ms, min = 22.513 us, total = 47.750 ms
	CoreWorkerService.grpc_server.GetCoreWorkerStats - 60 total (0 active), Execution time: mean = 1.726 ms, total = 103.530 ms, Queueing time: mean = 0.000 s, max = -0.000 s, min = 9223372036.855 s, total = 0.000 s
	CoreWorker.GCStreamingGeneratorMetadata - 30 total (1 active), Execution time: mean = 8.929 us, total = 267.871 us, Queueing time: mean = 7.668 ms, max = 31.900 ms, min = 199.030 us, total = 230.045 ms
	PeriodicalRunner.RunFnPeriodically - 7 total (0 active), Execution time: mean = 1.214 ms, total = 8.497 ms, Queueing time: mean = 20.793 ms, max = 129.678 ms, min = 551.300 us, total = 145.549 ms
	CoreWorker.PrintEventStats - 5 total (1 active, 1 running), Execution time: mean = 1.087 ms, total = 5.435 ms, Queueing time: mean = 2.661 ms, max = 5.610 ms, min = -0.000 s, total = 13.307 ms
	Publisher.CheckDeadSubscribers - 2 total (1 active), Execution time: mean = 2.630 us, total = 5.259 us, Queueing time: mean = -0.006 s, max = -0.000 s, min = -0.011 s, total = -0.011 s
	WorkerInfoGcsService.grpc_client.AddWorkerInfo.OnReplyReceived - 1 total (0 active), Execution time: mean = 87.600 us, total = 87.600 us, Queueing time: mean = 1.050 ms, max = 1.050 ms, min = 1.050 ms, total = 1.050 ms
	NodeInfoGcsService.grpc_client.GetAllNodeInfo - 1 total (0 active), Execution time: mean = 19.701 ms, total = 19.701 ms, Queueing time: mean = 0.000 s, max = -0.000 s, min = 9223372036.855 s, total = 0.000 s
	InternalPubSubGcsService.grpc_client.GcsSubscriberPoll - 1 total (1 active), Execution time: mean = 0.000 s, total = 0.000 s, Queueing time: mean = 0.000 s, max = -0.000 s, min = 9223372036.855 s, total = 0.000 s
	NodeInfoGcsService.grpc_client.GetAllNodeInfo.OnReplyReceived - 1 total (0 active), Execution time: mean = 334.300 us, total = 334.300 us, Queueing time: mean = 7.066 ms, max = 7.066 ms, min = 7.066 ms, total = 7.066 ms
	WorkerInfoGcsService.grpc_client.AddWorkerInfo - 1 total (0 active), Execution time: mean = 113.500 ms, total = 113.500 ms, Queueing time: mean = 0.000 s, max = -0.000 s, min = 9223372036.855 s, total = 0.000 s
	InternalPubSubGcsService.grpc_client.GcsSubscriberCommandBatch.OnReplyReceived - 1 total (0 active), Execution time: mean = 521.100 us, total = 521.100 us, Queueing time: mean = 71.700 us, max = 71.700 us, min = 71.700 us, total = 71.700 us
	InternalPubSubGcsService.grpc_client.GcsSubscriberCommandBatch - 1 total (0 active), Execution time: mean = 4.681 ms, total = 4.681 ms, Queueing time: mean = 0.000 s, max = -0.000 s, min = 9223372036.855 s, total = 0.000 s

-----------------
Task Event stats:

IO Service Stats:

Global stats: 892 total (1 active)
Queueing time: mean = 4.032 ms, max = 87.347 ms, min = 7.896 us, total = 3.596 s
Execution time:  mean = 531.861 us, total = 474.420 ms
Event stats:
	TaskInfoGcsService.grpc_client.AddTaskEventData.OnReplyReceived - 297 total (0 active), Execution time: mean = 53.626 us, total = 15.927 ms, Queueing time: mean = 308.474 us, max = 14.997 ms, min = 7.896 us, total = 91.617 ms
	CoreWorker.deadline_timer.flush_task_events - 297 total (1 active), Execution time: mean = 322.794 us, total = 95.870 ms, Queueing time: mean = 11.506 ms, max = 73.887 ms, min = 181.134 us, total = 3.417 s
	TaskInfoGcsService.grpc_client.AddTaskEventData - 297 total (0 active), Execution time: mean = 1.217 ms, total = 361.501 ms, Queueing time: mean = 0.000 s, max = -0.000 s, min = 9223372036.855 s, total = 0.000 s
	PeriodicalRunner.RunFnPeriodically - 1 total (0 active), Execution time: mean = 1.122 ms, total = 1.122 ms, Queueing time: mean = 87.347 ms, max = 87.347 ms, min = 87.347 ms, total = 87.347 ms
Other Stats:
	grpc_in_progress:0
	current number of task status events in buffer: 0
	current number of profile events in buffer: 0
	current number of dropped task attempts tracked: 0
	total task events sent: 0 MiB
	total number of task attempts sent: 0
	total number of task attempts dropped reported: 0
	total number of sent failure: 0
	num status task events dropped: 0
	num profile task events dropped: 0


