[2024-05-25 19:43:35,605 I 23080 23084] core_worker_process.cc:107: Constructing CoreWorkerProcess. pid: 23080
[2024-05-25 19:43:35,662 I 23080 23084] io_service_pool.cc:35: IOServicePool is running with 1 io_service.
[2024-05-25 19:43:35,680 I 23080 23084] grpc_server.cc:134: worker server started, listening on port 50595.
[2024-05-25 19:43:35,702 I 23080 23084] core_worker.cc:258: Initializing worker at address: 127.0.0.1:50595, worker ID 07cf025b3b8029d5c166ce3b8e35f7fcc3a8e47c584f1ab2c28646af, raylet d863ee0daa3c11ba1854014e9f17b10c7441806a22cda2c6762c7d93
[2024-05-25 19:43:35,719 I 23080 23084] task_event_buffer.cc:177: Reporting task events to GCS every 1000ms.
[2024-05-25 19:43:35,728 I 23080 23392] core_worker.cc:611: Event stats:


Global stats: 11 total (5 active)
Queueing time: mean = 1.883 ms, max = 11.595 ms, min = 51.400 us, total = 20.718 ms
Execution time:  mean = 1.612 ms, total = 17.727 ms
Event stats:
	PeriodicalRunner.RunFnPeriodically - 3 total (1 active, 1 running), Execution time: mean = 39.900 us, total = 119.700 us, Queueing time: mean = 5.002 ms, max = 11.595 ms, min = 3.411 ms, total = 15.006 ms
	InternalPubSubGcsService.grpc_client.GcsSubscriberPoll - 1 total (1 active), Execution time: mean = 0.000 s, total = 0.000 s, Queueing time: mean = 0.000 s, max = -0.000 s, min = 9223372036.855 s, total = 0.000 s
	WorkerInfoGcsService.grpc_client.AddWorkerInfo - 1 total (0 active), Execution time: mean = 12.400 ms, total = 12.400 ms, Queueing time: mean = 0.000 s, max = -0.000 s, min = 9223372036.855 s, total = 0.000 s
	Publisher.CheckDeadSubscribers - 1 total (1 active), Execution time: mean = 0.000 s, total = 0.000 s, Queueing time: mean = 0.000 s, max = -0.000 s, min = 9223372036.855 s, total = 0.000 s
	InternalPubSubGcsService.grpc_client.GcsSubscriberCommandBatch.OnReplyReceived - 1 total (0 active), Execution time: mean = 614.600 us, total = 614.600 us, Queueing time: mean = 51.400 us, max = 51.400 us, min = 51.400 us, total = 51.400 us
	WorkerInfoGcsService.grpc_client.AddWorkerInfo.OnReplyReceived - 1 total (0 active), Execution time: mean = 121.700 us, total = 121.700 us, Queueing time: mean = 5.660 ms, max = 5.660 ms, min = 5.660 ms, total = 5.660 ms
	InternalPubSubGcsService.grpc_client.GcsSubscriberCommandBatch - 1 total (0 active), Execution time: mean = 4.472 ms, total = 4.472 ms, Queueing time: mean = 0.000 s, max = -0.000 s, min = 9223372036.855 s, total = 0.000 s
	CoreWorker.ExitIfParentRayletDies - 1 total (1 active), Execution time: mean = 0.000 s, total = 0.000 s, Queueing time: mean = 0.000 s, max = -0.000 s, min = 9223372036.855 s, total = 0.000 s
	NodeInfoGcsService.grpc_client.GetAllNodeInfo - 1 total (1 active), Execution time: mean = 0.000 s, total = 0.000 s, Queueing time: mean = 0.000 s, max = -0.000 s, min = 9223372036.855 s, total = 0.000 s

-----------------
Task Event stats:

IO Service Stats:

Global stats: 3 total (2 active)
Queueing time: mean = 2.552 ms, max = 7.655 ms, min = 7.655 ms, total = 7.655 ms
Execution time:  mean = 134.300 us, total = 402.900 us
Event stats:
	PeriodicalRunner.RunFnPeriodically - 1 total (0 active), Execution time: mean = 402.900 us, total = 402.900 us, Queueing time: mean = 7.655 ms, max = 7.655 ms, min = 7.655 ms, total = 7.655 ms
	TaskInfoGcsService.grpc_client.AddTaskEventData - 1 total (1 active), Execution time: mean = 0.000 s, total = 0.000 s, Queueing time: mean = 0.000 s, max = -0.000 s, min = 9223372036.855 s, total = 0.000 s
	CoreWorker.deadline_timer.flush_task_events - 1 total (1 active), Execution time: mean = 0.000 s, total = 0.000 s, Queueing time: mean = 0.000 s, max = -0.000 s, min = 9223372036.855 s, total = 0.000 s
Other Stats:
	grpc_in_progress:1
	current number of task status events in buffer: 0
	current number of profile events in buffer: 0
	current number of dropped task attempts tracked: 0
	total task events sent: 0 MiB
	total number of task attempts sent: 0
	total number of task attempts dropped reported: 0
	total number of sent failure: 0
	num status task events dropped: 0
	num profile task events dropped: 0


[2024-05-25 19:43:35,735 I 23080 23084] event.cc:234: Set ray event level to warning
[2024-05-25 19:43:35,735 I 23080 23084] event.cc:342: Ray Event initialized for CORE_WORKER
[2024-05-25 19:43:35,743 I 23080 23392] accessor.cc:627: Received notification for node id = d863ee0daa3c11ba1854014e9f17b10c7441806a22cda2c6762c7d93, IsAlive = 1
[2024-05-25 19:43:35,743 I 23080 23392] core_worker.cc:4602: Number of alive nodes:1
[2024-05-25 19:43:35,770 I 23080 23084] direct_actor_task_submitter.cc:36: Set max pending calls to -1 for actor e9988523e550ec3ff259339601000000
[2024-05-25 19:43:35,771 I 23080 23084] direct_actor_task_submitter.cc:237: Connecting to actor e9988523e550ec3ff259339601000000 at worker 07cf025b3b8029d5c166ce3b8e35f7fcc3a8e47c584f1ab2c28646af
[2024-05-25 19:43:35,772 I 23080 23084] core_worker.cc:2911: Creating actor: e9988523e550ec3ff259339601000000
[2024-05-25 19:43:37,464 I 23080 23084] direct_actor_transport.cc:198: Actor creation task finished, task_id: ffffffffffffffffe9988523e550ec3ff259339601000000, actor_id: e9988523e550ec3ff259339601000000, actor_repr_name: 
[2024-05-25 19:44:35,734 I 23080 23392] core_worker.cc:611: Event stats:


Global stats: 848 total (8 active)
Queueing time: mean = 7.984 ms, max = 45.353 ms, min = -0.005 s, total = 6.771 s
Execution time:  mean = 2.281 ms, total = 1.934 s
Event stats:
	CoreWorker.RecoverObjects - 548 total (1 active), Execution time: mean = 12.558 us, total = 6.882 ms, Queueing time: mean = 9.635 ms, max = 42.655 ms, min = -0.005 s, total = 5.280 s
	CoreWorker.InternalHeartbeat - 60 total (1 active), Execution time: mean = 311.578 us, total = 18.695 ms, Queueing time: mean = 11.751 ms, max = 45.353 ms, min = -0.000 s, total = 705.089 ms
	NodeManagerService.grpc_client.ReportWorkerBacklog - 60 total (0 active), Execution time: mean = 2.203 ms, total = 132.170 ms, Queueing time: mean = 0.000 s, max = -0.000 s, min = 9223372036.855 s, total = 0.000 s
	NodeManagerService.grpc_client.ReportWorkerBacklog.OnReplyReceived - 60 total (0 active), Execution time: mean = 36.427 us, total = 2.186 ms, Queueing time: mean = 152.089 us, max = 2.795 ms, min = 11.842 us, total = 9.125 ms
	CoreWorker.ExitIfParentRayletDies - 60 total (1 active), Execution time: mean = 41.672 us, total = 2.500 ms, Queueing time: mean = 10.368 ms, max = 15.199 ms, min = 220.821 us, total = 622.078 ms
	CoreWorkerService.grpc_server.GetCoreWorkerStats.HandleRequestImpl - 12 total (0 active), Execution time: mean = 923.538 us, total = 11.082 ms, Queueing time: mean = 301.524 us, max = 1.481 ms, min = 27.139 us, total = 3.618 ms
	CoreWorkerService.grpc_server.GetCoreWorkerStats - 12 total (0 active), Execution time: mean = 1.470 ms, total = 17.640 ms, Queueing time: mean = 0.000 s, max = -0.000 s, min = 9223372036.855 s, total = 0.000 s
	CoreWorker.RecordMetrics - 12 total (1 active), Execution time: mean = 211.754 us, total = 2.541 ms, Queueing time: mean = 5.819 ms, max = 13.719 ms, min = -0.000 s, total = 69.833 ms
	PeriodicalRunner.RunFnPeriodically - 7 total (0 active), Execution time: mean = 1.437 ms, total = 10.058 ms, Queueing time: mean = 4.957 ms, max = 11.595 ms, min = 134.400 us, total = 34.697 ms
	CoreWorker.GCStreamingGeneratorMetadata - 6 total (1 active), Execution time: mean = 3.905 us, total = 23.429 us, Queueing time: mean = 5.050 ms, max = 10.603 ms, min = -0.000 s, total = 30.297 ms
	CoreWorker.PrintEventStats - 1 total (1 active, 1 running), Execution time: mean = 0.000 s, total = 0.000 s, Queueing time: mean = 0.000 s, max = -0.000 s, min = 9223372036.855 s, total = 0.000 s
	CoreWorkerService.grpc_server.PushTask.HandleRequestImpl - 1 total (0 active), Execution time: mean = 255.500 us, total = 255.500 us, Queueing time: mean = 2.713 ms, max = 2.713 ms, min = 2.713 ms, total = 2.713 ms
	WorkerInfoGcsService.grpc_client.AddWorkerInfo - 1 total (0 active), Execution time: mean = 12.400 ms, total = 12.400 ms, Queueing time: mean = 0.000 s, max = -0.000 s, min = 9223372036.855 s, total = 0.000 s
	InternalPubSubGcsService.grpc_client.GcsSubscriberCommandBatch.OnReplyReceived - 1 total (0 active), Execution time: mean = 614.600 us, total = 614.600 us, Queueing time: mean = 51.400 us, max = 51.400 us, min = 51.400 us, total = 51.400 us
	InternalPubSubGcsService.grpc_client.GcsSubscriberCommandBatch - 1 total (0 active), Execution time: mean = 4.472 ms, total = 4.472 ms, Queueing time: mean = 0.000 s, max = -0.000 s, min = 9223372036.855 s, total = 0.000 s
	WorkerInfoGcsService.grpc_client.AddWorkerInfo.OnReplyReceived - 1 total (0 active), Execution time: mean = 121.700 us, total = 121.700 us, Queueing time: mean = 5.660 ms, max = 5.660 ms, min = 5.660 ms, total = 5.660 ms
	CoreWorkerService.grpc_server.PushTask - 1 total (0 active), Execution time: mean = 1.700 s, total = 1.700 s, Queueing time: mean = 0.000 s, max = -0.000 s, min = 9223372036.855 s, total = 0.000 s
	NodeInfoGcsService.grpc_client.GetAllNodeInfo - 1 total (0 active), Execution time: mean = 11.192 ms, total = 11.192 ms, Queueing time: mean = 0.000 s, max = -0.000 s, min = 9223372036.855 s, total = 0.000 s
	InternalPubSubGcsService.grpc_client.GcsSubscriberPoll - 1 total (1 active), Execution time: mean = 0.000 s, total = 0.000 s, Queueing time: mean = 0.000 s, max = -0.000 s, min = 9223372036.855 s, total = 0.000 s
	Publisher.CheckDeadSubscribers - 1 total (1 active), Execution time: mean = 0.000 s, total = 0.000 s, Queueing time: mean = 0.000 s, max = -0.000 s, min = 9223372036.855 s, total = 0.000 s
	NodeInfoGcsService.grpc_client.GetAllNodeInfo.OnReplyReceived - 1 total (0 active), Execution time: mean = 834.100 us, total = 834.100 us, Queueing time: mean = 7.697 ms, max = 7.697 ms, min = 7.697 ms, total = 7.697 ms

-----------------
Task Event stats:

IO Service Stats:

Global stats: 181 total (1 active)
Queueing time: mean = 3.654 ms, max = 17.323 ms, min = -0.000 s, total = 661.342 ms
Execution time:  mean = 710.241 us, total = 128.554 ms
Event stats:
	TaskInfoGcsService.grpc_client.AddTaskEventData - 60 total (0 active), Execution time: mean = 1.797 ms, total = 107.800 ms, Queueing time: mean = 0.000 s, max = -0.000 s, min = 9223372036.855 s, total = 0.000 s
	CoreWorker.deadline_timer.flush_task_events - 60 total (1 active), Execution time: mean = 296.043 us, total = 17.763 ms, Queueing time: mean = 10.470 ms, max = 17.323 ms, min = -0.000 s, total = 628.205 ms
	TaskInfoGcsService.grpc_client.AddTaskEventData.OnReplyReceived - 60 total (0 active), Execution time: mean = 43.140 us, total = 2.588 ms, Queueing time: mean = 424.701 us, max = 15.753 ms, min = 10.571 us, total = 25.482 ms
	PeriodicalRunner.RunFnPeriodically - 1 total (0 active), Execution time: mean = 402.900 us, total = 402.900 us, Queueing time: mean = 7.655 ms, max = 7.655 ms, min = 7.655 ms, total = 7.655 ms
Other Stats:
	grpc_in_progress:0
	current number of task status events in buffer: 0
	current number of profile events in buffer: 0
	current number of dropped task attempts tracked: 0
	total task events sent: 0.00044632 MiB
	total number of task attempts sent: 2
	total number of task attempts dropped reported: 0
	total number of sent failure: 0
	num status task events dropped: 0
	num profile task events dropped: 0


[2024-05-25 19:45:35,742 I 23080 23392] core_worker.cc:611: Event stats:


Global stats: 1675 total (8 active)
Queueing time: mean = 7.944 ms, max = 47.201 ms, min = -0.005 s, total = 13.307 s
Execution time:  mean = 1.222 ms, total = 2.048 s
Event stats:
	CoreWorker.RecoverObjects - 1096 total (1 active), Execution time: mean = 13.230 us, total = 14.500 ms, Queueing time: mean = 9.525 ms, max = 47.201 ms, min = -0.005 s, total = 10.440 s
	CoreWorker.InternalHeartbeat - 119 total (1 active), Execution time: mean = 334.835 us, total = 39.845 ms, Queueing time: mean = 10.929 ms, max = 45.353 ms, min = -0.000 s, total = 1.301 s
	NodeManagerService.grpc_client.ReportWorkerBacklog - 119 total (0 active), Execution time: mean = 1.677 ms, total = 199.514 ms, Queueing time: mean = 0.000 s, max = -0.000 s, min = 9223372036.855 s, total = 0.000 s
	NodeManagerService.grpc_client.ReportWorkerBacklog.OnReplyReceived - 119 total (0 active), Execution time: mean = 37.405 us, total = 4.451 ms, Queueing time: mean = 102.876 us, max = 2.795 ms, min = 11.842 us, total = 12.242 ms
	CoreWorker.ExitIfParentRayletDies - 119 total (1 active), Execution time: mean = 42.303 us, total = 5.034 ms, Queueing time: mean = 10.536 ms, max = 15.943 ms, min = 220.821 us, total = 1.254 s
	CoreWorkerService.grpc_server.GetCoreWorkerStats.HandleRequestImpl - 24 total (0 active), Execution time: mean = 514.138 us, total = 12.339 ms, Queueing time: mean = 275.960 us, max = 1.481 ms, min = 25.280 us, total = 6.623 ms
	CoreWorkerService.grpc_server.GetCoreWorkerStats - 24 total (0 active), Execution time: mean = 1.022 ms, total = 24.527 ms, Queueing time: mean = 0.000 s, max = -0.000 s, min = 9223372036.855 s, total = 0.000 s
	CoreWorker.RecordMetrics - 24 total (1 active), Execution time: mean = 165.005 us, total = 3.960 ms, Queueing time: mean = 6.519 ms, max = 14.563 ms, min = -0.000 s, total = 156.462 ms
	CoreWorker.GCStreamingGeneratorMetadata - 12 total (1 active), Execution time: mean = 5.154 us, total = 61.845 us, Queueing time: mean = 6.940 ms, max = 12.100 ms, min = -0.000 s, total = 83.275 ms
	PeriodicalRunner.RunFnPeriodically - 7 total (0 active), Execution time: mean = 1.437 ms, total = 10.058 ms, Queueing time: mean = 4.957 ms, max = 11.595 ms, min = 134.400 us, total = 34.697 ms
	CoreWorker.PrintEventStats - 2 total (1 active, 1 running), Execution time: mean = 1.517 ms, total = 3.033 ms, Queueing time: mean = 1.571 ms, max = 3.141 ms, min = 3.141 ms, total = 3.141 ms
	CoreWorkerService.grpc_server.PushTask.HandleRequestImpl - 1 total (0 active), Execution time: mean = 255.500 us, total = 255.500 us, Queueing time: mean = 2.713 ms, max = 2.713 ms, min = 2.713 ms, total = 2.713 ms
	WorkerInfoGcsService.grpc_client.AddWorkerInfo - 1 total (0 active), Execution time: mean = 12.400 ms, total = 12.400 ms, Queueing time: mean = 0.000 s, max = -0.000 s, min = 9223372036.855 s, total = 0.000 s
	InternalPubSubGcsService.grpc_client.GcsSubscriberCommandBatch.OnReplyReceived - 1 total (0 active), Execution time: mean = 614.600 us, total = 614.600 us, Queueing time: mean = 51.400 us, max = 51.400 us, min = 51.400 us, total = 51.400 us
	InternalPubSubGcsService.grpc_client.GcsSubscriberCommandBatch - 1 total (0 active), Execution time: mean = 4.472 ms, total = 4.472 ms, Queueing time: mean = 0.000 s, max = -0.000 s, min = 9223372036.855 s, total = 0.000 s
	WorkerInfoGcsService.grpc_client.AddWorkerInfo.OnReplyReceived - 1 total (0 active), Execution time: mean = 121.700 us, total = 121.700 us, Queueing time: mean = 5.660 ms, max = 5.660 ms, min = 5.660 ms, total = 5.660 ms
	CoreWorkerService.grpc_server.PushTask - 1 total (0 active), Execution time: mean = 1.700 s, total = 1.700 s, Queueing time: mean = 0.000 s, max = -0.000 s, min = 9223372036.855 s, total = 0.000 s
	NodeInfoGcsService.grpc_client.GetAllNodeInfo - 1 total (0 active), Execution time: mean = 11.192 ms, total = 11.192 ms, Queueing time: mean = 0.000 s, max = -0.000 s, min = 9223372036.855 s, total = 0.000 s
	InternalPubSubGcsService.grpc_client.GcsSubscriberPoll - 1 total (1 active), Execution time: mean = 0.000 s, total = 0.000 s, Queueing time: mean = 0.000 s, max = -0.000 s, min = 9223372036.855 s, total = 0.000 s
	Publisher.CheckDeadSubscribers - 1 total (1 active), Execution time: mean = 0.000 s, total = 0.000 s, Queueing time: mean = 0.000 s, max = -0.000 s, min = 9223372036.855 s, total = 0.000 s
	NodeInfoGcsService.grpc_client.GetAllNodeInfo.OnReplyReceived - 1 total (0 active), Execution time: mean = 834.100 us, total = 834.100 us, Queueing time: mean = 7.697 ms, max = 7.697 ms, min = 7.697 ms, total = 7.697 ms

-----------------
Task Event stats:

IO Service Stats:

Global stats: 358 total (1 active)
Queueing time: mean = 3.529 ms, max = 17.323 ms, min = -0.000 s, total = 1.263 s
Execution time:  mean = 602.826 us, total = 215.812 ms
Event stats:
	TaskInfoGcsService.grpc_client.AddTaskEventData - 119 total (0 active), Execution time: mean = 1.456 ms, total = 173.237 ms, Queueing time: mean = 0.000 s, max = -0.000 s, min = 9223372036.855 s, total = 0.000 s
	CoreWorker.deadline_timer.flush_task_events - 119 total (1 active), Execution time: mean = 309.752 us, total = 36.860 ms, Queueing time: mean = 10.306 ms, max = 17.323 ms, min = -0.000 s, total = 1.226 s
	TaskInfoGcsService.grpc_client.AddTaskEventData.OnReplyReceived - 119 total (0 active), Execution time: mean = 44.636 us, total = 5.312 ms, Queueing time: mean = 246.042 us, max = 15.753 ms, min = 10.571 us, total = 29.279 ms
	PeriodicalRunner.RunFnPeriodically - 1 total (0 active), Execution time: mean = 402.900 us, total = 402.900 us, Queueing time: mean = 7.655 ms, max = 7.655 ms, min = 7.655 ms, total = 7.655 ms
Other Stats:
	grpc_in_progress:0
	current number of task status events in buffer: 0
	current number of profile events in buffer: 0
	current number of dropped task attempts tracked: 0
	total task events sent: 0.00044632 MiB
	total number of task attempts sent: 2
	total number of task attempts dropped reported: 0
	total number of sent failure: 0
	num status task events dropped: 0
	num profile task events dropped: 0


[2024-05-25 19:46:35,751 I 23080 23392] core_worker.cc:611: Event stats:


Global stats: 2506 total (9 active)
Queueing time: mean = 7.953 ms, max = 47.201 ms, min = -0.005 s, total = 19.930 s
Execution time:  mean = 865.305 us, total = 2.168 s
Event stats:
	CoreWorker.RecoverObjects - 1645 total (1 active), Execution time: mean = 13.742 us, total = 22.606 ms, Queueing time: mean = 9.469 ms, max = 47.201 ms, min = -0.005 s, total = 15.577 s
	CoreWorker.InternalHeartbeat - 179 total (1 active), Execution time: mean = 348.958 us, total = 62.463 ms, Queueing time: mean = 10.867 ms, max = 45.353 ms, min = -0.000 s, total = 1.945 s
	NodeManagerService.grpc_client.ReportWorkerBacklog - 179 total (1 active), Execution time: mean = 1.523 ms, total = 272.553 ms, Queueing time: mean = 0.000 s, max = -0.000 s, min = 9223372036.855 s, total = 0.000 s
	CoreWorker.ExitIfParentRayletDies - 179 total (1 active), Execution time: mean = 42.018 us, total = 7.521 ms, Queueing time: mean = 10.708 ms, max = 29.853 ms, min = -0.000 s, total = 1.917 s
	NodeManagerService.grpc_client.ReportWorkerBacklog.OnReplyReceived - 178 total (0 active), Execution time: mean = 39.482 us, total = 7.028 ms, Queueing time: mean = 83.774 us, max = 2.795 ms, min = 11.842 us, total = 14.912 ms
	CoreWorkerService.grpc_server.GetCoreWorkerStats.HandleRequestImpl - 36 total (0 active), Execution time: mean = 379.061 us, total = 13.646 ms, Queueing time: mean = 265.238 us, max = 1.545 ms, min = 25.280 us, total = 9.549 ms
	CoreWorkerService.grpc_server.GetCoreWorkerStats - 36 total (0 active), Execution time: mean = 864.710 us, total = 31.130 ms, Queueing time: mean = 0.000 s, max = -0.000 s, min = 9223372036.855 s, total = 0.000 s
	CoreWorker.RecordMetrics - 36 total (1 active), Execution time: mean = 162.364 us, total = 5.845 ms, Queueing time: mean = 7.189 ms, max = 14.563 ms, min = -0.000 s, total = 258.787 ms
	CoreWorker.GCStreamingGeneratorMetadata - 18 total (1 active), Execution time: mean = 5.849 us, total = 105.278 us, Queueing time: mean = 8.257 ms, max = 14.850 ms, min = -0.000 s, total = 148.618 ms
	PeriodicalRunner.RunFnPeriodically - 7 total (0 active), Execution time: mean = 1.437 ms, total = 10.058 ms, Queueing time: mean = 4.957 ms, max = 11.595 ms, min = 134.400 us, total = 34.697 ms
	CoreWorker.PrintEventStats - 3 total (1 active, 1 running), Execution time: mean = 1.766 ms, total = 5.299 ms, Queueing time: mean = 2.999 ms, max = 5.855 ms, min = 3.141 ms, total = 8.996 ms
	CoreWorkerService.grpc_server.PushTask.HandleRequestImpl - 1 total (0 active), Execution time: mean = 255.500 us, total = 255.500 us, Queueing time: mean = 2.713 ms, max = 2.713 ms, min = 2.713 ms, total = 2.713 ms
	WorkerInfoGcsService.grpc_client.AddWorkerInfo - 1 total (0 active), Execution time: mean = 12.400 ms, total = 12.400 ms, Queueing time: mean = 0.000 s, max = -0.000 s, min = 9223372036.855 s, total = 0.000 s
	InternalPubSubGcsService.grpc_client.GcsSubscriberCommandBatch.OnReplyReceived - 1 total (0 active), Execution time: mean = 614.600 us, total = 614.600 us, Queueing time: mean = 51.400 us, max = 51.400 us, min = 51.400 us, total = 51.400 us
	InternalPubSubGcsService.grpc_client.GcsSubscriberCommandBatch - 1 total (0 active), Execution time: mean = 4.472 ms, total = 4.472 ms, Queueing time: mean = 0.000 s, max = -0.000 s, min = 9223372036.855 s, total = 0.000 s
	WorkerInfoGcsService.grpc_client.AddWorkerInfo.OnReplyReceived - 1 total (0 active), Execution time: mean = 121.700 us, total = 121.700 us, Queueing time: mean = 5.660 ms, max = 5.660 ms, min = 5.660 ms, total = 5.660 ms
	CoreWorkerService.grpc_server.PushTask - 1 total (0 active), Execution time: mean = 1.700 s, total = 1.700 s, Queueing time: mean = 0.000 s, max = -0.000 s, min = 9223372036.855 s, total = 0.000 s
	NodeInfoGcsService.grpc_client.GetAllNodeInfo - 1 total (0 active), Execution time: mean = 11.192 ms, total = 11.192 ms, Queueing time: mean = 0.000 s, max = -0.000 s, min = 9223372036.855 s, total = 0.000 s
	InternalPubSubGcsService.grpc_client.GcsSubscriberPoll - 1 total (1 active), Execution time: mean = 0.000 s, total = 0.000 s, Queueing time: mean = 0.000 s, max = -0.000 s, min = 9223372036.855 s, total = 0.000 s
	Publisher.CheckDeadSubscribers - 1 total (1 active), Execution time: mean = 0.000 s, total = 0.000 s, Queueing time: mean = 0.000 s, max = -0.000 s, min = 9223372036.855 s, total = 0.000 s
	NodeInfoGcsService.grpc_client.GetAllNodeInfo.OnReplyReceived - 1 total (0 active), Execution time: mean = 834.100 us, total = 834.100 us, Queueing time: mean = 7.697 ms, max = 7.697 ms, min = 7.697 ms, total = 7.697 ms

-----------------
Task Event stats:

IO Service Stats:

Global stats: 538 total (1 active)
Queueing time: mean = 3.615 ms, max = 17.323 ms, min = -0.000 s, total = 1.945 s
Execution time:  mean = 568.799 us, total = 306.014 ms
Event stats:
	TaskInfoGcsService.grpc_client.AddTaskEventData - 179 total (0 active), Execution time: mean = 1.349 ms, total = 241.404 ms, Queueing time: mean = 0.000 s, max = -0.000 s, min = 9223372036.855 s, total = 0.000 s
	CoreWorker.deadline_timer.flush_task_events - 179 total (1 active), Execution time: mean = 314.351 us, total = 56.269 ms, Queueing time: mean = 10.637 ms, max = 17.323 ms, min = -0.000 s, total = 1.904 s
	TaskInfoGcsService.grpc_client.AddTaskEventData.OnReplyReceived - 179 total (0 active), Execution time: mean = 44.349 us, total = 7.938 ms, Queueing time: mean = 185.795 us, max = 15.753 ms, min = 10.298 us, total = 33.257 ms
	PeriodicalRunner.RunFnPeriodically - 1 total (0 active), Execution time: mean = 402.900 us, total = 402.900 us, Queueing time: mean = 7.655 ms, max = 7.655 ms, min = 7.655 ms, total = 7.655 ms
Other Stats:
	grpc_in_progress:0
	current number of task status events in buffer: 0
	current number of profile events in buffer: 0
	current number of dropped task attempts tracked: 0
	total task events sent: 0.00044632 MiB
	total number of task attempts sent: 2
	total number of task attempts dropped reported: 0
	total number of sent failure: 0
	num status task events dropped: 0
	num profile task events dropped: 0


[2024-05-25 19:47:35,750 I 23080 23392] core_worker.cc:611: Event stats:


Global stats: 3327 total (8 active)
Queueing time: mean = 8.185 ms, max = 82.200 ms, min = -0.005 s, total = 27.231 s
Execution time:  mean = 689.690 us, total = 2.295 s
Event stats:
	CoreWorker.RecoverObjects - 2186 total (1 active), Execution time: mean = 13.974 us, total = 30.547 ms, Queueing time: mean = 9.810 ms, max = 82.200 ms, min = -0.005 s, total = 21.444 s
	CoreWorker.InternalHeartbeat - 238 total (1 active), Execution time: mean = 352.710 us, total = 83.945 ms, Queueing time: mean = 10.897 ms, max = 45.353 ms, min = -0.000 s, total = 2.594 s
	NodeManagerService.grpc_client.ReportWorkerBacklog - 238 total (0 active), Execution time: mean = 1.442 ms, total = 343.247 ms, Queueing time: mean = 0.000 s, max = -0.000 s, min = 9223372036.855 s, total = 0.000 s
	NodeManagerService.grpc_client.ReportWorkerBacklog.OnReplyReceived - 238 total (0 active), Execution time: mean = 48.729 us, total = 11.597 ms, Queueing time: mean = 118.580 us, max = 3.543 ms, min = 11.842 us, total = 28.222 ms
	CoreWorker.ExitIfParentRayletDies - 238 total (1 active), Execution time: mean = 43.580 us, total = 10.372 ms, Queueing time: mean = 10.657 ms, max = 29.853 ms, min = -0.000 s, total = 2.536 s
	CoreWorkerService.grpc_server.GetCoreWorkerStats.HandleRequestImpl - 48 total (0 active), Execution time: mean = 320.423 us, total = 15.380 ms, Queueing time: mean = 369.381 us, max = 3.847 ms, min = 20.498 us, total = 17.730 ms
	CoreWorkerService.grpc_server.GetCoreWorkerStats - 48 total (0 active), Execution time: mean = 916.818 us, total = 44.007 ms, Queueing time: mean = 0.000 s, max = -0.000 s, min = 9223372036.855 s, total = 0.000 s
	CoreWorker.RecordMetrics - 48 total (1 active), Execution time: mean = 165.549 us, total = 7.946 ms, Queueing time: mean = 7.525 ms, max = 14.563 ms, min = -0.000 s, total = 361.211 ms
	CoreWorker.GCStreamingGeneratorMetadata - 24 total (1 active), Execution time: mean = 6.758 us, total = 162.185 us, Queueing time: mean = 7.634 ms, max = 15.386 ms, min = -0.000 s, total = 183.221 ms
	PeriodicalRunner.RunFnPeriodically - 7 total (0 active), Execution time: mean = 1.437 ms, total = 10.058 ms, Queueing time: mean = 4.957 ms, max = 11.595 ms, min = 134.400 us, total = 34.697 ms
	CoreWorker.PrintEventStats - 4 total (1 active, 1 running), Execution time: mean = 1.784 ms, total = 7.135 ms, Queueing time: mean = 3.953 ms, max = 6.817 ms, min = 3.141 ms, total = 15.813 ms
	CoreWorkerService.grpc_server.PushTask.HandleRequestImpl - 1 total (0 active), Execution time: mean = 255.500 us, total = 255.500 us, Queueing time: mean = 2.713 ms, max = 2.713 ms, min = 2.713 ms, total = 2.713 ms
	WorkerInfoGcsService.grpc_client.AddWorkerInfo - 1 total (0 active), Execution time: mean = 12.400 ms, total = 12.400 ms, Queueing time: mean = 0.000 s, max = -0.000 s, min = 9223372036.855 s, total = 0.000 s
	InternalPubSubGcsService.grpc_client.GcsSubscriberCommandBatch.OnReplyReceived - 1 total (0 active), Execution time: mean = 614.600 us, total = 614.600 us, Queueing time: mean = 51.400 us, max = 51.400 us, min = 51.400 us, total = 51.400 us
	InternalPubSubGcsService.grpc_client.GcsSubscriberCommandBatch - 1 total (0 active), Execution time: mean = 4.472 ms, total = 4.472 ms, Queueing time: mean = 0.000 s, max = -0.000 s, min = 9223372036.855 s, total = 0.000 s
	WorkerInfoGcsService.grpc_client.AddWorkerInfo.OnReplyReceived - 1 total (0 active), Execution time: mean = 121.700 us, total = 121.700 us, Queueing time: mean = 5.660 ms, max = 5.660 ms, min = 5.660 ms, total = 5.660 ms
	CoreWorkerService.grpc_server.PushTask - 1 total (0 active), Execution time: mean = 1.700 s, total = 1.700 s, Queueing time: mean = 0.000 s, max = -0.000 s, min = 9223372036.855 s, total = 0.000 s
	NodeInfoGcsService.grpc_client.GetAllNodeInfo - 1 total (0 active), Execution time: mean = 11.192 ms, total = 11.192 ms, Queueing time: mean = 0.000 s, max = -0.000 s, min = 9223372036.855 s, total = 0.000 s
	InternalPubSubGcsService.grpc_client.GcsSubscriberPoll - 1 total (1 active), Execution time: mean = 0.000 s, total = 0.000 s, Queueing time: mean = 0.000 s, max = -0.000 s, min = 9223372036.855 s, total = 0.000 s
	Publisher.CheckDeadSubscribers - 1 total (1 active), Execution time: mean = 0.000 s, total = 0.000 s, Queueing time: mean = 0.000 s, max = -0.000 s, min = 9223372036.855 s, total = 0.000 s
	NodeInfoGcsService.grpc_client.GetAllNodeInfo.OnReplyReceived - 1 total (0 active), Execution time: mean = 834.100 us, total = 834.100 us, Queueing time: mean = 7.697 ms, max = 7.697 ms, min = 7.697 ms, total = 7.697 ms

-----------------
Task Event stats:

IO Service Stats:

Global stats: 715 total (1 active)
Queueing time: mean = 3.591 ms, max = 17.323 ms, min = -0.001 s, total = 2.568 s
Execution time:  mean = 568.265 us, total = 406.309 ms
Event stats:
	TaskInfoGcsService.grpc_client.AddTaskEventData - 238 total (0 active), Execution time: mean = 1.335 ms, total = 317.830 ms, Queueing time: mean = 0.000 s, max = -0.000 s, min = 9223372036.855 s, total = 0.000 s
	CoreWorker.deadline_timer.flush_task_events - 238 total (1 active), Execution time: mean = 325.185 us, total = 77.394 ms, Queueing time: mean = 10.600 ms, max = 17.323 ms, min = -0.001 s, total = 2.523 s
	TaskInfoGcsService.grpc_client.AddTaskEventData.OnReplyReceived - 238 total (0 active), Execution time: mean = 44.884 us, total = 10.682 ms, Queueing time: mean = 156.683 us, max = 15.753 ms, min = 10.298 us, total = 37.291 ms
	PeriodicalRunner.RunFnPeriodically - 1 total (0 active), Execution time: mean = 402.900 us, total = 402.900 us, Queueing time: mean = 7.655 ms, max = 7.655 ms, min = 7.655 ms, total = 7.655 ms
Other Stats:
	grpc_in_progress:0
	current number of task status events in buffer: 0
	current number of profile events in buffer: 0
	current number of dropped task attempts tracked: 0
	total task events sent: 0.00044632 MiB
	total number of task attempts sent: 2
	total number of task attempts dropped reported: 0
	total number of sent failure: 0
	num status task events dropped: 0
	num profile task events dropped: 0


