[2024-05-25 19:43:30,372 I 21200 21196] core_worker_process.cc:107: Constructing CoreWorkerProcess. pid: 21200
[2024-05-25 19:43:30,403 I 21200 21196] io_service_pool.cc:35: IOServicePool is running with 1 io_service.
[2024-05-25 19:43:30,418 I 21200 21196] grpc_server.cc:134: worker server started, listening on port 50527.
[2024-05-25 19:43:30,447 I 21200 21196] core_worker.cc:258: Initializing worker at address: 127.0.0.1:50527, worker ID 9e2565890acb0b9748fe42b7ca656b646ac57f4cdf97b03cc03ce95f, raylet d863ee0daa3c11ba1854014e9f17b10c7441806a22cda2c6762c7d93
[2024-05-25 19:43:30,467 I 21200 21196] task_event_buffer.cc:177: Reporting task events to GCS every 1000ms.
[2024-05-25 19:43:30,476 I 21200 21672] core_worker.cc:611: Event stats:


Global stats: 11 total (5 active)
Queueing time: mean = 2.310 ms, max = 24.703 ms, min = 31.400 us, total = 25.415 ms
Execution time:  mean = 764.991 us, total = 8.415 ms
Event stats:
	PeriodicalRunner.RunFnPeriodically - 3 total (1 active, 1 running), Execution time: mean = 42.600 us, total = 127.800 us, Queueing time: mean = 8.450 ms, max = 24.703 ms, min = 646.600 us, total = 25.350 ms
	CoreWorker.ExitIfParentRayletDies - 1 total (1 active), Execution time: mean = 0.000 s, total = 0.000 s, Queueing time: mean = 0.000 s, max = -0.000 s, min = 9223372036.855 s, total = 0.000 s
	InternalPubSubGcsService.grpc_client.GcsSubscriberCommandBatch.OnReplyReceived - 1 total (0 active), Execution time: mean = 583.400 us, total = 583.400 us, Queueing time: mean = 31.400 us, max = 31.400 us, min = 31.400 us, total = 31.400 us
	NodeInfoGcsService.grpc_client.GetAllNodeInfo - 1 total (1 active), Execution time: mean = 0.000 s, total = 0.000 s, Queueing time: mean = 0.000 s, max = -0.000 s, min = 9223372036.855 s, total = 0.000 s
	WorkerInfoGcsService.grpc_client.AddWorkerInfo.OnReplyReceived - 1 total (0 active), Execution time: mean = 97.600 us, total = 97.600 us, Queueing time: mean = 33.600 us, max = 33.600 us, min = 33.600 us, total = 33.600 us
	InternalPubSubGcsService.grpc_client.GcsSubscriberCommandBatch - 1 total (0 active), Execution time: mean = 2.779 ms, total = 2.779 ms, Queueing time: mean = 0.000 s, max = -0.000 s, min = 9223372036.855 s, total = 0.000 s
	InternalPubSubGcsService.grpc_client.GcsSubscriberPoll - 1 total (1 active), Execution time: mean = 0.000 s, total = 0.000 s, Queueing time: mean = 0.000 s, max = -0.000 s, min = 9223372036.855 s, total = 0.000 s
	WorkerInfoGcsService.grpc_client.AddWorkerInfo - 1 total (0 active), Execution time: mean = 4.827 ms, total = 4.827 ms, Queueing time: mean = 0.000 s, max = -0.000 s, min = 9223372036.855 s, total = 0.000 s
	Publisher.CheckDeadSubscribers - 1 total (1 active), Execution time: mean = 0.000 s, total = 0.000 s, Queueing time: mean = 0.000 s, max = -0.000 s, min = 9223372036.855 s, total = 0.000 s

-----------------
Task Event stats:

IO Service Stats:

Global stats: 1 total (1 active)
Queueing time: mean = 0.000 s, max = -0.000 s, min = 9223372036.855 s, total = 0.000 s
Execution time:  mean = 0.000 s, total = 0.000 s
Event stats:
	PeriodicalRunner.RunFnPeriodically - 1 total (1 active), Execution time: mean = 0.000 s, total = 0.000 s, Queueing time: mean = 0.000 s, max = -0.000 s, min = 9223372036.855 s, total = 0.000 s
Other Stats:
	grpc_in_progress:0
	current number of task status events in buffer: 0
	current number of profile events in buffer: 0
	current number of dropped task attempts tracked: 0
	total task events sent: 0 MiB
	total number of task attempts sent: 0
	total number of task attempts dropped reported: 0
	total number of sent failure: 0
	num status task events dropped: 0
	num profile task events dropped: 0


[2024-05-25 19:43:30,478 I 21200 21672] accessor.cc:627: Received notification for node id = d863ee0daa3c11ba1854014e9f17b10c7441806a22cda2c6762c7d93, IsAlive = 1
[2024-05-25 19:43:30,478 I 21200 21672] core_worker.cc:4602: Number of alive nodes:1
[2024-05-25 19:43:30,541 I 21200 21196] event.cc:234: Set ray event level to warning
[2024-05-25 19:43:30,541 I 21200 21196] event.cc:342: Ray Event initialized for CORE_WORKER
[2024-05-25 19:44:30,491 I 21200 21672] core_worker.cc:611: Event stats:


Global stats: 844 total (8 active)
Queueing time: mean = 8.265 ms, max = 46.404 ms, min = -0.002 s, total = 6.976 s
Execution time:  mean = 319.405 us, total = 269.578 ms
Event stats:
	CoreWorker.RecoverObjects - 546 total (1 active), Execution time: mean = 15.077 us, total = 8.232 ms, Queueing time: mean = 10.038 ms, max = 46.404 ms, min = 2.344 ms, total = 5.481 s
	CoreWorker.InternalHeartbeat - 60 total (1 active), Execution time: mean = 353.367 us, total = 21.202 ms, Queueing time: mean = 10.828 ms, max = 26.959 ms, min = -0.000 s, total = 649.669 ms
	NodeManagerService.grpc_client.ReportWorkerBacklog - 60 total (0 active), Execution time: mean = 1.835 ms, total = 110.121 ms, Queueing time: mean = 0.000 s, max = -0.000 s, min = 9223372036.855 s, total = 0.000 s
	NodeManagerService.grpc_client.ReportWorkerBacklog.OnReplyReceived - 60 total (0 active), Execution time: mean = 34.006 us, total = 2.040 ms, Queueing time: mean = 364.378 us, max = 8.146 ms, min = 10.361 us, total = 21.863 ms
	CoreWorker.ExitIfParentRayletDies - 60 total (1 active), Execution time: mean = 44.916 us, total = 2.695 ms, Queueing time: mean = 11.057 ms, max = 18.414 ms, min = -0.002 s, total = 663.403 ms
	CoreWorkerService.grpc_server.GetCoreWorkerStats.HandleRequestImpl - 12 total (0 active), Execution time: mean = 3.971 ms, total = 47.649 ms, Queueing time: mean = 467.116 us, max = 2.858 ms, min = 18.295 us, total = 5.605 ms
	CoreWorkerService.grpc_server.GetCoreWorkerStats - 12 total (0 active), Execution time: mean = 4.773 ms, total = 57.277 ms, Queueing time: mean = 0.000 s, max = -0.000 s, min = 9223372036.855 s, total = 0.000 s
	CoreWorker.RecordMetrics - 12 total (1 active), Execution time: mean = 32.762 us, total = 393.139 us, Queueing time: mean = 7.666 ms, max = 15.147 ms, min = -0.002 s, total = 91.991 ms
	PeriodicalRunner.RunFnPeriodically - 7 total (0 active), Execution time: mean = 544.357 us, total = 3.811 ms, Queueing time: mean = 4.454 ms, max = 24.703 ms, min = 33.700 us, total = 31.177 ms
	CoreWorker.GCStreamingGeneratorMetadata - 6 total (1 active), Execution time: mean = 9.068 us, total = 54.408 us, Queueing time: mean = 5.201 ms, max = 13.415 ms, min = -0.002 s, total = 31.204 ms
	CoreWorker.PrintEventStats - 1 total (1 active, 1 running), Execution time: mean = 0.000 s, total = 0.000 s, Queueing time: mean = 0.000 s, max = -0.000 s, min = 9223372036.855 s, total = 0.000 s
	InternalPubSubGcsService.grpc_client.GcsSubscriberCommandBatch.OnReplyReceived - 1 total (0 active), Execution time: mean = 583.400 us, total = 583.400 us, Queueing time: mean = 31.400 us, max = 31.400 us, min = 31.400 us, total = 31.400 us
	WorkerInfoGcsService.grpc_client.AddWorkerInfo - 1 total (0 active), Execution time: mean = 4.827 ms, total = 4.827 ms, Queueing time: mean = 0.000 s, max = -0.000 s, min = 9223372036.855 s, total = 0.000 s
	InternalPubSubGcsService.grpc_client.GcsSubscriberCommandBatch - 1 total (0 active), Execution time: mean = 2.779 ms, total = 2.779 ms, Queueing time: mean = 0.000 s, max = -0.000 s, min = 9223372036.855 s, total = 0.000 s
	WorkerInfoGcsService.grpc_client.AddWorkerInfo.OnReplyReceived - 1 total (0 active), Execution time: mean = 97.600 us, total = 97.600 us, Queueing time: mean = 33.600 us, max = 33.600 us, min = 33.600 us, total = 33.600 us
	NodeInfoGcsService.grpc_client.GetAllNodeInfo - 1 total (0 active), Execution time: mean = 7.473 ms, total = 7.473 ms, Queueing time: mean = 0.000 s, max = -0.000 s, min = 9223372036.855 s, total = 0.000 s
	InternalPubSubGcsService.grpc_client.GcsSubscriberPoll - 1 total (1 active), Execution time: mean = 0.000 s, total = 0.000 s, Queueing time: mean = 0.000 s, max = -0.000 s, min = 9223372036.855 s, total = 0.000 s
	NodeInfoGcsService.grpc_client.GetAllNodeInfo.OnReplyReceived - 1 total (0 active), Execution time: mean = 344.000 us, total = 344.000 us, Queueing time: mean = 80.900 us, max = 80.900 us, min = 80.900 us, total = 80.900 us
	Publisher.CheckDeadSubscribers - 1 total (1 active), Execution time: mean = 0.000 s, total = 0.000 s, Queueing time: mean = 0.000 s, max = -0.000 s, min = 9223372036.855 s, total = 0.000 s

-----------------
Task Event stats:

IO Service Stats:

Global stats: 181 total (1 active)
Queueing time: mean = 4.366 ms, max = 55.208 ms, min = -0.003 s, total = 790.229 ms
Execution time:  mean = 1.148 ms, total = 207.843 ms
Event stats:
	TaskInfoGcsService.grpc_client.AddTaskEventData.OnReplyReceived - 60 total (0 active), Execution time: mean = 1.798 ms, total = 107.856 ms, Queueing time: mean = 1.407 ms, max = 29.193 ms, min = 12.191 us, total = 84.407 ms
	CoreWorker.deadline_timer.flush_task_events - 60 total (1 active), Execution time: mean = 339.385 us, total = 20.363 ms, Queueing time: mean = 11.576 ms, max = 55.208 ms, min = -0.003 s, total = 694.570 ms
	TaskInfoGcsService.grpc_client.AddTaskEventData - 60 total (0 active), Execution time: mean = 1.315 ms, total = 78.887 ms, Queueing time: mean = 0.000 s, max = -0.000 s, min = 9223372036.855 s, total = 0.000 s
	PeriodicalRunner.RunFnPeriodically - 1 total (0 active), Execution time: mean = 737.400 us, total = 737.400 us, Queueing time: mean = 11.252 ms, max = 11.252 ms, min = 11.252 ms, total = 11.252 ms
Other Stats:
	grpc_in_progress:0
	current number of task status events in buffer: 0
	current number of profile events in buffer: 0
	current number of dropped task attempts tracked: 0
	total task events sent: 0 MiB
	total number of task attempts sent: 0
	total number of task attempts dropped reported: 0
	total number of sent failure: 0
	num status task events dropped: 0
	num profile task events dropped: 0


[2024-05-25 19:45:30,494 I 21200 21672] core_worker.cc:611: Event stats:


Global stats: 1671 total (8 active)
Queueing time: mean = 8.104 ms, max = 48.420 ms, min = -0.002 s, total = 13.542 s
Execution time:  mean = 232.190 us, total = 387.990 ms
Event stats:
	CoreWorker.RecoverObjects - 1094 total (1 active), Execution time: mean = 16.065 us, total = 17.575 ms, Queueing time: mean = 9.722 ms, max = 46.614 ms, min = 2.344 ms, total = 10.636 s
	CoreWorker.InternalHeartbeat - 119 total (1 active), Execution time: mean = 350.257 us, total = 41.681 ms, Queueing time: mean = 10.346 ms, max = 26.959 ms, min = -0.000 s, total = 1.231 s
	NodeManagerService.grpc_client.ReportWorkerBacklog - 119 total (0 active), Execution time: mean = 1.554 ms, total = 184.878 ms, Queueing time: mean = 0.000 s, max = -0.000 s, min = 9223372036.855 s, total = 0.000 s
	NodeManagerService.grpc_client.ReportWorkerBacklog.OnReplyReceived - 119 total (0 active), Execution time: mean = 35.189 us, total = 4.187 ms, Queueing time: mean = 253.364 us, max = 8.146 ms, min = 10.361 us, total = 30.150 ms
	CoreWorker.ExitIfParentRayletDies - 119 total (1 active), Execution time: mean = 45.210 us, total = 5.380 ms, Queueing time: mean = 11.151 ms, max = 48.420 ms, min = -0.002 s, total = 1.327 s
	CoreWorkerService.grpc_server.GetCoreWorkerStats.HandleRequestImpl - 24 total (0 active), Execution time: mean = 2.058 ms, total = 49.389 ms, Queueing time: mean = 313.712 us, max = 2.858 ms, min = 18.295 us, total = 7.529 ms
	CoreWorkerService.grpc_server.GetCoreWorkerStats - 24 total (0 active), Execution time: mean = 2.621 ms, total = 62.905 ms, Queueing time: mean = 0.000 s, max = -0.000 s, min = 9223372036.855 s, total = 0.000 s
	CoreWorker.RecordMetrics - 24 total (1 active), Execution time: mean = 34.526 us, total = 828.617 us, Queueing time: mean = 7.867 ms, max = 15.147 ms, min = -0.002 s, total = 188.815 ms
	CoreWorker.GCStreamingGeneratorMetadata - 12 total (1 active), Execution time: mean = 7.264 us, total = 87.171 us, Queueing time: mean = 6.324 ms, max = 13.686 ms, min = -0.002 s, total = 75.892 ms
	PeriodicalRunner.RunFnPeriodically - 7 total (0 active), Execution time: mean = 544.357 us, total = 3.811 ms, Queueing time: mean = 4.454 ms, max = 24.703 ms, min = 33.700 us, total = 31.177 ms
	CoreWorker.PrintEventStats - 2 total (1 active, 1 running), Execution time: mean = 582.392 us, total = 1.165 ms, Queueing time: mean = 7.101 ms, max = 14.201 ms, min = 14.201 ms, total = 14.201 ms
	InternalPubSubGcsService.grpc_client.GcsSubscriberCommandBatch.OnReplyReceived - 1 total (0 active), Execution time: mean = 583.400 us, total = 583.400 us, Queueing time: mean = 31.400 us, max = 31.400 us, min = 31.400 us, total = 31.400 us
	WorkerInfoGcsService.grpc_client.AddWorkerInfo - 1 total (0 active), Execution time: mean = 4.827 ms, total = 4.827 ms, Queueing time: mean = 0.000 s, max = -0.000 s, min = 9223372036.855 s, total = 0.000 s
	InternalPubSubGcsService.grpc_client.GcsSubscriberCommandBatch - 1 total (0 active), Execution time: mean = 2.779 ms, total = 2.779 ms, Queueing time: mean = 0.000 s, max = -0.000 s, min = 9223372036.855 s, total = 0.000 s
	WorkerInfoGcsService.grpc_client.AddWorkerInfo.OnReplyReceived - 1 total (0 active), Execution time: mean = 97.600 us, total = 97.600 us, Queueing time: mean = 33.600 us, max = 33.600 us, min = 33.600 us, total = 33.600 us
	NodeInfoGcsService.grpc_client.GetAllNodeInfo - 1 total (0 active), Execution time: mean = 7.473 ms, total = 7.473 ms, Queueing time: mean = 0.000 s, max = -0.000 s, min = 9223372036.855 s, total = 0.000 s
	InternalPubSubGcsService.grpc_client.GcsSubscriberPoll - 1 total (1 active), Execution time: mean = 0.000 s, total = 0.000 s, Queueing time: mean = 0.000 s, max = -0.000 s, min = 9223372036.855 s, total = 0.000 s
	NodeInfoGcsService.grpc_client.GetAllNodeInfo.OnReplyReceived - 1 total (0 active), Execution time: mean = 344.000 us, total = 344.000 us, Queueing time: mean = 80.900 us, max = 80.900 us, min = 80.900 us, total = 80.900 us
	Publisher.CheckDeadSubscribers - 1 total (1 active), Execution time: mean = 0.000 s, total = 0.000 s, Queueing time: mean = 0.000 s, max = -0.000 s, min = 9223372036.855 s, total = 0.000 s

-----------------
Task Event stats:

IO Service Stats:

Global stats: 358 total (1 active)
Queueing time: mean = 3.911 ms, max = 55.208 ms, min = -0.003 s, total = 1.400 s
Execution time:  mean = 854.069 us, total = 305.757 ms
Event stats:
	TaskInfoGcsService.grpc_client.AddTaskEventData.OnReplyReceived - 119 total (0 active), Execution time: mean = 927.486 us, total = 110.371 ms, Queueing time: mean = 815.469 us, max = 29.193 ms, min = 11.300 us, total = 97.041 ms
	CoreWorker.deadline_timer.flush_task_events - 119 total (1 active), Execution time: mean = 361.875 us, total = 43.063 ms, Queueing time: mean = 10.854 ms, max = 55.208 ms, min = -0.003 s, total = 1.292 s
	TaskInfoGcsService.grpc_client.AddTaskEventData - 119 total (0 active), Execution time: mean = 1.274 ms, total = 151.585 ms, Queueing time: mean = 0.000 s, max = -0.000 s, min = 9223372036.855 s, total = 0.000 s
	PeriodicalRunner.RunFnPeriodically - 1 total (0 active), Execution time: mean = 737.400 us, total = 737.400 us, Queueing time: mean = 11.252 ms, max = 11.252 ms, min = 11.252 ms, total = 11.252 ms
Other Stats:
	grpc_in_progress:0
	current number of task status events in buffer: 0
	current number of profile events in buffer: 0
	current number of dropped task attempts tracked: 0
	total task events sent: 0 MiB
	total number of task attempts sent: 0
	total number of task attempts dropped reported: 0
	total number of sent failure: 0
	num status task events dropped: 0
	num profile task events dropped: 0


[2024-05-25 19:46:30,505 I 21200 21672] core_worker.cc:611: Event stats:


Global stats: 2503 total (8 active)
Queueing time: mean = 8.019 ms, max = 48.420 ms, min = -0.002 s, total = 20.072 s
Execution time:  mean = 204.372 us, total = 511.542 ms
Event stats:
	CoreWorker.RecoverObjects - 1643 total (1 active), Execution time: mean = 15.706 us, total = 25.806 ms, Queueing time: mean = 9.572 ms, max = 46.614 ms, min = 2.344 ms, total = 15.726 s
	CoreWorker.InternalHeartbeat - 179 total (1 active), Execution time: mean = 350.707 us, total = 62.777 ms, Queueing time: mean = 10.450 ms, max = 26.959 ms, min = -0.000 s, total = 1.871 s
	NodeManagerService.grpc_client.ReportWorkerBacklog - 179 total (0 active), Execution time: mean = 1.454 ms, total = 260.341 ms, Queueing time: mean = 0.000 s, max = -0.000 s, min = 9223372036.855 s, total = 0.000 s
	NodeManagerService.grpc_client.ReportWorkerBacklog.OnReplyReceived - 179 total (0 active), Execution time: mean = 37.728 us, total = 6.753 ms, Queueing time: mean = 182.690 us, max = 8.146 ms, min = 10.361 us, total = 32.702 ms
	CoreWorker.ExitIfParentRayletDies - 179 total (1 active), Execution time: mean = 40.895 us, total = 7.320 ms, Queueing time: mean = 11.092 ms, max = 48.420 ms, min = -0.002 s, total = 1.985 s
	CoreWorkerService.grpc_server.GetCoreWorkerStats.HandleRequestImpl - 36 total (0 active), Execution time: mean = 1.423 ms, total = 51.246 ms, Queueing time: mean = 364.298 us, max = 2.858 ms, min = 18.295 us, total = 13.115 ms
	CoreWorkerService.grpc_server.GetCoreWorkerStats - 36 total (0 active), Execution time: mean = 2.046 ms, total = 73.660 ms, Queueing time: mean = 0.000 s, max = -0.000 s, min = 9223372036.855 s, total = 0.000 s
	CoreWorker.RecordMetrics - 36 total (1 active), Execution time: mean = 36.686 us, total = 1.321 ms, Queueing time: mean = 8.015 ms, max = 15.147 ms, min = -0.002 s, total = 288.541 ms
	CoreWorker.GCStreamingGeneratorMetadata - 18 total (1 active), Execution time: mean = 7.246 us, total = 130.435 us, Queueing time: mean = 5.957 ms, max = 13.686 ms, min = -0.002 s, total = 107.225 ms
	PeriodicalRunner.RunFnPeriodically - 7 total (0 active), Execution time: mean = 544.357 us, total = 3.811 ms, Queueing time: mean = 4.454 ms, max = 24.703 ms, min = 33.700 us, total = 31.177 ms
	CoreWorker.PrintEventStats - 3 total (1 active, 1 running), Execution time: mean = 758.068 us, total = 2.274 ms, Queueing time: mean = 5.511 ms, max = 14.201 ms, min = 2.332 ms, total = 16.533 ms
	InternalPubSubGcsService.grpc_client.GcsSubscriberCommandBatch.OnReplyReceived - 1 total (0 active), Execution time: mean = 583.400 us, total = 583.400 us, Queueing time: mean = 31.400 us, max = 31.400 us, min = 31.400 us, total = 31.400 us
	WorkerInfoGcsService.grpc_client.AddWorkerInfo - 1 total (0 active), Execution time: mean = 4.827 ms, total = 4.827 ms, Queueing time: mean = 0.000 s, max = -0.000 s, min = 9223372036.855 s, total = 0.000 s
	InternalPubSubGcsService.grpc_client.GcsSubscriberCommandBatch - 1 total (0 active), Execution time: mean = 2.779 ms, total = 2.779 ms, Queueing time: mean = 0.000 s, max = -0.000 s, min = 9223372036.855 s, total = 0.000 s
	WorkerInfoGcsService.grpc_client.AddWorkerInfo.OnReplyReceived - 1 total (0 active), Execution time: mean = 97.600 us, total = 97.600 us, Queueing time: mean = 33.600 us, max = 33.600 us, min = 33.600 us, total = 33.600 us
	NodeInfoGcsService.grpc_client.GetAllNodeInfo - 1 total (0 active), Execution time: mean = 7.473 ms, total = 7.473 ms, Queueing time: mean = 0.000 s, max = -0.000 s, min = 9223372036.855 s, total = 0.000 s
	InternalPubSubGcsService.grpc_client.GcsSubscriberPoll - 1 total (1 active), Execution time: mean = 0.000 s, total = 0.000 s, Queueing time: mean = 0.000 s, max = -0.000 s, min = 9223372036.855 s, total = 0.000 s
	NodeInfoGcsService.grpc_client.GetAllNodeInfo.OnReplyReceived - 1 total (0 active), Execution time: mean = 344.000 us, total = 344.000 us, Queueing time: mean = 80.900 us, max = 80.900 us, min = 80.900 us, total = 80.900 us
	Publisher.CheckDeadSubscribers - 1 total (1 active), Execution time: mean = 0.000 s, total = 0.000 s, Queueing time: mean = 0.000 s, max = -0.000 s, min = 9223372036.855 s, total = 0.000 s

-----------------
Task Event stats:

IO Service Stats:

Global stats: 538 total (1 active)
Queueing time: mean = 3.860 ms, max = 55.208 ms, min = -0.003 s, total = 2.077 s
Execution time:  mean = 745.386 us, total = 401.018 ms
Event stats:
	TaskInfoGcsService.grpc_client.AddTaskEventData.OnReplyReceived - 179 total (0 active), Execution time: mean = 631.212 us, total = 112.987 ms, Queueing time: mean = 588.228 us, max = 29.193 ms, min = 11.300 us, total = 105.293 ms
	CoreWorker.deadline_timer.flush_task_events - 179 total (1 active), Execution time: mean = 363.396 us, total = 65.048 ms, Queueing time: mean = 10.952 ms, max = 55.208 ms, min = -0.003 s, total = 1.960 s
	TaskInfoGcsService.grpc_client.AddTaskEventData - 179 total (0 active), Execution time: mean = 1.242 ms, total = 222.245 ms, Queueing time: mean = 0.000 s, max = -0.000 s, min = 9223372036.855 s, total = 0.000 s
	PeriodicalRunner.RunFnPeriodically - 1 total (0 active), Execution time: mean = 737.400 us, total = 737.400 us, Queueing time: mean = 11.252 ms, max = 11.252 ms, min = 11.252 ms, total = 11.252 ms
Other Stats:
	grpc_in_progress:0
	current number of task status events in buffer: 0
	current number of profile events in buffer: 0
	current number of dropped task attempts tracked: 0
	total task events sent: 0 MiB
	total number of task attempts sent: 0
	total number of task attempts dropped reported: 0
	total number of sent failure: 0
	num status task events dropped: 0
	num profile task events dropped: 0


[2024-05-25 19:47:30,512 I 21200 21672] core_worker.cc:611: Event stats:


Global stats: 3324 total (8 active)
Queueing time: mean = 8.223 ms, max = 82.746 ms, min = -0.002 s, total = 27.334 s
Execution time:  mean = 191.718 us, total = 637.269 ms
Event stats:
	CoreWorker.RecoverObjects - 2185 total (1 active), Execution time: mean = 15.582 us, total = 34.047 ms, Queueing time: mean = 9.876 ms, max = 82.746 ms, min = 6.243 us, total = 21.579 s
	CoreWorker.InternalHeartbeat - 238 total (1 active), Execution time: mean = 355.158 us, total = 84.528 ms, Queueing time: mean = 10.409 ms, max = 26.959 ms, min = -0.000 s, total = 2.477 s
	NodeManagerService.grpc_client.ReportWorkerBacklog - 238 total (0 active), Execution time: mean = 1.406 ms, total = 334.641 ms, Queueing time: mean = 0.000 s, max = -0.000 s, min = 9223372036.855 s, total = 0.000 s
	NodeManagerService.grpc_client.ReportWorkerBacklog.OnReplyReceived - 238 total (0 active), Execution time: mean = 39.359 us, total = 9.367 ms, Queueing time: mean = 152.340 us, max = 8.146 ms, min = 10.361 us, total = 36.257 ms
	CoreWorker.ExitIfParentRayletDies - 238 total (1 active), Execution time: mean = 38.757 us, total = 9.224 ms, Queueing time: mean = 10.974 ms, max = 48.420 ms, min = -0.002 s, total = 2.612 s
	CoreWorkerService.grpc_server.GetCoreWorkerStats.HandleRequestImpl - 48 total (0 active), Execution time: mean = 1.112 ms, total = 53.385 ms, Queueing time: mean = 408.791 us, max = 3.084 ms, min = 18.295 us, total = 19.622 ms
	CoreWorkerService.grpc_server.GetCoreWorkerStats - 48 total (0 active), Execution time: mean = 1.786 ms, total = 85.718 ms, Queueing time: mean = 0.000 s, max = -0.000 s, min = 9223372036.855 s, total = 0.000 s
	CoreWorker.RecordMetrics - 48 total (1 active), Execution time: mean = 38.253 us, total = 1.836 ms, Queueing time: mean = 8.002 ms, max = 15.147 ms, min = -0.002 s, total = 384.083 ms
	CoreWorker.GCStreamingGeneratorMetadata - 24 total (1 active), Execution time: mean = 7.258 us, total = 174.196 us, Queueing time: mean = 7.057 ms, max = 15.269 ms, min = -0.002 s, total = 169.365 ms
	PeriodicalRunner.RunFnPeriodically - 7 total (0 active), Execution time: mean = 544.357 us, total = 3.811 ms, Queueing time: mean = 4.454 ms, max = 24.703 ms, min = 33.700 us, total = 31.177 ms
	CoreWorker.PrintEventStats - 4 total (1 active, 1 running), Execution time: mean = 1.109 ms, total = 4.434 ms, Queueing time: mean = 6.163 ms, max = 14.201 ms, min = 2.332 ms, total = 24.650 ms
	InternalPubSubGcsService.grpc_client.GcsSubscriberCommandBatch.OnReplyReceived - 1 total (0 active), Execution time: mean = 583.400 us, total = 583.400 us, Queueing time: mean = 31.400 us, max = 31.400 us, min = 31.400 us, total = 31.400 us
	WorkerInfoGcsService.grpc_client.AddWorkerInfo - 1 total (0 active), Execution time: mean = 4.827 ms, total = 4.827 ms, Queueing time: mean = 0.000 s, max = -0.000 s, min = 9223372036.855 s, total = 0.000 s
	InternalPubSubGcsService.grpc_client.GcsSubscriberCommandBatch - 1 total (0 active), Execution time: mean = 2.779 ms, total = 2.779 ms, Queueing time: mean = 0.000 s, max = -0.000 s, min = 9223372036.855 s, total = 0.000 s
	WorkerInfoGcsService.grpc_client.AddWorkerInfo.OnReplyReceived - 1 total (0 active), Execution time: mean = 97.600 us, total = 97.600 us, Queueing time: mean = 33.600 us, max = 33.600 us, min = 33.600 us, total = 33.600 us
	NodeInfoGcsService.grpc_client.GetAllNodeInfo - 1 total (0 active), Execution time: mean = 7.473 ms, total = 7.473 ms, Queueing time: mean = 0.000 s, max = -0.000 s, min = 9223372036.855 s, total = 0.000 s
	InternalPubSubGcsService.grpc_client.GcsSubscriberPoll - 1 total (1 active), Execution time: mean = 0.000 s, total = 0.000 s, Queueing time: mean = 0.000 s, max = -0.000 s, min = 9223372036.855 s, total = 0.000 s
	NodeInfoGcsService.grpc_client.GetAllNodeInfo.OnReplyReceived - 1 total (0 active), Execution time: mean = 344.000 us, total = 344.000 us, Queueing time: mean = 80.900 us, max = 80.900 us, min = 80.900 us, total = 80.900 us
	Publisher.CheckDeadSubscribers - 1 total (1 active), Execution time: mean = 0.000 s, total = 0.000 s, Queueing time: mean = 0.000 s, max = -0.000 s, min = 9223372036.855 s, total = 0.000 s

-----------------
Task Event stats:

IO Service Stats:

Global stats: 715 total (1 active)
Queueing time: mean = 3.789 ms, max = 55.208 ms, min = -0.003 s, total = 2.709 s
Execution time:  mean = 701.263 us, total = 501.403 ms
Event stats:
	TaskInfoGcsService.grpc_client.AddTaskEventData.OnReplyReceived - 238 total (0 active), Execution time: mean = 485.950 us, total = 115.656 ms, Queueing time: mean = 495.728 us, max = 29.193 ms, min = 11.300 us, total = 117.983 ms
	CoreWorker.deadline_timer.flush_task_events - 238 total (1 active), Execution time: mean = 380.202 us, total = 90.488 ms, Queueing time: mean = 10.840 ms, max = 55.208 ms, min = -0.003 s, total = 2.580 s
	TaskInfoGcsService.grpc_client.AddTaskEventData - 238 total (0 active), Execution time: mean = 1.237 ms, total = 294.522 ms, Queueing time: mean = 0.000 s, max = -0.000 s, min = 9223372036.855 s, total = 0.000 s
	PeriodicalRunner.RunFnPeriodically - 1 total (0 active), Execution time: mean = 737.400 us, total = 737.400 us, Queueing time: mean = 11.252 ms, max = 11.252 ms, min = 11.252 ms, total = 11.252 ms
Other Stats:
	grpc_in_progress:0
	current number of task status events in buffer: 0
	current number of profile events in buffer: 0
	current number of dropped task attempts tracked: 0
	total task events sent: 0 MiB
	total number of task attempts sent: 0
	total number of task attempts dropped reported: 0
	total number of sent failure: 0
	num status task events dropped: 0
	num profile task events dropped: 0


[2024-05-25 19:48:30,518 I 21200 21672] core_worker.cc:611: Event stats:


Global stats: 4147 total (8 active)
Queueing time: mean = 8.298 ms, max = 82.746 ms, min = -0.002 s, total = 34.414 s
Execution time:  mean = 179.068 us, total = 742.594 ms
Event stats:
	CoreWorker.RecoverObjects - 2728 total (1 active), Execution time: mean = 15.289 us, total = 41.709 ms, Queueing time: mean = 9.990 ms, max = 82.746 ms, min = 6.243 us, total = 27.252 s
	CoreWorker.InternalHeartbeat - 297 total (1 active), Execution time: mean = 351.103 us, total = 104.278 ms, Queueing time: mean = 10.424 ms, max = 26.959 ms, min = -0.001 s, total = 3.096 s
	NodeManagerService.grpc_client.ReportWorkerBacklog - 297 total (0 active), Execution time: mean = 1.335 ms, total = 396.468 ms, Queueing time: mean = 0.000 s, max = -0.000 s, min = 9223372036.855 s, total = 0.000 s
	NodeManagerService.grpc_client.ReportWorkerBacklog.OnReplyReceived - 297 total (0 active), Execution time: mean = 38.454 us, total = 11.421 ms, Queueing time: mean = 129.845 us, max = 8.146 ms, min = 10.361 us, total = 38.564 ms
	CoreWorker.ExitIfParentRayletDies - 297 total (1 active), Execution time: mean = 37.029 us, total = 10.998 ms, Queueing time: mean = 10.938 ms, max = 48.420 ms, min = -0.002 s, total = 3.249 s
	CoreWorkerService.grpc_server.GetCoreWorkerStats.HandleRequestImpl - 60 total (0 active), Execution time: mean = 913.447 us, total = 54.807 ms, Queueing time: mean = 378.301 us, max = 3.084 ms, min = 18.295 us, total = 22.698 ms
	CoreWorkerService.grpc_server.GetCoreWorkerStats - 60 total (0 active), Execution time: mean = 1.583 ms, total = 94.971 ms, Queueing time: mean = 0.000 s, max = -0.000 s, min = 9223372036.855 s, total = 0.000 s
	CoreWorker.RecordMetrics - 60 total (1 active), Execution time: mean = 37.292 us, total = 2.238 ms, Queueing time: mean = 8.107 ms, max = 15.203 ms, min = -0.002 s, total = 486.423 ms
	CoreWorker.GCStreamingGeneratorMetadata - 30 total (1 active), Execution time: mean = 7.339 us, total = 220.164 us, Queueing time: mean = 6.789 ms, max = 15.269 ms, min = -0.002 s, total = 203.674 ms
	PeriodicalRunner.RunFnPeriodically - 7 total (0 active), Execution time: mean = 544.357 us, total = 3.811 ms, Queueing time: mean = 4.454 ms, max = 24.703 ms, min = 33.700 us, total = 31.177 ms
	CoreWorker.PrintEventStats - 5 total (1 active, 1 running), Execution time: mean = 1.114 ms, total = 5.568 ms, Queueing time: mean = 6.180 ms, max = 14.201 ms, min = 2.332 ms, total = 30.899 ms
	Publisher.CheckDeadSubscribers - 2 total (1 active), Execution time: mean = 1.714 us, total = 3.429 us, Queueing time: mean = 1.400 ms, max = 2.799 ms, min = 2.799 ms, total = 2.799 ms
	InternalPubSubGcsService.grpc_client.GcsSubscriberCommandBatch.OnReplyReceived - 1 total (0 active), Execution time: mean = 583.400 us, total = 583.400 us, Queueing time: mean = 31.400 us, max = 31.400 us, min = 31.400 us, total = 31.400 us
	WorkerInfoGcsService.grpc_client.AddWorkerInfo - 1 total (0 active), Execution time: mean = 4.827 ms, total = 4.827 ms, Queueing time: mean = 0.000 s, max = -0.000 s, min = 9223372036.855 s, total = 0.000 s
	InternalPubSubGcsService.grpc_client.GcsSubscriberCommandBatch - 1 total (0 active), Execution time: mean = 2.779 ms, total = 2.779 ms, Queueing time: mean = 0.000 s, max = -0.000 s, min = 9223372036.855 s, total = 0.000 s
	WorkerInfoGcsService.grpc_client.AddWorkerInfo.OnReplyReceived - 1 total (0 active), Execution time: mean = 97.600 us, total = 97.600 us, Queueing time: mean = 33.600 us, max = 33.600 us, min = 33.600 us, total = 33.600 us
	NodeInfoGcsService.grpc_client.GetAllNodeInfo - 1 total (0 active), Execution time: mean = 7.473 ms, total = 7.473 ms, Queueing time: mean = 0.000 s, max = -0.000 s, min = 9223372036.855 s, total = 0.000 s
	InternalPubSubGcsService.grpc_client.GcsSubscriberPoll - 1 total (1 active), Execution time: mean = 0.000 s, total = 0.000 s, Queueing time: mean = 0.000 s, max = -0.000 s, min = 9223372036.855 s, total = 0.000 s
	NodeInfoGcsService.grpc_client.GetAllNodeInfo.OnReplyReceived - 1 total (0 active), Execution time: mean = 344.000 us, total = 344.000 us, Queueing time: mean = 80.900 us, max = 80.900 us, min = 80.900 us, total = 80.900 us

-----------------
Task Event stats:

IO Service Stats:

Global stats: 892 total (1 active)
Queueing time: mean = 3.857 ms, max = 78.412 ms, min = -0.003 s, total = 3.441 s
Execution time:  mean = 659.060 us, total = 587.881 ms
Event stats:
	TaskInfoGcsService.grpc_client.AddTaskEventData.OnReplyReceived - 297 total (0 active), Execution time: mean = 398.435 us, total = 118.335 ms, Queueing time: mean = 476.148 us, max = 29.193 ms, min = 11.300 us, total = 141.416 ms
	CoreWorker.deadline_timer.flush_task_events - 297 total (1 active), Execution time: mean = 372.129 us, total = 110.522 ms, Queueing time: mean = 11.071 ms, max = 78.412 ms, min = -0.003 s, total = 3.288 s
	TaskInfoGcsService.grpc_client.AddTaskEventData - 297 total (0 active), Execution time: mean = 1.206 ms, total = 358.286 ms, Queueing time: mean = 0.000 s, max = -0.000 s, min = 9223372036.855 s, total = 0.000 s
	PeriodicalRunner.RunFnPeriodically - 1 total (0 active), Execution time: mean = 737.400 us, total = 737.400 us, Queueing time: mean = 11.252 ms, max = 11.252 ms, min = 11.252 ms, total = 11.252 ms
Other Stats:
	grpc_in_progress:0
	current number of task status events in buffer: 0
	current number of profile events in buffer: 0
	current number of dropped task attempts tracked: 0
	total task events sent: 0 MiB
	total number of task attempts sent: 0
	total number of task attempts dropped reported: 0
	total number of sent failure: 0
	num status task events dropped: 0
	num profile task events dropped: 0


