[2024-05-25 19:43:30,407 I 21172 21164] core_worker_process.cc:107: Constructing CoreWorkerProcess. pid: 21172
[2024-05-25 19:43:30,461 I 21172 21164] io_service_pool.cc:35: IOServicePool is running with 1 io_service.
[2024-05-25 19:43:30,484 I 21172 21164] grpc_server.cc:134: worker server started, listening on port 50538.
[2024-05-25 19:43:30,509 I 21172 21164] core_worker.cc:258: Initializing worker at address: 127.0.0.1:50538, worker ID 8956878559fa9c00931a7e682b2cc7fe52fa516cb781a51f1ca45824, raylet d863ee0daa3c11ba1854014e9f17b10c7441806a22cda2c6762c7d93
[2024-05-25 19:43:30,613 I 21172 21164] task_event_buffer.cc:177: Reporting task events to GCS every 1000ms.
[2024-05-25 19:43:30,627 I 21172 22576] core_worker.cc:611: Event stats:


Global stats: 11 total (5 active)
Queueing time: mean = 1.828 ms, max = 12.100 ms, min = 106.800 us, total = 20.105 ms
Execution time:  mean = 4.619 ms, total = 50.805 ms
Event stats:
	PeriodicalRunner.RunFnPeriodically - 3 total (1 active, 1 running), Execution time: mean = 42.500 us, total = 127.500 us, Queueing time: mean = 5.687 ms, max = 12.100 ms, min = 4.961 ms, total = 17.061 ms
	InternalPubSubGcsService.grpc_client.GcsSubscriberPoll - 1 total (1 active), Execution time: mean = 0.000 s, total = 0.000 s, Queueing time: mean = 0.000 s, max = -0.000 s, min = 9223372036.855 s, total = 0.000 s
	WorkerInfoGcsService.grpc_client.AddWorkerInfo - 1 total (0 active), Execution time: mean = 42.795 ms, total = 42.795 ms, Queueing time: mean = 0.000 s, max = -0.000 s, min = 9223372036.855 s, total = 0.000 s
	Publisher.CheckDeadSubscribers - 1 total (1 active), Execution time: mean = 0.000 s, total = 0.000 s, Queueing time: mean = 0.000 s, max = -0.000 s, min = 9223372036.855 s, total = 0.000 s
	InternalPubSubGcsService.grpc_client.GcsSubscriberCommandBatch.OnReplyReceived - 1 total (0 active), Execution time: mean = 1.301 ms, total = 1.301 ms, Queueing time: mean = 106.800 us, max = 106.800 us, min = 106.800 us, total = 106.800 us
	WorkerInfoGcsService.grpc_client.AddWorkerInfo.OnReplyReceived - 1 total (0 active), Execution time: mean = 92.200 us, total = 92.200 us, Queueing time: mean = 2.938 ms, max = 2.938 ms, min = 2.938 ms, total = 2.938 ms
	InternalPubSubGcsService.grpc_client.GcsSubscriberCommandBatch - 1 total (0 active), Execution time: mean = 6.490 ms, total = 6.490 ms, Queueing time: mean = 0.000 s, max = -0.000 s, min = 9223372036.855 s, total = 0.000 s
	CoreWorker.ExitIfParentRayletDies - 1 total (1 active), Execution time: mean = 0.000 s, total = 0.000 s, Queueing time: mean = 0.000 s, max = -0.000 s, min = 9223372036.855 s, total = 0.000 s
	NodeInfoGcsService.grpc_client.GetAllNodeInfo - 1 total (1 active), Execution time: mean = 0.000 s, total = 0.000 s, Queueing time: mean = 0.000 s, max = -0.000 s, min = 9223372036.855 s, total = 0.000 s

-----------------
Task Event stats:

IO Service Stats:

Global stats: 1 total (1 active)
Queueing time: mean = 0.000 s, max = -0.000 s, min = 9223372036.855 s, total = 0.000 s
Execution time:  mean = 0.000 s, total = 0.000 s
Event stats:
	PeriodicalRunner.RunFnPeriodically - 1 total (1 active), Execution time: mean = 0.000 s, total = 0.000 s, Queueing time: mean = 0.000 s, max = -0.000 s, min = 9223372036.855 s, total = 0.000 s
Other Stats:
	grpc_in_progress:0
	current number of task status events in buffer: 0
	current number of profile events in buffer: 0
	current number of dropped task attempts tracked: 0
	total task events sent: 0 MiB
	total number of task attempts sent: 0
	total number of task attempts dropped reported: 0
	total number of sent failure: 0
	num status task events dropped: 0
	num profile task events dropped: 0


[2024-05-25 19:43:30,655 I 21172 22576] accessor.cc:627: Received notification for node id = d863ee0daa3c11ba1854014e9f17b10c7441806a22cda2c6762c7d93, IsAlive = 1
[2024-05-25 19:43:30,655 I 21172 22576] core_worker.cc:4602: Number of alive nodes:1
[2024-05-25 19:43:30,656 I 21172 21164] event.cc:234: Set ray event level to warning
[2024-05-25 19:43:30,656 I 21172 21164] event.cc:342: Ray Event initialized for CORE_WORKER
[2024-05-25 19:44:30,630 I 21172 22576] core_worker.cc:611: Event stats:


Global stats: 844 total (8 active)
Queueing time: mean = 8.235 ms, max = 42.757 ms, min = -0.005 s, total = 6.950 s
Execution time:  mean = 435.611 us, total = 367.656 ms
Event stats:
	CoreWorker.RecoverObjects - 546 total (1 active), Execution time: mean = 13.690 us, total = 7.475 ms, Queueing time: mean = 9.935 ms, max = 42.757 ms, min = -0.005 s, total = 5.425 s
	NodeManagerService.grpc_client.ReportWorkerBacklog - 60 total (0 active), Execution time: mean = 2.512 ms, total = 150.712 ms, Queueing time: mean = 0.000 s, max = -0.000 s, min = 9223372036.855 s, total = 0.000 s
	NodeManagerService.grpc_client.ReportWorkerBacklog.OnReplyReceived - 60 total (0 active), Execution time: mean = 45.788 us, total = 2.747 ms, Queueing time: mean = 435.811 us, max = 12.116 ms, min = 11.192 us, total = 26.149 ms
	CoreWorker.InternalHeartbeat - 60 total (1 active), Execution time: mean = 387.365 us, total = 23.242 ms, Queueing time: mean = 10.607 ms, max = 18.903 ms, min = -0.000 s, total = 636.429 ms
	CoreWorker.ExitIfParentRayletDies - 60 total (1 active), Execution time: mean = 46.703 us, total = 2.802 ms, Queueing time: mean = 11.230 ms, max = 27.677 ms, min = 158.530 us, total = 673.782 ms
	CoreWorkerService.grpc_server.GetCoreWorkerStats - 12 total (0 active), Execution time: mean = 4.629 ms, total = 55.550 ms, Queueing time: mean = 0.000 s, max = -0.000 s, min = 9223372036.855 s, total = 0.000 s
	CoreWorkerService.grpc_server.GetCoreWorkerStats.HandleRequestImpl - 12 total (0 active), Execution time: mean = 2.886 ms, total = 34.634 ms, Queueing time: mean = 1.565 ms, max = 9.075 ms, min = 15.844 us, total = 18.782 ms
	CoreWorker.RecordMetrics - 12 total (1 active), Execution time: mean = 52.529 us, total = 630.349 us, Queueing time: mean = 8.057 ms, max = 14.522 ms, min = 1.021 ms, total = 96.681 ms
	PeriodicalRunner.RunFnPeriodically - 7 total (0 active), Execution time: mean = 851.314 us, total = 5.959 ms, Queueing time: mean = 5.227 ms, max = 12.100 ms, min = 1.637 ms, total = 36.586 ms
	CoreWorker.GCStreamingGeneratorMetadata - 6 total (1 active), Execution time: mean = 106.594 us, total = 639.561 us, Queueing time: mean = 5.381 ms, max = 11.857 ms, min = 1.987 ms, total = 32.287 ms
	InternalPubSubGcsService.grpc_client.GcsSubscriberCommandBatch - 1 total (0 active), Execution time: mean = 6.490 ms, total = 6.490 ms, Queueing time: mean = 0.000 s, max = -0.000 s, min = 9223372036.855 s, total = 0.000 s
	WorkerInfoGcsService.grpc_client.AddWorkerInfo.OnReplyReceived - 1 total (0 active), Execution time: mean = 92.200 us, total = 92.200 us, Queueing time: mean = 2.938 ms, max = 2.938 ms, min = 2.938 ms, total = 2.938 ms
	WorkerInfoGcsService.grpc_client.AddWorkerInfo - 1 total (0 active), Execution time: mean = 42.795 ms, total = 42.795 ms, Queueing time: mean = 0.000 s, max = -0.000 s, min = 9223372036.855 s, total = 0.000 s
	InternalPubSubGcsService.grpc_client.GcsSubscriberCommandBatch.OnReplyReceived - 1 total (0 active), Execution time: mean = 1.301 ms, total = 1.301 ms, Queueing time: mean = 106.800 us, max = 106.800 us, min = 106.800 us, total = 106.800 us
	CoreWorker.PrintEventStats - 1 total (1 active, 1 running), Execution time: mean = 0.000 s, total = 0.000 s, Queueing time: mean = 0.000 s, max = -0.000 s, min = 9223372036.855 s, total = 0.000 s
	Publisher.CheckDeadSubscribers - 1 total (1 active), Execution time: mean = 0.000 s, total = 0.000 s, Queueing time: mean = 0.000 s, max = -0.000 s, min = 9223372036.855 s, total = 0.000 s
	NodeInfoGcsService.grpc_client.GetAllNodeInfo.OnReplyReceived - 1 total (0 active), Execution time: mean = 446.800 us, total = 446.800 us, Queueing time: mean = 1.748 ms, max = 1.748 ms, min = 1.748 ms, total = 1.748 ms
	InternalPubSubGcsService.grpc_client.GcsSubscriberPoll - 1 total (1 active), Execution time: mean = 0.000 s, total = 0.000 s, Queueing time: mean = 0.000 s, max = -0.000 s, min = 9223372036.855 s, total = 0.000 s
	NodeInfoGcsService.grpc_client.GetAllNodeInfo - 1 total (0 active), Execution time: mean = 32.141 ms, total = 32.141 ms, Queueing time: mean = 0.000 s, max = -0.000 s, min = 9223372036.855 s, total = 0.000 s

-----------------
Task Event stats:

IO Service Stats:

Global stats: 181 total (1 active)
Queueing time: mean = 4.655 ms, max = 64.369 ms, min = -0.004 s, total = 842.597 ms
Execution time:  mean = 525.743 us, total = 95.159 ms
Event stats:
	CoreWorker.deadline_timer.flush_task_events - 60 total (1 active), Execution time: mean = 352.941 us, total = 21.176 ms, Queueing time: mean = 11.365 ms, max = 35.652 ms, min = -0.004 s, total = 681.898 ms
	TaskInfoGcsService.grpc_client.AddTaskEventData - 60 total (0 active), Execution time: mean = 1.172 ms, total = 70.345 ms, Queueing time: mean = 0.000 s, max = -0.000 s, min = 9223372036.855 s, total = 0.000 s
	TaskInfoGcsService.grpc_client.AddTaskEventData.OnReplyReceived - 60 total (0 active), Execution time: mean = 48.166 us, total = 2.890 ms, Queueing time: mean = 2.097 ms, max = 64.369 ms, min = 9.675 us, total = 125.827 ms
	PeriodicalRunner.RunFnPeriodically - 1 total (0 active), Execution time: mean = 748.400 us, total = 748.400 us, Queueing time: mean = 34.872 ms, max = 34.872 ms, min = 34.872 ms, total = 34.872 ms
Other Stats:
	grpc_in_progress:0
	current number of task status events in buffer: 0
	current number of profile events in buffer: 0
	current number of dropped task attempts tracked: 0
	total task events sent: 0 MiB
	total number of task attempts sent: 0
	total number of task attempts dropped reported: 0
	total number of sent failure: 0
	num status task events dropped: 0
	num profile task events dropped: 0


[2024-05-25 19:45:30,637 I 21172 22576] core_worker.cc:611: Event stats:


Global stats: 1671 total (8 active)
Queueing time: mean = 8.035 ms, max = 47.014 ms, min = -0.005 s, total = 13.427 s
Execution time:  mean = 284.426 us, total = 475.276 ms
Event stats:
	CoreWorker.RecoverObjects - 1094 total (1 active), Execution time: mean = 13.704 us, total = 14.992 ms, Queueing time: mean = 9.671 ms, max = 47.014 ms, min = -0.005 s, total = 10.581 s
	NodeManagerService.grpc_client.ReportWorkerBacklog - 119 total (0 active), Execution time: mean = 1.798 ms, total = 213.984 ms, Queueing time: mean = 0.000 s, max = -0.000 s, min = 9223372036.855 s, total = 0.000 s
	NodeManagerService.grpc_client.ReportWorkerBacklog.OnReplyReceived - 119 total (0 active), Execution time: mean = 47.047 us, total = 5.599 ms, Queueing time: mean = 280.287 us, max = 12.116 ms, min = 9.910 us, total = 33.354 ms
	CoreWorker.InternalHeartbeat - 119 total (1 active), Execution time: mean = 365.292 us, total = 43.470 ms, Queueing time: mean = 10.238 ms, max = 18.903 ms, min = -0.000 s, total = 1.218 s
	CoreWorker.ExitIfParentRayletDies - 119 total (1 active), Execution time: mean = 39.980 us, total = 4.758 ms, Queueing time: mean = 10.703 ms, max = 27.677 ms, min = 158.530 us, total = 1.274 s
	CoreWorkerService.grpc_server.GetCoreWorkerStats - 24 total (0 active), Execution time: mean = 2.655 ms, total = 63.726 ms, Queueing time: mean = 0.000 s, max = -0.000 s, min = 9223372036.855 s, total = 0.000 s
	CoreWorkerService.grpc_server.GetCoreWorkerStats.HandleRequestImpl - 24 total (0 active), Execution time: mean = 1.548 ms, total = 37.163 ms, Queueing time: mean = 946.803 us, max = 9.075 ms, min = 15.844 us, total = 22.723 ms
	CoreWorker.RecordMetrics - 24 total (1 active), Execution time: mean = 45.568 us, total = 1.094 ms, Queueing time: mean = 7.998 ms, max = 14.878 ms, min = 103.463 us, total = 191.944 ms
	CoreWorker.GCStreamingGeneratorMetadata - 12 total (1 active), Execution time: mean = 56.507 us, total = 678.078 us, Queueing time: mean = 5.181 ms, max = 12.695 ms, min = 1.668 ms, total = 62.176 ms
	PeriodicalRunner.RunFnPeriodically - 7 total (0 active), Execution time: mean = 851.314 us, total = 5.959 ms, Queueing time: mean = 5.227 ms, max = 12.100 ms, min = 1.637 ms, total = 36.586 ms
	CoreWorker.PrintEventStats - 2 total (1 active, 1 running), Execution time: mean = 295.162 us, total = 590.324 us, Queueing time: mean = 1.227 ms, max = 2.454 ms, min = 2.454 ms, total = 2.454 ms
	InternalPubSubGcsService.grpc_client.GcsSubscriberCommandBatch - 1 total (0 active), Execution time: mean = 6.490 ms, total = 6.490 ms, Queueing time: mean = 0.000 s, max = -0.000 s, min = 9223372036.855 s, total = 0.000 s
	WorkerInfoGcsService.grpc_client.AddWorkerInfo.OnReplyReceived - 1 total (0 active), Execution time: mean = 92.200 us, total = 92.200 us, Queueing time: mean = 2.938 ms, max = 2.938 ms, min = 2.938 ms, total = 2.938 ms
	WorkerInfoGcsService.grpc_client.AddWorkerInfo - 1 total (0 active), Execution time: mean = 42.795 ms, total = 42.795 ms, Queueing time: mean = 0.000 s, max = -0.000 s, min = 9223372036.855 s, total = 0.000 s
	InternalPubSubGcsService.grpc_client.GcsSubscriberCommandBatch.OnReplyReceived - 1 total (0 active), Execution time: mean = 1.301 ms, total = 1.301 ms, Queueing time: mean = 106.800 us, max = 106.800 us, min = 106.800 us, total = 106.800 us
	Publisher.CheckDeadSubscribers - 1 total (1 active), Execution time: mean = 0.000 s, total = 0.000 s, Queueing time: mean = 0.000 s, max = -0.000 s, min = 9223372036.855 s, total = 0.000 s
	NodeInfoGcsService.grpc_client.GetAllNodeInfo.OnReplyReceived - 1 total (0 active), Execution time: mean = 446.800 us, total = 446.800 us, Queueing time: mean = 1.748 ms, max = 1.748 ms, min = 1.748 ms, total = 1.748 ms
	InternalPubSubGcsService.grpc_client.GcsSubscriberPoll - 1 total (1 active), Execution time: mean = 0.000 s, total = 0.000 s, Queueing time: mean = 0.000 s, max = -0.000 s, min = 9223372036.855 s, total = 0.000 s
	NodeInfoGcsService.grpc_client.GetAllNodeInfo - 1 total (0 active), Execution time: mean = 32.141 ms, total = 32.141 ms, Queueing time: mean = 0.000 s, max = -0.000 s, min = 9223372036.855 s, total = 0.000 s

-----------------
Task Event stats:

IO Service Stats:

Global stats: 358 total (1 active)
Queueing time: mean = 3.904 ms, max = 64.369 ms, min = -0.004 s, total = 1.398 s
Execution time:  mean = 483.120 us, total = 172.957 ms
Event stats:
	CoreWorker.deadline_timer.flush_task_events - 119 total (1 active), Execution time: mean = 322.508 us, total = 38.378 ms, Queueing time: mean = 10.370 ms, max = 35.652 ms, min = -0.004 s, total = 1.234 s
	TaskInfoGcsService.grpc_client.AddTaskEventData - 119 total (0 active), Execution time: mean = 1.081 ms, total = 128.611 ms, Queueing time: mean = 0.000 s, max = -0.000 s, min = 9223372036.855 s, total = 0.000 s
	TaskInfoGcsService.grpc_client.AddTaskEventData.OnReplyReceived - 119 total (0 active), Execution time: mean = 43.859 us, total = 5.219 ms, Queueing time: mean = 1.082 ms, max = 64.369 ms, min = 9.675 us, total = 128.707 ms
	PeriodicalRunner.RunFnPeriodically - 1 total (0 active), Execution time: mean = 748.400 us, total = 748.400 us, Queueing time: mean = 34.872 ms, max = 34.872 ms, min = 34.872 ms, total = 34.872 ms
Other Stats:
	grpc_in_progress:0
	current number of task status events in buffer: 0
	current number of profile events in buffer: 0
	current number of dropped task attempts tracked: 0
	total task events sent: 0 MiB
	total number of task attempts sent: 0
	total number of task attempts dropped reported: 0
	total number of sent failure: 0
	num status task events dropped: 0
	num profile task events dropped: 0


[2024-05-25 19:46:30,646 I 21172 22576] core_worker.cc:611: Event stats:


Global stats: 2504 total (8 active)
Queueing time: mean = 8.001 ms, max = 47.014 ms, min = -0.005 s, total = 20.034 s
Execution time:  mean = 235.559 us, total = 589.841 ms
Event stats:
	CoreWorker.RecoverObjects - 1644 total (1 active), Execution time: mean = 13.826 us, total = 22.730 ms, Queueing time: mean = 9.539 ms, max = 47.014 ms, min = -0.005 s, total = 15.682 s
	NodeManagerService.grpc_client.ReportWorkerBacklog - 179 total (0 active), Execution time: mean = 1.583 ms, total = 283.370 ms, Queueing time: mean = 0.000 s, max = -0.000 s, min = 9223372036.855 s, total = 0.000 s
	NodeManagerService.grpc_client.ReportWorkerBacklog.OnReplyReceived - 179 total (0 active), Execution time: mean = 48.729 us, total = 8.722 ms, Queueing time: mean = 208.125 us, max = 12.116 ms, min = 9.910 us, total = 37.254 ms
	CoreWorker.InternalHeartbeat - 179 total (1 active), Execution time: mean = 358.578 us, total = 64.185 ms, Queueing time: mean = 10.645 ms, max = 18.903 ms, min = -0.000 s, total = 1.905 s
	CoreWorker.ExitIfParentRayletDies - 179 total (1 active), Execution time: mean = 39.421 us, total = 7.056 ms, Queueing time: mean = 10.791 ms, max = 27.677 ms, min = -0.000 s, total = 1.932 s
	CoreWorkerService.grpc_server.GetCoreWorkerStats - 36 total (0 active), Execution time: mean = 1.988 ms, total = 71.582 ms, Queueing time: mean = 0.000 s, max = -0.000 s, min = 9223372036.855 s, total = 0.000 s
	CoreWorkerService.grpc_server.GetCoreWorkerStats.HandleRequestImpl - 36 total (0 active), Execution time: mean = 1.087 ms, total = 39.137 ms, Queueing time: mean = 747.391 us, max = 9.075 ms, min = 15.844 us, total = 26.906 ms
	CoreWorker.RecordMetrics - 36 total (1 active), Execution time: mean = 41.906 us, total = 1.509 ms, Queueing time: mean = 8.086 ms, max = 14.878 ms, min = 103.463 us, total = 291.109 ms
	CoreWorker.GCStreamingGeneratorMetadata - 18 total (1 active), Execution time: mean = 40.391 us, total = 727.040 us, Queueing time: mean = 6.046 ms, max = 14.733 ms, min = 1.241 ms, total = 108.827 ms
	PeriodicalRunner.RunFnPeriodically - 7 total (0 active), Execution time: mean = 851.314 us, total = 5.959 ms, Queueing time: mean = 5.227 ms, max = 12.100 ms, min = 1.637 ms, total = 36.586 ms
	CoreWorker.PrintEventStats - 3 total (1 active, 1 running), Execution time: mean = 532.388 us, total = 1.597 ms, Queueing time: mean = 3.022 ms, max = 6.612 ms, min = 2.454 ms, total = 9.066 ms
	InternalPubSubGcsService.grpc_client.GcsSubscriberCommandBatch - 1 total (0 active), Execution time: mean = 6.490 ms, total = 6.490 ms, Queueing time: mean = 0.000 s, max = -0.000 s, min = 9223372036.855 s, total = 0.000 s
	WorkerInfoGcsService.grpc_client.AddWorkerInfo.OnReplyReceived - 1 total (0 active), Execution time: mean = 92.200 us, total = 92.200 us, Queueing time: mean = 2.938 ms, max = 2.938 ms, min = 2.938 ms, total = 2.938 ms
	WorkerInfoGcsService.grpc_client.AddWorkerInfo - 1 total (0 active), Execution time: mean = 42.795 ms, total = 42.795 ms, Queueing time: mean = 0.000 s, max = -0.000 s, min = 9223372036.855 s, total = 0.000 s
	InternalPubSubGcsService.grpc_client.GcsSubscriberCommandBatch.OnReplyReceived - 1 total (0 active), Execution time: mean = 1.301 ms, total = 1.301 ms, Queueing time: mean = 106.800 us, max = 106.800 us, min = 106.800 us, total = 106.800 us
	Publisher.CheckDeadSubscribers - 1 total (1 active), Execution time: mean = 0.000 s, total = 0.000 s, Queueing time: mean = 0.000 s, max = -0.000 s, min = 9223372036.855 s, total = 0.000 s
	NodeInfoGcsService.grpc_client.GetAllNodeInfo.OnReplyReceived - 1 total (0 active), Execution time: mean = 446.800 us, total = 446.800 us, Queueing time: mean = 1.748 ms, max = 1.748 ms, min = 1.748 ms, total = 1.748 ms
	InternalPubSubGcsService.grpc_client.GcsSubscriberPoll - 1 total (1 active), Execution time: mean = 0.000 s, total = 0.000 s, Queueing time: mean = 0.000 s, max = -0.000 s, min = 9223372036.855 s, total = 0.000 s
	NodeInfoGcsService.grpc_client.GetAllNodeInfo - 1 total (0 active), Execution time: mean = 32.141 ms, total = 32.141 ms, Queueing time: mean = 0.000 s, max = -0.000 s, min = 9223372036.855 s, total = 0.000 s

-----------------
Task Event stats:

IO Service Stats:

Global stats: 538 total (1 active)
Queueing time: mean = 3.918 ms, max = 64.369 ms, min = -0.004 s, total = 2.108 s
Execution time:  mean = 484.748 us, total = 260.794 ms
Event stats:
	CoreWorker.deadline_timer.flush_task_events - 179 total (1 active), Execution time: mean = 320.284 us, total = 57.331 ms, Queueing time: mean = 10.834 ms, max = 35.652 ms, min = -0.004 s, total = 1.939 s
	TaskInfoGcsService.grpc_client.AddTaskEventData - 179 total (0 active), Execution time: mean = 1.089 ms, total = 194.879 ms, Queueing time: mean = 0.000 s, max = -0.000 s, min = 9223372036.855 s, total = 0.000 s
	TaskInfoGcsService.grpc_client.AddTaskEventData.OnReplyReceived - 179 total (0 active), Execution time: mean = 43.774 us, total = 7.836 ms, Queueing time: mean = 747.739 us, max = 64.369 ms, min = 9.675 us, total = 133.845 ms
	PeriodicalRunner.RunFnPeriodically - 1 total (0 active), Execution time: mean = 748.400 us, total = 748.400 us, Queueing time: mean = 34.872 ms, max = 34.872 ms, min = 34.872 ms, total = 34.872 ms
Other Stats:
	grpc_in_progress:0
	current number of task status events in buffer: 0
	current number of profile events in buffer: 0
	current number of dropped task attempts tracked: 0
	total task events sent: 0 MiB
	total number of task attempts sent: 0
	total number of task attempts dropped reported: 0
	total number of sent failure: 0
	num status task events dropped: 0
	num profile task events dropped: 0


[2024-05-25 19:47:30,655 I 21172 22576] core_worker.cc:611: Event stats:


Global stats: 3324 total (8 active)
Queueing time: mean = 8.211 ms, max = 82.839 ms, min = -0.005 s, total = 27.292 s
Execution time:  mean = 218.054 us, total = 724.810 ms
Event stats:
	CoreWorker.RecoverObjects - 2185 total (1 active), Execution time: mean = 13.957 us, total = 30.495 ms, Queueing time: mean = 9.852 ms, max = 82.839 ms, min = -0.005 s, total = 21.526 s
	NodeManagerService.grpc_client.ReportWorkerBacklog - 238 total (0 active), Execution time: mean = 1.538 ms, total = 366.018 ms, Queueing time: mean = 0.000 s, max = -0.000 s, min = 9223372036.855 s, total = 0.000 s
	NodeManagerService.grpc_client.ReportWorkerBacklog.OnReplyReceived - 238 total (0 active), Execution time: mean = 47.116 us, total = 11.214 ms, Queueing time: mean = 201.299 us, max = 12.116 ms, min = 9.910 us, total = 47.909 ms
	CoreWorker.InternalHeartbeat - 238 total (1 active), Execution time: mean = 358.731 us, total = 85.378 ms, Queueing time: mean = 10.561 ms, max = 22.377 ms, min = -0.001 s, total = 2.513 s
	CoreWorker.ExitIfParentRayletDies - 238 total (1 active), Execution time: mean = 38.758 us, total = 9.224 ms, Queueing time: mean = 10.749 ms, max = 27.677 ms, min = -0.000 s, total = 2.558 s
	CoreWorkerService.grpc_server.GetCoreWorkerStats - 48 total (0 active), Execution time: mean = 1.786 ms, total = 85.736 ms, Queueing time: mean = 0.000 s, max = -0.000 s, min = 9223372036.855 s, total = 0.000 s
	CoreWorkerService.grpc_server.GetCoreWorkerStats.HandleRequestImpl - 48 total (0 active), Execution time: mean = 862.413 us, total = 41.396 ms, Queueing time: mean = 760.211 us, max = 9.075 ms, min = 15.844 us, total = 36.490 ms
	CoreWorker.RecordMetrics - 48 total (1 active), Execution time: mean = 39.303 us, total = 1.887 ms, Queueing time: mean = 8.170 ms, max = 14.878 ms, min = 103.463 us, total = 392.141 ms
	CoreWorker.GCStreamingGeneratorMetadata - 24 total (1 active), Execution time: mean = 32.251 us, total = 774.013 us, Queueing time: mean = 6.660 ms, max = 15.854 ms, min = 813.421 us, total = 159.831 ms
	PeriodicalRunner.RunFnPeriodically - 7 total (0 active), Execution time: mean = 851.314 us, total = 5.959 ms, Queueing time: mean = 5.227 ms, max = 12.100 ms, min = 1.637 ms, total = 36.586 ms
	CoreWorker.PrintEventStats - 4 total (1 active, 1 running), Execution time: mean = 865.976 us, total = 3.464 ms, Queueing time: mean = 4.073 ms, max = 7.226 ms, min = 2.454 ms, total = 16.292 ms
	InternalPubSubGcsService.grpc_client.GcsSubscriberCommandBatch - 1 total (0 active), Execution time: mean = 6.490 ms, total = 6.490 ms, Queueing time: mean = 0.000 s, max = -0.000 s, min = 9223372036.855 s, total = 0.000 s
	WorkerInfoGcsService.grpc_client.AddWorkerInfo.OnReplyReceived - 1 total (0 active), Execution time: mean = 92.200 us, total = 92.200 us, Queueing time: mean = 2.938 ms, max = 2.938 ms, min = 2.938 ms, total = 2.938 ms
	WorkerInfoGcsService.grpc_client.AddWorkerInfo - 1 total (0 active), Execution time: mean = 42.795 ms, total = 42.795 ms, Queueing time: mean = 0.000 s, max = -0.000 s, min = 9223372036.855 s, total = 0.000 s
	InternalPubSubGcsService.grpc_client.GcsSubscriberCommandBatch.OnReplyReceived - 1 total (0 active), Execution time: mean = 1.301 ms, total = 1.301 ms, Queueing time: mean = 106.800 us, max = 106.800 us, min = 106.800 us, total = 106.800 us
	Publisher.CheckDeadSubscribers - 1 total (1 active), Execution time: mean = 0.000 s, total = 0.000 s, Queueing time: mean = 0.000 s, max = -0.000 s, min = 9223372036.855 s, total = 0.000 s
	NodeInfoGcsService.grpc_client.GetAllNodeInfo.OnReplyReceived - 1 total (0 active), Execution time: mean = 446.800 us, total = 446.800 us, Queueing time: mean = 1.748 ms, max = 1.748 ms, min = 1.748 ms, total = 1.748 ms
	InternalPubSubGcsService.grpc_client.GcsSubscriberPoll - 1 total (1 active), Execution time: mean = 0.000 s, total = 0.000 s, Queueing time: mean = 0.000 s, max = -0.000 s, min = 9223372036.855 s, total = 0.000 s
	NodeInfoGcsService.grpc_client.GetAllNodeInfo - 1 total (0 active), Execution time: mean = 32.141 ms, total = 32.141 ms, Queueing time: mean = 0.000 s, max = -0.000 s, min = 9223372036.855 s, total = 0.000 s

-----------------
Task Event stats:

IO Service Stats:

Global stats: 715 total (1 active)
Queueing time: mean = 3.789 ms, max = 64.369 ms, min = -0.004 s, total = 2.709 s
Execution time:  mean = 507.404 us, total = 362.794 ms
Event stats:
	CoreWorker.deadline_timer.flush_task_events - 238 total (1 active), Execution time: mean = 320.515 us, total = 76.283 ms, Queueing time: mean = 10.646 ms, max = 35.652 ms, min = -0.004 s, total = 2.534 s
	TaskInfoGcsService.grpc_client.AddTaskEventData - 238 total (0 active), Execution time: mean = 1.158 ms, total = 275.548 ms, Queueing time: mean = 0.000 s, max = -0.000 s, min = 9223372036.855 s, total = 0.000 s
	TaskInfoGcsService.grpc_client.AddTaskEventData.OnReplyReceived - 238 total (0 active), Execution time: mean = 42.921 us, total = 10.215 ms, Queueing time: mean = 589.170 us, max = 64.369 ms, min = 9.675 us, total = 140.222 ms
	PeriodicalRunner.RunFnPeriodically - 1 total (0 active), Execution time: mean = 748.400 us, total = 748.400 us, Queueing time: mean = 34.872 ms, max = 34.872 ms, min = 34.872 ms, total = 34.872 ms
Other Stats:
	grpc_in_progress:0
	current number of task status events in buffer: 0
	current number of profile events in buffer: 0
	current number of dropped task attempts tracked: 0
	total task events sent: 0 MiB
	total number of task attempts sent: 0
	total number of task attempts dropped reported: 0
	total number of sent failure: 0
	num status task events dropped: 0
	num profile task events dropped: 0


[2024-05-25 19:48:30,661 I 21172 22576] core_worker.cc:611: Event stats:


Global stats: 4148 total (8 active)
Queueing time: mean = 8.290 ms, max = 82.839 ms, min = -0.005 s, total = 34.389 s
Execution time:  mean = 215.781 us, total = 895.060 ms
Event stats:
	CoreWorker.RecoverObjects - 2729 total (1 active), Execution time: mean = 13.847 us, total = 37.790 ms, Queueing time: mean = 9.959 ms, max = 82.839 ms, min = -0.005 s, total = 27.177 s
	NodeManagerService.grpc_client.ReportWorkerBacklog - 297 total (0 active), Execution time: mean = 1.625 ms, total = 482.531 ms, Queueing time: mean = 0.000 s, max = -0.000 s, min = 9223372036.855 s, total = 0.000 s
	NodeManagerService.grpc_client.ReportWorkerBacklog.OnReplyReceived - 297 total (0 active), Execution time: mean = 44.555 us, total = 13.233 ms, Queueing time: mean = 177.390 us, max = 12.116 ms, min = 9.910 us, total = 52.685 ms
	CoreWorker.InternalHeartbeat - 297 total (1 active), Execution time: mean = 358.922 us, total = 106.600 ms, Queueing time: mean = 10.631 ms, max = 22.377 ms, min = -0.001 s, total = 3.157 s
	CoreWorker.ExitIfParentRayletDies - 297 total (1 active), Execution time: mean = 37.420 us, total = 11.114 ms, Queueing time: mean = 10.757 ms, max = 27.677 ms, min = -0.000 s, total = 3.195 s
	CoreWorkerService.grpc_server.GetCoreWorkerStats - 60 total (0 active), Execution time: mean = 1.722 ms, total = 103.345 ms, Queueing time: mean = 0.000 s, max = -0.000 s, min = 9223372036.855 s, total = 0.000 s
	CoreWorkerService.grpc_server.GetCoreWorkerStats.HandleRequestImpl - 60 total (0 active), Execution time: mean = 724.534 us, total = 43.472 ms, Queueing time: mean = 833.219 us, max = 11.890 ms, min = 15.844 us, total = 49.993 ms
	CoreWorker.RecordMetrics - 60 total (1 active), Execution time: mean = 37.990 us, total = 2.279 ms, Queueing time: mean = 8.116 ms, max = 14.878 ms, min = -0.000 s, total = 486.960 ms
	CoreWorker.GCStreamingGeneratorMetadata - 30 total (1 active), Execution time: mean = 27.376 us, total = 821.289 us, Queueing time: mean = 6.484 ms, max = 15.854 ms, min = 813.421 us, total = 194.520 ms
	PeriodicalRunner.RunFnPeriodically - 7 total (0 active), Execution time: mean = 851.314 us, total = 5.959 ms, Queueing time: mean = 5.227 ms, max = 12.100 ms, min = 1.637 ms, total = 36.586 ms
	CoreWorker.PrintEventStats - 5 total (1 active, 1 running), Execution time: mean = 928.757 us, total = 4.644 ms, Queueing time: mean = 4.728 ms, max = 7.350 ms, min = 2.454 ms, total = 23.641 ms
	Publisher.CheckDeadSubscribers - 2 total (1 active), Execution time: mean = 3.579 us, total = 7.158 us, Queueing time: mean = 5.076 ms, max = 10.151 ms, min = 10.151 ms, total = 10.151 ms
	InternalPubSubGcsService.grpc_client.GcsSubscriberCommandBatch - 1 total (0 active), Execution time: mean = 6.490 ms, total = 6.490 ms, Queueing time: mean = 0.000 s, max = -0.000 s, min = 9223372036.855 s, total = 0.000 s
	WorkerInfoGcsService.grpc_client.AddWorkerInfo.OnReplyReceived - 1 total (0 active), Execution time: mean = 92.200 us, total = 92.200 us, Queueing time: mean = 2.938 ms, max = 2.938 ms, min = 2.938 ms, total = 2.938 ms
	WorkerInfoGcsService.grpc_client.AddWorkerInfo - 1 total (0 active), Execution time: mean = 42.795 ms, total = 42.795 ms, Queueing time: mean = 0.000 s, max = -0.000 s, min = 9223372036.855 s, total = 0.000 s
	InternalPubSubGcsService.grpc_client.GcsSubscriberCommandBatch.OnReplyReceived - 1 total (0 active), Execution time: mean = 1.301 ms, total = 1.301 ms, Queueing time: mean = 106.800 us, max = 106.800 us, min = 106.800 us, total = 106.800 us
	NodeInfoGcsService.grpc_client.GetAllNodeInfo.OnReplyReceived - 1 total (0 active), Execution time: mean = 446.800 us, total = 446.800 us, Queueing time: mean = 1.748 ms, max = 1.748 ms, min = 1.748 ms, total = 1.748 ms
	InternalPubSubGcsService.grpc_client.GcsSubscriberPoll - 1 total (1 active), Execution time: mean = 0.000 s, total = 0.000 s, Queueing time: mean = 0.000 s, max = -0.000 s, min = 9223372036.855 s, total = 0.000 s
	NodeInfoGcsService.grpc_client.GetAllNodeInfo - 1 total (0 active), Execution time: mean = 32.141 ms, total = 32.141 ms, Queueing time: mean = 0.000 s, max = -0.000 s, min = 9223372036.855 s, total = 0.000 s

-----------------
Task Event stats:

IO Service Stats:

Global stats: 892 total (1 active)
Queueing time: mean = 3.869 ms, max = 116.398 ms, min = -0.004 s, total = 3.451 s
Execution time:  mean = 502.527 us, total = 448.254 ms
Event stats:
	CoreWorker.deadline_timer.flush_task_events - 297 total (1 active), Execution time: mean = 327.018 us, total = 97.124 ms, Queueing time: mean = 11.021 ms, max = 116.398 ms, min = -0.004 s, total = 3.273 s
	TaskInfoGcsService.grpc_client.AddTaskEventData - 297 total (0 active), Execution time: mean = 1.136 ms, total = 337.353 ms, Queueing time: mean = 0.000 s, max = -0.000 s, min = 9223372036.855 s, total = 0.000 s
	TaskInfoGcsService.grpc_client.AddTaskEventData.OnReplyReceived - 297 total (0 active), Execution time: mean = 43.867 us, total = 13.028 ms, Queueing time: mean = 482.331 us, max = 64.369 ms, min = 9.675 us, total = 143.252 ms
	PeriodicalRunner.RunFnPeriodically - 1 total (0 active), Execution time: mean = 748.400 us, total = 748.400 us, Queueing time: mean = 34.872 ms, max = 34.872 ms, min = 34.872 ms, total = 34.872 ms
Other Stats:
	grpc_in_progress:0
	current number of task status events in buffer: 0
	current number of profile events in buffer: 0
	current number of dropped task attempts tracked: 0
	total task events sent: 0 MiB
	total number of task attempts sent: 0
	total number of task attempts dropped reported: 0
	total number of sent failure: 0
	num status task events dropped: 0
	num profile task events dropped: 0


