[2024-05-25 19:43:29,997 I 21148 21152] core_worker_process.cc:107: Constructing CoreWorkerProcess. pid: 21148
[2024-05-25 19:43:30,239 I 21148 21152] io_service_pool.cc:35: IOServicePool is running with 1 io_service.
[2024-05-25 19:43:30,271 I 21148 21152] grpc_server.cc:134: worker server started, listening on port 50510.
[2024-05-25 19:43:30,292 I 21148 21152] core_worker.cc:258: Initializing worker at address: 127.0.0.1:50510, worker ID ae4762fb04965a34a65557f3c20fb7e0b43cfe5b187e01cd49ee3d48, raylet d863ee0daa3c11ba1854014e9f17b10c7441806a22cda2c6762c7d93
[2024-05-25 19:43:30,314 I 21148 21152] task_event_buffer.cc:177: Reporting task events to GCS every 1000ms.
[2024-05-25 19:43:30,323 I 21148 22408] core_worker.cc:611: Event stats:


Global stats: 11 total (5 active)
Queueing time: mean = 3.809 ms, max = 41.802 ms, min = 24.300 us, total = 41.896 ms
Execution time:  mean = 1.871 ms, total = 20.582 ms
Event stats:
	PeriodicalRunner.RunFnPeriodically - 3 total (1 active, 1 running), Execution time: mean = 26.600 us, total = 79.800 us, Queueing time: mean = 13.945 ms, max = 41.802 ms, min = 34.300 us, total = 41.836 ms
	InternalPubSubGcsService.grpc_client.GcsSubscriberPoll - 1 total (1 active), Execution time: mean = 0.000 s, total = 0.000 s, Queueing time: mean = 0.000 s, max = -0.000 s, min = 9223372036.855 s, total = 0.000 s
	WorkerInfoGcsService.grpc_client.AddWorkerInfo - 1 total (0 active), Execution time: mean = 17.490 ms, total = 17.490 ms, Queueing time: mean = 0.000 s, max = -0.000 s, min = 9223372036.855 s, total = 0.000 s
	Publisher.CheckDeadSubscribers - 1 total (1 active), Execution time: mean = 0.000 s, total = 0.000 s, Queueing time: mean = 0.000 s, max = -0.000 s, min = 9223372036.855 s, total = 0.000 s
	InternalPubSubGcsService.grpc_client.GcsSubscriberCommandBatch.OnReplyReceived - 1 total (0 active), Execution time: mean = 468.300 us, total = 468.300 us, Queueing time: mean = 24.300 us, max = 24.300 us, min = 24.300 us, total = 24.300 us
	WorkerInfoGcsService.grpc_client.AddWorkerInfo.OnReplyReceived - 1 total (0 active), Execution time: mean = 110.100 us, total = 110.100 us, Queueing time: mean = 35.600 us, max = 35.600 us, min = 35.600 us, total = 35.600 us
	InternalPubSubGcsService.grpc_client.GcsSubscriberCommandBatch - 1 total (0 active), Execution time: mean = 2.434 ms, total = 2.434 ms, Queueing time: mean = 0.000 s, max = -0.000 s, min = 9223372036.855 s, total = 0.000 s
	CoreWorker.ExitIfParentRayletDies - 1 total (1 active), Execution time: mean = 0.000 s, total = 0.000 s, Queueing time: mean = 0.000 s, max = -0.000 s, min = 9223372036.855 s, total = 0.000 s
	NodeInfoGcsService.grpc_client.GetAllNodeInfo - 1 total (1 active), Execution time: mean = 0.000 s, total = 0.000 s, Queueing time: mean = 0.000 s, max = -0.000 s, min = 9223372036.855 s, total = 0.000 s

-----------------
Task Event stats:

IO Service Stats:

Global stats: 1 total (1 active)
Queueing time: mean = 0.000 s, max = -0.000 s, min = 9223372036.855 s, total = 0.000 s
Execution time:  mean = 0.000 s, total = 0.000 s
Event stats:
	PeriodicalRunner.RunFnPeriodically - 1 total (1 active), Execution time: mean = 0.000 s, total = 0.000 s, Queueing time: mean = 0.000 s, max = -0.000 s, min = 9223372036.855 s, total = 0.000 s
Other Stats:
	grpc_in_progress:0
	current number of task status events in buffer: 0
	current number of profile events in buffer: 0
	current number of dropped task attempts tracked: 0
	total task events sent: 0 MiB
	total number of task attempts sent: 0
	total number of task attempts dropped reported: 0
	total number of sent failure: 0
	num status task events dropped: 0
	num profile task events dropped: 0


[2024-05-25 19:43:30,332 I 21148 21152] event.cc:234: Set ray event level to warning
[2024-05-25 19:43:30,332 I 21148 21152] event.cc:342: Ray Event initialized for CORE_WORKER
[2024-05-25 19:43:30,339 I 21148 22408] accessor.cc:627: Received notification for node id = d863ee0daa3c11ba1854014e9f17b10c7441806a22cda2c6762c7d93, IsAlive = 1
[2024-05-25 19:43:30,340 I 21148 22408] core_worker.cc:4602: Number of alive nodes:1
[2024-05-25 19:44:30,321 I 21148 22408] core_worker.cc:611: Event stats:


Global stats: 844 total (8 active)
Queueing time: mean = 8.170 ms, max = 42.635 ms, min = -0.002 s, total = 6.896 s
Execution time:  mean = 408.838 us, total = 345.059 ms
Event stats:
	CoreWorker.RecoverObjects - 546 total (1 active), Execution time: mean = 13.902 us, total = 7.590 ms, Queueing time: mean = 9.934 ms, max = 42.635 ms, min = -0.002 s, total = 5.424 s
	CoreWorker.InternalHeartbeat - 60 total (1 active), Execution time: mean = 369.608 us, total = 22.177 ms, Queueing time: mean = 11.078 ms, max = 31.944 ms, min = -0.001 s, total = 664.651 ms
	NodeManagerService.grpc_client.ReportWorkerBacklog - 60 total (0 active), Execution time: mean = 2.881 ms, total = 172.844 ms, Queueing time: mean = 0.000 s, max = -0.000 s, min = 9223372036.855 s, total = 0.000 s
	NodeManagerService.grpc_client.ReportWorkerBacklog.OnReplyReceived - 60 total (0 active), Execution time: mean = 40.835 us, total = 2.450 ms, Queueing time: mean = 567.345 us, max = 11.336 ms, min = 11.416 us, total = 34.041 ms
	CoreWorker.ExitIfParentRayletDies - 60 total (1 active), Execution time: mean = 44.587 us, total = 2.675 ms, Queueing time: mean = 9.650 ms, max = 32.875 ms, min = 237.398 us, total = 578.976 ms
	CoreWorkerService.grpc_server.GetCoreWorkerStats.HandleRequestImpl - 12 total (0 active), Execution time: mean = 2.912 ms, total = 34.945 ms, Queueing time: mean = 1.461 ms, max = 8.287 ms, min = 18.155 us, total = 17.536 ms
	CoreWorkerService.grpc_server.GetCoreWorkerStats - 12 total (0 active), Execution time: mean = 4.527 ms, total = 54.328 ms, Queueing time: mean = 0.000 s, max = -0.000 s, min = 9223372036.855 s, total = 0.000 s
	CoreWorker.RecordMetrics - 12 total (1 active), Execution time: mean = 59.368 us, total = 712.415 us, Queueing time: mean = 6.488 ms, max = 13.783 ms, min = -0.000 s, total = 77.853 ms
	PeriodicalRunner.RunFnPeriodically - 7 total (0 active), Execution time: mean = 603.371 us, total = 4.224 ms, Queueing time: mean = 7.125 ms, max = 41.802 ms, min = 34.300 us, total = 49.873 ms
	CoreWorker.GCStreamingGeneratorMetadata - 6 total (1 active), Execution time: mean = 5.653 us, total = 33.916 us, Queueing time: mean = 8.031 ms, max = 15.509 ms, min = 5.294 ms, total = 48.185 ms
	CoreWorker.PrintEventStats - 1 total (1 active, 1 running), Execution time: mean = 0.000 s, total = 0.000 s, Queueing time: mean = 0.000 s, max = -0.000 s, min = 9223372036.855 s, total = 0.000 s
	WorkerInfoGcsService.grpc_client.AddWorkerInfo - 1 total (0 active), Execution time: mean = 17.490 ms, total = 17.490 ms, Queueing time: mean = 0.000 s, max = -0.000 s, min = 9223372036.855 s, total = 0.000 s
	InternalPubSubGcsService.grpc_client.GcsSubscriberCommandBatch.OnReplyReceived - 1 total (0 active), Execution time: mean = 468.300 us, total = 468.300 us, Queueing time: mean = 24.300 us, max = 24.300 us, min = 24.300 us, total = 24.300 us
	InternalPubSubGcsService.grpc_client.GcsSubscriberCommandBatch - 1 total (0 active), Execution time: mean = 2.434 ms, total = 2.434 ms, Queueing time: mean = 0.000 s, max = -0.000 s, min = 9223372036.855 s, total = 0.000 s
	WorkerInfoGcsService.grpc_client.AddWorkerInfo.OnReplyReceived - 1 total (0 active), Execution time: mean = 110.100 us, total = 110.100 us, Queueing time: mean = 35.600 us, max = 35.600 us, min = 35.600 us, total = 35.600 us
	NodeInfoGcsService.grpc_client.GetAllNodeInfo - 1 total (0 active), Execution time: mean = 22.120 ms, total = 22.120 ms, Queueing time: mean = 0.000 s, max = -0.000 s, min = 9223372036.855 s, total = 0.000 s
	InternalPubSubGcsService.grpc_client.GcsSubscriberPoll - 1 total (1 active), Execution time: mean = 0.000 s, total = 0.000 s, Queueing time: mean = 0.000 s, max = -0.000 s, min = 9223372036.855 s, total = 0.000 s
	Publisher.CheckDeadSubscribers - 1 total (1 active), Execution time: mean = 0.000 s, total = 0.000 s, Queueing time: mean = 0.000 s, max = -0.000 s, min = 9223372036.855 s, total = 0.000 s
	NodeInfoGcsService.grpc_client.GetAllNodeInfo.OnReplyReceived - 1 total (0 active), Execution time: mean = 457.900 us, total = 457.900 us, Queueing time: mean = 319.400 us, max = 319.400 us, min = 319.400 us, total = 319.400 us

-----------------
Task Event stats:

IO Service Stats:

Global stats: 181 total (1 active)
Queueing time: mean = 4.654 ms, max = 74.081 ms, min = -0.000 s, total = 842.363 ms
Execution time:  mean = 748.181 us, total = 135.421 ms
Event stats:
	TaskInfoGcsService.grpc_client.AddTaskEventData - 60 total (0 active), Execution time: mean = 1.826 ms, total = 109.573 ms, Queueing time: mean = 0.000 s, max = -0.000 s, min = 9223372036.855 s, total = 0.000 s
	CoreWorker.deadline_timer.flush_task_events - 60 total (1 active), Execution time: mean = 331.584 us, total = 19.895 ms, Queueing time: mean = 11.780 ms, max = 56.358 ms, min = -0.000 s, total = 706.798 ms
	TaskInfoGcsService.grpc_client.AddTaskEventData.OnReplyReceived - 60 total (0 active), Execution time: mean = 86.377 us, total = 5.183 ms, Queueing time: mean = 1.025 ms, max = 22.066 ms, min = 14.849 us, total = 61.485 ms
	PeriodicalRunner.RunFnPeriodically - 1 total (0 active), Execution time: mean = 769.900 us, total = 769.900 us, Queueing time: mean = 74.081 ms, max = 74.081 ms, min = 74.081 ms, total = 74.081 ms
Other Stats:
	grpc_in_progress:0
	current number of task status events in buffer: 0
	current number of profile events in buffer: 0
	current number of dropped task attempts tracked: 0
	total task events sent: 0 MiB
	total number of task attempts sent: 0
	total number of task attempts dropped reported: 0
	total number of sent failure: 0
	num status task events dropped: 0
	num profile task events dropped: 0


[2024-05-25 19:45:30,325 I 21148 22408] core_worker.cc:611: Event stats:


Global stats: 1672 total (8 active)
Queueing time: mean = 8.067 ms, max = 47.594 ms, min = -0.003 s, total = 13.488 s
Execution time:  mean = 316.635 us, total = 529.413 ms
Event stats:
	CoreWorker.RecoverObjects - 1095 total (1 active), Execution time: mean = 13.757 us, total = 15.064 ms, Queueing time: mean = 9.669 ms, max = 47.594 ms, min = -0.002 s, total = 10.588 s
	CoreWorker.InternalHeartbeat - 119 total (1 active), Execution time: mean = 371.113 us, total = 44.162 ms, Queueing time: mean = 10.610 ms, max = 31.944 ms, min = -0.001 s, total = 1.263 s
	NodeManagerService.grpc_client.ReportWorkerBacklog - 119 total (0 active), Execution time: mean = 2.629 ms, total = 312.884 ms, Queueing time: mean = 0.000 s, max = -0.000 s, min = 9223372036.855 s, total = 0.000 s
	NodeManagerService.grpc_client.ReportWorkerBacklog.OnReplyReceived - 119 total (0 active), Execution time: mean = 42.462 us, total = 5.053 ms, Queueing time: mean = 426.979 us, max = 13.798 ms, min = 11.416 us, total = 50.811 ms
	CoreWorker.ExitIfParentRayletDies - 119 total (1 active), Execution time: mean = 43.137 us, total = 5.133 ms, Queueing time: mean = 10.599 ms, max = 40.310 ms, min = 237.398 us, total = 1.261 s
	CoreWorkerService.grpc_server.GetCoreWorkerStats.HandleRequestImpl - 24 total (0 active), Execution time: mean = 1.506 ms, total = 36.137 ms, Queueing time: mean = 865.371 us, max = 8.287 ms, min = 18.155 us, total = 20.769 ms
	CoreWorkerService.grpc_server.GetCoreWorkerStats - 24 total (0 active), Execution time: mean = 2.552 ms, total = 61.242 ms, Queueing time: mean = 0.000 s, max = -0.000 s, min = 9223372036.855 s, total = 0.000 s
	CoreWorker.RecordMetrics - 24 total (1 active), Execution time: mean = 46.756 us, total = 1.122 ms, Queueing time: mean = 7.456 ms, max = 14.640 ms, min = -0.000 s, total = 178.946 ms
	CoreWorker.GCStreamingGeneratorMetadata - 12 total (1 active), Execution time: mean = 7.648 us, total = 91.779 us, Queueing time: mean = 6.512 ms, max = 15.509 ms, min = 273.023 us, total = 78.138 ms
	PeriodicalRunner.RunFnPeriodically - 7 total (0 active), Execution time: mean = 603.371 us, total = 4.224 ms, Queueing time: mean = 7.125 ms, max = 41.802 ms, min = 34.300 us, total = 49.873 ms
	CoreWorker.PrintEventStats - 2 total (1 active, 1 running), Execution time: mean = 609.948 us, total = 1.220 ms, Queueing time: mean = -0.002 s, max = -0.000 s, min = -0.003 s, total = -0.003 s
	WorkerInfoGcsService.grpc_client.AddWorkerInfo - 1 total (0 active), Execution time: mean = 17.490 ms, total = 17.490 ms, Queueing time: mean = 0.000 s, max = -0.000 s, min = 9223372036.855 s, total = 0.000 s
	InternalPubSubGcsService.grpc_client.GcsSubscriberCommandBatch.OnReplyReceived - 1 total (0 active), Execution time: mean = 468.300 us, total = 468.300 us, Queueing time: mean = 24.300 us, max = 24.300 us, min = 24.300 us, total = 24.300 us
	InternalPubSubGcsService.grpc_client.GcsSubscriberCommandBatch - 1 total (0 active), Execution time: mean = 2.434 ms, total = 2.434 ms, Queueing time: mean = 0.000 s, max = -0.000 s, min = 9223372036.855 s, total = 0.000 s
	WorkerInfoGcsService.grpc_client.AddWorkerInfo.OnReplyReceived - 1 total (0 active), Execution time: mean = 110.100 us, total = 110.100 us, Queueing time: mean = 35.600 us, max = 35.600 us, min = 35.600 us, total = 35.600 us
	NodeInfoGcsService.grpc_client.GetAllNodeInfo - 1 total (0 active), Execution time: mean = 22.120 ms, total = 22.120 ms, Queueing time: mean = 0.000 s, max = -0.000 s, min = 9223372036.855 s, total = 0.000 s
	InternalPubSubGcsService.grpc_client.GcsSubscriberPoll - 1 total (1 active), Execution time: mean = 0.000 s, total = 0.000 s, Queueing time: mean = 0.000 s, max = -0.000 s, min = 9223372036.855 s, total = 0.000 s
	Publisher.CheckDeadSubscribers - 1 total (1 active), Execution time: mean = 0.000 s, total = 0.000 s, Queueing time: mean = 0.000 s, max = -0.000 s, min = 9223372036.855 s, total = 0.000 s
	NodeInfoGcsService.grpc_client.GetAllNodeInfo.OnReplyReceived - 1 total (0 active), Execution time: mean = 457.900 us, total = 457.900 us, Queueing time: mean = 319.400 us, max = 319.400 us, min = 319.400 us, total = 319.400 us

-----------------
Task Event stats:

IO Service Stats:

Global stats: 358 total (1 active)
Queueing time: mean = 4.292 ms, max = 74.081 ms, min = -0.000 s, total = 1.537 s
Execution time:  mean = 623.417 us, total = 223.183 ms
Event stats:
	TaskInfoGcsService.grpc_client.AddTaskEventData - 119 total (0 active), Execution time: mean = 1.475 ms, total = 175.489 ms, Queueing time: mean = 0.000 s, max = -0.000 s, min = 9223372036.855 s, total = 0.000 s
	CoreWorker.deadline_timer.flush_task_events - 119 total (1 active), Execution time: mean = 329.686 us, total = 39.233 ms, Queueing time: mean = 11.643 ms, max = 73.796 ms, min = -0.000 s, total = 1.386 s
	TaskInfoGcsService.grpc_client.AddTaskEventData.OnReplyReceived - 119 total (0 active), Execution time: mean = 64.641 us, total = 7.692 ms, Queueing time: mean = 647.524 us, max = 22.066 ms, min = 10.878 us, total = 77.055 ms
	PeriodicalRunner.RunFnPeriodically - 1 total (0 active), Execution time: mean = 769.900 us, total = 769.900 us, Queueing time: mean = 74.081 ms, max = 74.081 ms, min = 74.081 ms, total = 74.081 ms
Other Stats:
	grpc_in_progress:0
	current number of task status events in buffer: 0
	current number of profile events in buffer: 0
	current number of dropped task attempts tracked: 0
	total task events sent: 0 MiB
	total number of task attempts sent: 0
	total number of task attempts dropped reported: 0
	total number of sent failure: 0
	num status task events dropped: 0
	num profile task events dropped: 0


[2024-05-25 19:46:30,332 I 21148 22408] core_worker.cc:611: Event stats:


Global stats: 2503 total (9 active)
Queueing time: mean = 8.017 ms, max = 47.594 ms, min = -0.003 s, total = 20.067 s
Execution time:  mean = 264.740 us, total = 662.645 ms
Event stats:
	CoreWorker.RecoverObjects - 1644 total (1 active), Execution time: mean = 14.066 us, total = 23.125 ms, Queueing time: mean = 9.536 ms, max = 47.594 ms, min = -0.002 s, total = 15.677 s
	CoreWorker.InternalHeartbeat - 179 total (1 active), Execution time: mean = 378.141 us, total = 67.687 ms, Queueing time: mean = 10.783 ms, max = 31.944 ms, min = -0.001 s, total = 1.930 s
	NodeManagerService.grpc_client.ReportWorkerBacklog - 179 total (1 active), Execution time: mean = 2.222 ms, total = 397.681 ms, Queueing time: mean = 0.000 s, max = -0.000 s, min = 9223372036.855 s, total = 0.000 s
	CoreWorker.ExitIfParentRayletDies - 179 total (1 active), Execution time: mean = 41.123 us, total = 7.361 ms, Queueing time: mean = 10.798 ms, max = 40.310 ms, min = -0.000 s, total = 1.933 s
	NodeManagerService.grpc_client.ReportWorkerBacklog.OnReplyReceived - 178 total (0 active), Execution time: mean = 43.030 us, total = 7.659 ms, Queueing time: mean = 298.281 us, max = 13.798 ms, min = 11.416 us, total = 53.094 ms
	CoreWorkerService.grpc_server.GetCoreWorkerStats.HandleRequestImpl - 36 total (0 active), Execution time: mean = 1.050 ms, total = 37.793 ms, Queueing time: mean = 692.962 us, max = 8.287 ms, min = 18.155 us, total = 24.947 ms
	CoreWorkerService.grpc_server.GetCoreWorkerStats - 36 total (0 active), Execution time: mean = 1.926 ms, total = 69.348 ms, Queueing time: mean = 0.000 s, max = -0.000 s, min = 9223372036.855 s, total = 0.000 s
	CoreWorker.RecordMetrics - 36 total (1 active), Execution time: mean = 43.374 us, total = 1.561 ms, Queueing time: mean = 8.054 ms, max = 14.640 ms, min = -0.000 s, total = 289.956 ms
	CoreWorker.GCStreamingGeneratorMetadata - 18 total (1 active), Execution time: mean = 8.321 us, total = 149.773 us, Queueing time: mean = 6.117 ms, max = 15.509 ms, min = 273.023 us, total = 110.104 ms
	PeriodicalRunner.RunFnPeriodically - 7 total (0 active), Execution time: mean = 603.371 us, total = 4.224 ms, Queueing time: mean = 7.125 ms, max = 41.802 ms, min = 34.300 us, total = 49.873 ms
	CoreWorker.PrintEventStats - 3 total (1 active, 1 running), Execution time: mean = 991.489 us, total = 2.974 ms, Queueing time: mean = -0.000 s, max = 2.358 ms, min = -0.003 s, total = -0.001 s
	WorkerInfoGcsService.grpc_client.AddWorkerInfo - 1 total (0 active), Execution time: mean = 17.490 ms, total = 17.490 ms, Queueing time: mean = 0.000 s, max = -0.000 s, min = 9223372036.855 s, total = 0.000 s
	InternalPubSubGcsService.grpc_client.GcsSubscriberCommandBatch.OnReplyReceived - 1 total (0 active), Execution time: mean = 468.300 us, total = 468.300 us, Queueing time: mean = 24.300 us, max = 24.300 us, min = 24.300 us, total = 24.300 us
	InternalPubSubGcsService.grpc_client.GcsSubscriberCommandBatch - 1 total (0 active), Execution time: mean = 2.434 ms, total = 2.434 ms, Queueing time: mean = 0.000 s, max = -0.000 s, min = 9223372036.855 s, total = 0.000 s
	WorkerInfoGcsService.grpc_client.AddWorkerInfo.OnReplyReceived - 1 total (0 active), Execution time: mean = 110.100 us, total = 110.100 us, Queueing time: mean = 35.600 us, max = 35.600 us, min = 35.600 us, total = 35.600 us
	NodeInfoGcsService.grpc_client.GetAllNodeInfo - 1 total (0 active), Execution time: mean = 22.120 ms, total = 22.120 ms, Queueing time: mean = 0.000 s, max = -0.000 s, min = 9223372036.855 s, total = 0.000 s
	InternalPubSubGcsService.grpc_client.GcsSubscriberPoll - 1 total (1 active), Execution time: mean = 0.000 s, total = 0.000 s, Queueing time: mean = 0.000 s, max = -0.000 s, min = 9223372036.855 s, total = 0.000 s
	Publisher.CheckDeadSubscribers - 1 total (1 active), Execution time: mean = 0.000 s, total = 0.000 s, Queueing time: mean = 0.000 s, max = -0.000 s, min = 9223372036.855 s, total = 0.000 s
	NodeInfoGcsService.grpc_client.GetAllNodeInfo.OnReplyReceived - 1 total (0 active), Execution time: mean = 457.900 us, total = 457.900 us, Queueing time: mean = 319.400 us, max = 319.400 us, min = 319.400 us, total = 319.400 us

-----------------
Task Event stats:

IO Service Stats:

Global stats: 535 total (1 active)
Queueing time: mean = 4.128 ms, max = 74.081 ms, min = -0.000 s, total = 2.209 s
Execution time:  mean = 590.749 us, total = 316.051 ms
Event stats:
	TaskInfoGcsService.grpc_client.AddTaskEventData - 178 total (0 active), Execution time: mean = 1.365 ms, total = 242.902 ms, Queueing time: mean = 0.000 s, max = -0.000 s, min = 9223372036.855 s, total = 0.000 s
	CoreWorker.deadline_timer.flush_task_events - 178 total (1 active), Execution time: mean = 346.921 us, total = 61.752 ms, Queueing time: mean = 11.524 ms, max = 73.796 ms, min = -0.000 s, total = 2.051 s
	TaskInfoGcsService.grpc_client.AddTaskEventData.OnReplyReceived - 178 total (0 active), Execution time: mean = 59.701 us, total = 10.627 ms, Queueing time: mean = 467.387 us, max = 22.066 ms, min = 10.878 us, total = 83.195 ms
	PeriodicalRunner.RunFnPeriodically - 1 total (0 active), Execution time: mean = 769.900 us, total = 769.900 us, Queueing time: mean = 74.081 ms, max = 74.081 ms, min = 74.081 ms, total = 74.081 ms
Other Stats:
	grpc_in_progress:0
	current number of task status events in buffer: 0
	current number of profile events in buffer: 0
	current number of dropped task attempts tracked: 0
	total task events sent: 0 MiB
	total number of task attempts sent: 0
	total number of task attempts dropped reported: 0
	total number of sent failure: 0
	num status task events dropped: 0
	num profile task events dropped: 0


[2024-05-25 19:47:30,337 I 21148 22408] core_worker.cc:611: Event stats:


Global stats: 3324 total (8 active)
Queueing time: mean = 8.227 ms, max = 82.351 ms, min = -0.003 s, total = 27.346 s
Execution time:  mean = 240.474 us, total = 799.335 ms
Event stats:
	CoreWorker.RecoverObjects - 2185 total (1 active), Execution time: mean = 14.200 us, total = 31.027 ms, Queueing time: mean = 9.848 ms, max = 82.351 ms, min = -0.002 s, total = 21.518 s
	CoreWorker.InternalHeartbeat - 238 total (1 active), Execution time: mean = 385.314 us, total = 91.705 ms, Queueing time: mean = 10.646 ms, max = 31.944 ms, min = -0.001 s, total = 2.534 s
	NodeManagerService.grpc_client.ReportWorkerBacklog - 238 total (0 active), Execution time: mean = 2.019 ms, total = 480.512 ms, Queueing time: mean = 0.000 s, max = -0.000 s, min = 9223372036.855 s, total = 0.000 s
	NodeManagerService.grpc_client.ReportWorkerBacklog.OnReplyReceived - 238 total (0 active), Execution time: mean = 43.361 us, total = 10.320 ms, Queueing time: mean = 255.208 us, max = 13.798 ms, min = 11.416 us, total = 60.740 ms
	CoreWorker.ExitIfParentRayletDies - 238 total (1 active), Execution time: mean = 42.342 us, total = 10.077 ms, Queueing time: mean = 10.814 ms, max = 40.310 ms, min = -0.000 s, total = 2.574 s
	CoreWorkerService.grpc_server.GetCoreWorkerStats.HandleRequestImpl - 48 total (0 active), Execution time: mean = 820.775 us, total = 39.397 ms, Queueing time: mean = 715.683 us, max = 8.287 ms, min = 18.155 us, total = 34.353 ms
	CoreWorkerService.grpc_server.GetCoreWorkerStats - 48 total (0 active), Execution time: mean = 1.721 ms, total = 82.615 ms, Queueing time: mean = 0.000 s, max = -0.000 s, min = 9223372036.855 s, total = 0.000 s
	CoreWorker.RecordMetrics - 48 total (1 active), Execution time: mean = 41.439 us, total = 1.989 ms, Queueing time: mean = 8.340 ms, max = 15.647 ms, min = -0.000 s, total = 400.336 ms
	CoreWorker.GCStreamingGeneratorMetadata - 24 total (1 active), Execution time: mean = 8.533 us, total = 204.781 us, Queueing time: mean = 7.102 ms, max = 15.509 ms, min = 273.023 us, total = 170.459 ms
	PeriodicalRunner.RunFnPeriodically - 7 total (0 active), Execution time: mean = 603.371 us, total = 4.224 ms, Queueing time: mean = 7.125 ms, max = 41.802 ms, min = 34.300 us, total = 49.873 ms
	CoreWorker.PrintEventStats - 4 total (1 active, 1 running), Execution time: mean = 1.046 ms, total = 4.184 ms, Queueing time: mean = 1.132 ms, max = 5.453 ms, min = -0.003 s, total = 4.527 ms
	WorkerInfoGcsService.grpc_client.AddWorkerInfo - 1 total (0 active), Execution time: mean = 17.490 ms, total = 17.490 ms, Queueing time: mean = 0.000 s, max = -0.000 s, min = 9223372036.855 s, total = 0.000 s
	InternalPubSubGcsService.grpc_client.GcsSubscriberCommandBatch.OnReplyReceived - 1 total (0 active), Execution time: mean = 468.300 us, total = 468.300 us, Queueing time: mean = 24.300 us, max = 24.300 us, min = 24.300 us, total = 24.300 us
	InternalPubSubGcsService.grpc_client.GcsSubscriberCommandBatch - 1 total (0 active), Execution time: mean = 2.434 ms, total = 2.434 ms, Queueing time: mean = 0.000 s, max = -0.000 s, min = 9223372036.855 s, total = 0.000 s
	WorkerInfoGcsService.grpc_client.AddWorkerInfo.OnReplyReceived - 1 total (0 active), Execution time: mean = 110.100 us, total = 110.100 us, Queueing time: mean = 35.600 us, max = 35.600 us, min = 35.600 us, total = 35.600 us
	NodeInfoGcsService.grpc_client.GetAllNodeInfo - 1 total (0 active), Execution time: mean = 22.120 ms, total = 22.120 ms, Queueing time: mean = 0.000 s, max = -0.000 s, min = 9223372036.855 s, total = 0.000 s
	InternalPubSubGcsService.grpc_client.GcsSubscriberPoll - 1 total (1 active), Execution time: mean = 0.000 s, total = 0.000 s, Queueing time: mean = 0.000 s, max = -0.000 s, min = 9223372036.855 s, total = 0.000 s
	Publisher.CheckDeadSubscribers - 1 total (1 active), Execution time: mean = 0.000 s, total = 0.000 s, Queueing time: mean = 0.000 s, max = -0.000 s, min = 9223372036.855 s, total = 0.000 s
	NodeInfoGcsService.grpc_client.GetAllNodeInfo.OnReplyReceived - 1 total (0 active), Execution time: mean = 457.900 us, total = 457.900 us, Queueing time: mean = 319.400 us, max = 319.400 us, min = 319.400 us, total = 319.400 us

-----------------
Task Event stats:

IO Service Stats:

Global stats: 715 total (1 active)
Queueing time: mean = 3.955 ms, max = 74.081 ms, min = -0.002 s, total = 2.828 s
Execution time:  mean = 581.738 us, total = 415.943 ms
Event stats:
	TaskInfoGcsService.grpc_client.AddTaskEventData - 238 total (0 active), Execution time: mean = 1.328 ms, total = 316.020 ms, Queueing time: mean = 0.000 s, max = -0.000 s, min = 9223372036.855 s, total = 0.000 s
	CoreWorker.deadline_timer.flush_task_events - 238 total (1 active), Execution time: mean = 356.342 us, total = 84.809 ms, Queueing time: mean = 11.174 ms, max = 73.796 ms, min = -0.002 s, total = 2.659 s
	TaskInfoGcsService.grpc_client.AddTaskEventData.OnReplyReceived - 238 total (0 active), Execution time: mean = 60.266 us, total = 14.343 ms, Queueing time: mean = 395.701 us, max = 22.066 ms, min = 10.878 us, total = 94.177 ms
	PeriodicalRunner.RunFnPeriodically - 1 total (0 active), Execution time: mean = 769.900 us, total = 769.900 us, Queueing time: mean = 74.081 ms, max = 74.081 ms, min = 74.081 ms, total = 74.081 ms
Other Stats:
	grpc_in_progress:0
	current number of task status events in buffer: 0
	current number of profile events in buffer: 0
	current number of dropped task attempts tracked: 0
	total task events sent: 0 MiB
	total number of task attempts sent: 0
	total number of task attempts dropped reported: 0
	total number of sent failure: 0
	num status task events dropped: 0
	num profile task events dropped: 0


[2024-05-25 19:48:30,345 I 21148 22408] core_worker.cc:611: Event stats:


Global stats: 4148 total (8 active)
Queueing time: mean = 8.307 ms, max = 82.351 ms, min = -0.003 s, total = 34.457 s
Execution time:  mean = 221.649 us, total = 919.399 ms
Event stats:
	CoreWorker.RecoverObjects - 2729 total (1 active), Execution time: mean = 14.118 us, total = 38.527 ms, Queueing time: mean = 9.968 ms, max = 82.351 ms, min = -0.002 s, total = 27.202 s
	CoreWorker.InternalHeartbeat - 297 total (1 active), Execution time: mean = 382.987 us, total = 113.747 ms, Queueing time: mean = 10.615 ms, max = 31.944 ms, min = -0.001 s, total = 3.153 s
	NodeManagerService.grpc_client.ReportWorkerBacklog - 297 total (0 active), Execution time: mean = 1.839 ms, total = 546.116 ms, Queueing time: mean = 0.000 s, max = -0.000 s, min = 9223372036.855 s, total = 0.000 s
	NodeManagerService.grpc_client.ReportWorkerBacklog.OnReplyReceived - 297 total (0 active), Execution time: mean = 42.085 us, total = 12.499 ms, Queueing time: mean = 213.454 us, max = 13.798 ms, min = 10.892 us, total = 63.396 ms
	CoreWorker.ExitIfParentRayletDies - 297 total (1 active), Execution time: mean = 42.340 us, total = 12.575 ms, Queueing time: mean = 10.813 ms, max = 40.310 ms, min = -0.000 s, total = 3.212 s
	CoreWorkerService.grpc_server.GetCoreWorkerStats.HandleRequestImpl - 60 total (0 active), Execution time: mean = 676.499 us, total = 40.590 ms, Queueing time: mean = 799.077 us, max = 11.810 ms, min = 18.155 us, total = 47.945 ms
	CoreWorkerService.grpc_server.GetCoreWorkerStats - 60 total (0 active), Execution time: mean = 1.675 ms, total = 100.500 ms, Queueing time: mean = 0.000 s, max = -0.000 s, min = 9223372036.855 s, total = 0.000 s
	CoreWorker.RecordMetrics - 60 total (1 active), Execution time: mean = 39.176 us, total = 2.351 ms, Queueing time: mean = 8.358 ms, max = 15.647 ms, min = -0.000 s, total = 501.457 ms
	CoreWorker.GCStreamingGeneratorMetadata - 30 total (1 active), Execution time: mean = 9.291 us, total = 278.728 us, Queueing time: mean = 6.781 ms, max = 15.509 ms, min = 273.023 us, total = 203.444 ms
	PeriodicalRunner.RunFnPeriodically - 7 total (0 active), Execution time: mean = 603.371 us, total = 4.224 ms, Queueing time: mean = 7.125 ms, max = 41.802 ms, min = 34.300 us, total = 49.873 ms
	CoreWorker.PrintEventStats - 5 total (1 active, 1 running), Execution time: mean = 981.121 us, total = 4.906 ms, Queueing time: mean = 1.871 ms, max = 5.453 ms, min = -0.003 s, total = 9.355 ms
	Publisher.CheckDeadSubscribers - 2 total (1 active), Execution time: mean = 2.930 us, total = 5.861 us, Queueing time: mean = 7.417 ms, max = 14.835 ms, min = 14.835 ms, total = 14.835 ms
	WorkerInfoGcsService.grpc_client.AddWorkerInfo - 1 total (0 active), Execution time: mean = 17.490 ms, total = 17.490 ms, Queueing time: mean = 0.000 s, max = -0.000 s, min = 9223372036.855 s, total = 0.000 s
	InternalPubSubGcsService.grpc_client.GcsSubscriberCommandBatch.OnReplyReceived - 1 total (0 active), Execution time: mean = 468.300 us, total = 468.300 us, Queueing time: mean = 24.300 us, max = 24.300 us, min = 24.300 us, total = 24.300 us
	InternalPubSubGcsService.grpc_client.GcsSubscriberCommandBatch - 1 total (0 active), Execution time: mean = 2.434 ms, total = 2.434 ms, Queueing time: mean = 0.000 s, max = -0.000 s, min = 9223372036.855 s, total = 0.000 s
	WorkerInfoGcsService.grpc_client.AddWorkerInfo.OnReplyReceived - 1 total (0 active), Execution time: mean = 110.100 us, total = 110.100 us, Queueing time: mean = 35.600 us, max = 35.600 us, min = 35.600 us, total = 35.600 us
	NodeInfoGcsService.grpc_client.GetAllNodeInfo - 1 total (0 active), Execution time: mean = 22.120 ms, total = 22.120 ms, Queueing time: mean = 0.000 s, max = -0.000 s, min = 9223372036.855 s, total = 0.000 s
	InternalPubSubGcsService.grpc_client.GcsSubscriberPoll - 1 total (1 active), Execution time: mean = 0.000 s, total = 0.000 s, Queueing time: mean = 0.000 s, max = -0.000 s, min = 9223372036.855 s, total = 0.000 s
	NodeInfoGcsService.grpc_client.GetAllNodeInfo.OnReplyReceived - 1 total (0 active), Execution time: mean = 457.900 us, total = 457.900 us, Queueing time: mean = 319.400 us, max = 319.400 us, min = 319.400 us, total = 319.400 us

-----------------
Task Event stats:

IO Service Stats:

Global stats: 892 total (1 active)
Queueing time: mean = 3.880 ms, max = 74.081 ms, min = -0.002 s, total = 3.461 s
Execution time:  mean = 559.519 us, total = 499.091 ms
Event stats:
	TaskInfoGcsService.grpc_client.AddTaskEventData - 297 total (0 active), Execution time: mean = 1.263 ms, total = 375.031 ms, Queueing time: mean = 0.000 s, max = -0.000 s, min = 9223372036.855 s, total = 0.000 s
	CoreWorker.deadline_timer.flush_task_events - 297 total (1 active), Execution time: mean = 356.263 us, total = 105.810 ms, Queueing time: mean = 11.077 ms, max = 73.796 ms, min = -0.002 s, total = 3.290 s
	TaskInfoGcsService.grpc_client.AddTaskEventData.OnReplyReceived - 297 total (0 active), Execution time: mean = 58.854 us, total = 17.480 ms, Queueing time: mean = 325.190 us, max = 22.066 ms, min = 10.225 us, total = 96.581 ms
	PeriodicalRunner.RunFnPeriodically - 1 total (0 active), Execution time: mean = 769.900 us, total = 769.900 us, Queueing time: mean = 74.081 ms, max = 74.081 ms, min = 74.081 ms, total = 74.081 ms
Other Stats:
	grpc_in_progress:0
	current number of task status events in buffer: 0
	current number of profile events in buffer: 0
	current number of dropped task attempts tracked: 0
	total task events sent: 0 MiB
	total number of task attempts sent: 0
	total number of task attempts dropped reported: 0
	total number of sent failure: 0
	num status task events dropped: 0
	num profile task events dropped: 0


