[2024-05-25 19:43:35,466 I 23072 23076] core_worker_process.cc:107: Constructing CoreWorkerProcess. pid: 23072
[2024-05-25 19:43:35,486 I 23072 23076] io_service_pool.cc:35: IOServicePool is running with 1 io_service.
[2024-05-25 19:43:35,513 I 23072 23076] grpc_server.cc:134: worker server started, listening on port 50580.
[2024-05-25 19:43:35,535 I 23072 23076] core_worker.cc:258: Initializing worker at address: 127.0.0.1:50580, worker ID 3754e43803fb89662d70e9357439ae204802902eeb13526a52f9386b, raylet d863ee0daa3c11ba1854014e9f17b10c7441806a22cda2c6762c7d93
[2024-05-25 19:43:35,552 I 23072 23076] task_event_buffer.cc:177: Reporting task events to GCS every 1000ms.
[2024-05-25 19:43:35,558 I 23072 23316] accessor.cc:627: Received notification for node id = d863ee0daa3c11ba1854014e9f17b10c7441806a22cda2c6762c7d93, IsAlive = 1
[2024-05-25 19:43:35,558 I 23072 23316] core_worker.cc:4602: Number of alive nodes:1
[2024-05-25 19:43:35,561 I 23072 23316] core_worker.cc:611: Event stats:


Global stats: 12 total (4 active)
Queueing time: mean = 662.308 us, max = 6.838 ms, min = 38.700 us, total = 7.948 ms
Execution time:  mean = 1.138 ms, total = 13.653 ms
Event stats:
	PeriodicalRunner.RunFnPeriodically - 3 total (1 active, 1 running), Execution time: mean = 43.433 us, total = 130.300 us, Queueing time: mean = 2.501 ms, max = 6.838 ms, min = 665.100 us, total = 7.503 ms
	InternalPubSubGcsService.grpc_client.GcsSubscriberPoll - 1 total (1 active), Execution time: mean = 0.000 s, total = 0.000 s, Queueing time: mean = 0.000 s, max = -0.000 s, min = 9223372036.855 s, total = 0.000 s
	WorkerInfoGcsService.grpc_client.AddWorkerInfo - 1 total (0 active), Execution time: mean = 8.331 ms, total = 8.331 ms, Queueing time: mean = 0.000 s, max = -0.000 s, min = 9223372036.855 s, total = 0.000 s
	Publisher.CheckDeadSubscribers - 1 total (1 active), Execution time: mean = 0.000 s, total = 0.000 s, Queueing time: mean = 0.000 s, max = -0.000 s, min = 9223372036.855 s, total = 0.000 s
	InternalPubSubGcsService.grpc_client.GcsSubscriberCommandBatch.OnReplyReceived - 1 total (0 active), Execution time: mean = 592.400 us, total = 592.400 us, Queueing time: mean = 348.500 us, max = 348.500 us, min = 348.500 us, total = 348.500 us
	NodeInfoGcsService.grpc_client.GetAllNodeInfo.OnReplyReceived - 1 total (0 active), Execution time: mean = 368.300 us, total = 368.300 us, Queueing time: mean = 38.700 us, max = 38.700 us, min = 38.700 us, total = 38.700 us
	WorkerInfoGcsService.grpc_client.AddWorkerInfo.OnReplyReceived - 1 total (0 active), Execution time: mean = 157.300 us, total = 157.300 us, Queueing time: mean = 57.100 us, max = 57.100 us, min = 57.100 us, total = 57.100 us
	InternalPubSubGcsService.grpc_client.GcsSubscriberCommandBatch - 1 total (0 active), Execution time: mean = 1.560 ms, total = 1.560 ms, Queueing time: mean = 0.000 s, max = -0.000 s, min = 9223372036.855 s, total = 0.000 s
	CoreWorker.ExitIfParentRayletDies - 1 total (1 active), Execution time: mean = 0.000 s, total = 0.000 s, Queueing time: mean = 0.000 s, max = -0.000 s, min = 9223372036.855 s, total = 0.000 s
	NodeInfoGcsService.grpc_client.GetAllNodeInfo - 1 total (0 active), Execution time: mean = 2.514 ms, total = 2.514 ms, Queueing time: mean = 0.000 s, max = -0.000 s, min = 9223372036.855 s, total = 0.000 s

-----------------
Task Event stats:

IO Service Stats:

Global stats: 3 total (2 active)
Queueing time: mean = 1.543 ms, max = 4.628 ms, min = 4.628 ms, total = 4.628 ms
Execution time:  mean = 1.045 ms, total = 3.135 ms
Event stats:
	PeriodicalRunner.RunFnPeriodically - 1 total (0 active), Execution time: mean = 3.135 ms, total = 3.135 ms, Queueing time: mean = 4.628 ms, max = 4.628 ms, min = 4.628 ms, total = 4.628 ms
	CoreWorker.deadline_timer.flush_task_events - 1 total (1 active), Execution time: mean = 0.000 s, total = 0.000 s, Queueing time: mean = 0.000 s, max = -0.000 s, min = 9223372036.855 s, total = 0.000 s
	TaskInfoGcsService.grpc_client.AddTaskEventData - 1 total (1 active), Execution time: mean = 0.000 s, total = 0.000 s, Queueing time: mean = 0.000 s, max = -0.000 s, min = 9223372036.855 s, total = 0.000 s
Other Stats:
	grpc_in_progress:1
	current number of task status events in buffer: 0
	current number of profile events in buffer: 0
	current number of dropped task attempts tracked: 0
	total task events sent: 0 MiB
	total number of task attempts sent: 0
	total number of task attempts dropped reported: 0
	total number of sent failure: 0
	num status task events dropped: 0
	num profile task events dropped: 0


[2024-05-25 19:43:35,574 I 23072 23076] event.cc:234: Set ray event level to warning
[2024-05-25 19:43:35,574 I 23072 23076] event.cc:342: Ray Event initialized for CORE_WORKER
[2024-05-25 19:43:35,597 I 23072 23076] direct_actor_task_submitter.cc:36: Set max pending calls to -1 for actor a0969a40c30cc87f6065980101000000
[2024-05-25 19:43:35,597 I 23072 23076] direct_actor_task_submitter.cc:237: Connecting to actor a0969a40c30cc87f6065980101000000 at worker 3754e43803fb89662d70e9357439ae204802902eeb13526a52f9386b
[2024-05-25 19:43:35,597 I 23072 23076] core_worker.cc:2911: Creating actor: a0969a40c30cc87f6065980101000000
[2024-05-25 19:43:47,459 I 23072 23076] direct_actor_transport.cc:198: Actor creation task finished, task_id: ffffffffffffffffa0969a40c30cc87f6065980101000000, actor_id: a0969a40c30cc87f6065980101000000, actor_repr_name: 
[2024-05-25 19:44:35,563 I 23072 23316] core_worker.cc:611: Event stats:


Global stats: 889 total (8 active)
Queueing time: mean = 1.800 ms, max = 28.457 ms, min = -0.007 s, total = 1.600 s
Execution time:  mean = 13.653 ms, total = 12.138 s
Event stats:
	CoreWorker.RecoverObjects - 587 total (1 active), Execution time: mean = 46.540 us, total = 27.319 ms, Queueing time: mean = 2.270 ms, max = 28.457 ms, min = -0.001 s, total = 1.332 s
	NodeManagerService.grpc_client.ReportWorkerBacklog - 60 total (0 active), Execution time: mean = 1.796 ms, total = 107.780 ms, Queueing time: mean = 0.000 s, max = -0.000 s, min = 9223372036.855 s, total = 0.000 s
	NodeManagerService.grpc_client.ReportWorkerBacklog.OnReplyReceived - 60 total (0 active), Execution time: mean = 34.270 us, total = 2.056 ms, Queueing time: mean = 76.821 us, max = 985.950 us, min = 7.611 us, total = 4.609 ms
	CoreWorker.InternalHeartbeat - 60 total (1 active), Execution time: mean = 400.279 us, total = 24.017 ms, Queueing time: mean = 2.015 ms, max = 24.353 ms, min = -0.007 s, total = 120.885 ms
	CoreWorker.ExitIfParentRayletDies - 60 total (1 active), Execution time: mean = 31.079 us, total = 1.865 ms, Queueing time: mean = 1.804 ms, max = 14.705 ms, min = -0.001 s, total = 108.220 ms
	CoreWorkerService.grpc_server.GetCoreWorkerStats.HandleRequestImpl - 12 total (0 active), Execution time: mean = 1.005 ms, total = 12.060 ms, Queueing time: mean = 852.638 us, max = 4.185 ms, min = 19.020 us, total = 10.232 ms
	CoreWorkerService.grpc_server.GetCoreWorkerStats - 12 total (0 active), Execution time: mean = 2.059 ms, total = 24.709 ms, Queueing time: mean = 0.000 s, max = -0.000 s, min = 9223372036.855 s, total = 0.000 s
	CoreWorker.RecordMetrics - 12 total (1 active), Execution time: mean = 244.099 us, total = 2.929 ms, Queueing time: mean = 249.442 us, max = 6.379 ms, min = -0.005 s, total = 2.993 ms
	PeriodicalRunner.RunFnPeriodically - 7 total (0 active), Execution time: mean = 622.900 us, total = 4.360 ms, Queueing time: mean = 2.196 ms, max = 6.838 ms, min = 36.600 us, total = 15.374 ms
	CoreWorker.GCStreamingGeneratorMetadata - 6 total (1 active), Execution time: mean = 10.137 us, total = 60.825 us, Queueing time: mean = 695.617 us, max = 2.932 ms, min = -0.001 s, total = 4.174 ms
	CoreWorkerService.grpc_server.PushTask.HandleRequestImpl - 2 total (0 active), Execution time: mean = 162.462 us, total = 324.924 us, Queueing time: mean = 455.154 us, max = 834.100 us, min = 76.209 us, total = 910.309 us
	CoreWorkerService.grpc_server.PushTask - 2 total (0 active), Execution time: mean = 5.958 s, total = 11.917 s, Queueing time: mean = 0.000 s, max = -0.000 s, min = 9223372036.855 s, total = 0.000 s
	WorkerInfoGcsService.grpc_client.AddWorkerInfo - 1 total (0 active), Execution time: mean = 8.331 ms, total = 8.331 ms, Queueing time: mean = 0.000 s, max = -0.000 s, min = 9223372036.855 s, total = 0.000 s
	InternalPubSubGcsService.grpc_client.GcsSubscriberCommandBatch.OnReplyReceived - 1 total (0 active), Execution time: mean = 592.400 us, total = 592.400 us, Queueing time: mean = 348.500 us, max = 348.500 us, min = 348.500 us, total = 348.500 us
	InternalPubSubGcsService.grpc_client.GcsSubscriberCommandBatch - 1 total (0 active), Execution time: mean = 1.560 ms, total = 1.560 ms, Queueing time: mean = 0.000 s, max = -0.000 s, min = 9223372036.855 s, total = 0.000 s
	WorkerInfoGcsService.grpc_client.AddWorkerInfo.OnReplyReceived - 1 total (0 active), Execution time: mean = 157.300 us, total = 157.300 us, Queueing time: mean = 57.100 us, max = 57.100 us, min = 57.100 us, total = 57.100 us
	NodeInfoGcsService.grpc_client.GetAllNodeInfo - 1 total (0 active), Execution time: mean = 2.514 ms, total = 2.514 ms, Queueing time: mean = 0.000 s, max = -0.000 s, min = 9223372036.855 s, total = 0.000 s
	Publisher.CheckDeadSubscribers - 1 total (1 active), Execution time: mean = 0.000 s, total = 0.000 s, Queueing time: mean = 0.000 s, max = -0.000 s, min = 9223372036.855 s, total = 0.000 s
	NodeInfoGcsService.grpc_client.GetAllNodeInfo.OnReplyReceived - 1 total (0 active), Execution time: mean = 368.300 us, total = 368.300 us, Queueing time: mean = 38.700 us, max = 38.700 us, min = 38.700 us, total = 38.700 us
	InternalPubSubGcsService.grpc_client.GcsSubscriberPoll - 1 total (1 active), Execution time: mean = 0.000 s, total = 0.000 s, Queueing time: mean = 0.000 s, max = -0.000 s, min = 9223372036.855 s, total = 0.000 s
	CoreWorker.PrintEventStats - 1 total (1 active, 1 running), Execution time: mean = 0.000 s, total = 0.000 s, Queueing time: mean = 0.000 s, max = -0.000 s, min = 9223372036.855 s, total = 0.000 s

-----------------
Task Event stats:

IO Service Stats:

Global stats: 181 total (1 active)
Queueing time: mean = 1.016 ms, max = 36.794 ms, min = -0.001 s, total = 183.919 ms
Execution time:  mean = 555.768 us, total = 100.594 ms
Event stats:
	CoreWorker.deadline_timer.flush_task_events - 60 total (1 active), Execution time: mean = 456.027 us, total = 27.362 ms, Queueing time: mean = 2.818 ms, max = 36.794 ms, min = -0.001 s, total = 169.095 ms
	TaskInfoGcsService.grpc_client.AddTaskEventData - 60 total (0 active), Execution time: mean = 1.120 ms, total = 67.186 ms, Queueing time: mean = 0.000 s, max = -0.000 s, min = 9223372036.855 s, total = 0.000 s
	TaskInfoGcsService.grpc_client.AddTaskEventData.OnReplyReceived - 60 total (0 active), Execution time: mean = 48.521 us, total = 2.911 ms, Queueing time: mean = 169.952 us, max = 5.399 ms, min = 7.993 us, total = 10.197 ms
	PeriodicalRunner.RunFnPeriodically - 1 total (0 active), Execution time: mean = 3.135 ms, total = 3.135 ms, Queueing time: mean = 4.628 ms, max = 4.628 ms, min = 4.628 ms, total = 4.628 ms
Other Stats:
	grpc_in_progress:0
	current number of task status events in buffer: 0
	current number of profile events in buffer: 0
	current number of dropped task attempts tracked: 0
	total task events sent: 0.000841141 MiB
	total number of task attempts sent: 4
	total number of task attempts dropped reported: 0
	total number of sent failure: 0
	num status task events dropped: 0
	num profile task events dropped: 0


[2024-05-25 19:45:35,564 I 23072 23316] core_worker.cc:611: Event stats:


Global stats: 1766 total (8 active)
Queueing time: mean = 1.286 ms, max = 42.165 ms, min = -0.007 s, total = 2.270 s
Execution time:  mean = 6.939 ms, total = 12.254 s
Event stats:
	CoreWorker.RecoverObjects - 1181 total (1 active), Execution time: mean = 29.824 us, total = 35.223 ms, Queueing time: mean = 1.606 ms, max = 41.013 ms, min = -0.001 s, total = 1.896 s
	NodeManagerService.grpc_client.ReportWorkerBacklog - 120 total (0 active), Execution time: mean = 1.470 ms, total = 176.417 ms, Queueing time: mean = 0.000 s, max = -0.000 s, min = 9223372036.855 s, total = 0.000 s
	NodeManagerService.grpc_client.ReportWorkerBacklog.OnReplyReceived - 120 total (0 active), Execution time: mean = 39.029 us, total = 4.683 ms, Queueing time: mean = 76.832 us, max = 1.531 ms, min = 7.611 us, total = 9.220 ms
	CoreWorker.InternalHeartbeat - 120 total (1 active), Execution time: mean = 399.485 us, total = 47.938 ms, Queueing time: mean = 1.100 ms, max = 24.353 ms, min = -0.007 s, total = 131.972 ms
	CoreWorker.ExitIfParentRayletDies - 120 total (1 active), Execution time: mean = 33.906 us, total = 4.069 ms, Queueing time: mean = 1.519 ms, max = 42.165 ms, min = -0.001 s, total = 182.311 ms
	CoreWorkerService.grpc_server.GetCoreWorkerStats.HandleRequestImpl - 24 total (0 active), Execution time: mean = 582.966 us, total = 13.991 ms, Queueing time: mean = 552.618 us, max = 4.185 ms, min = 19.020 us, total = 13.263 ms
	CoreWorkerService.grpc_server.GetCoreWorkerStats - 24 total (0 active), Execution time: mean = 1.321 ms, total = 31.693 ms, Queueing time: mean = 0.000 s, max = -0.000 s, min = 9223372036.855 s, total = 0.000 s
	CoreWorker.RecordMetrics - 24 total (1 active), Execution time: mean = 169.661 us, total = 4.072 ms, Queueing time: mean = 407.467 us, max = 6.379 ms, min = -0.005 s, total = 9.779 ms
	CoreWorker.GCStreamingGeneratorMetadata - 12 total (1 active), Execution time: mean = 10.027 us, total = 120.320 us, Queueing time: mean = 833.233 us, max = 2.932 ms, min = -0.001 s, total = 9.999 ms
	PeriodicalRunner.RunFnPeriodically - 7 total (0 active), Execution time: mean = 622.900 us, total = 4.360 ms, Queueing time: mean = 2.196 ms, max = 6.838 ms, min = 36.600 us, total = 15.374 ms
	CoreWorkerService.grpc_server.PushTask.HandleRequestImpl - 2 total (0 active), Execution time: mean = 162.462 us, total = 324.924 us, Queueing time: mean = 455.154 us, max = 834.100 us, min = 76.209 us, total = 910.309 us
	CoreWorkerService.grpc_server.PushTask - 2 total (0 active), Execution time: mean = 5.958 s, total = 11.917 s, Queueing time: mean = 0.000 s, max = -0.000 s, min = 9223372036.855 s, total = 0.000 s
	CoreWorker.PrintEventStats - 2 total (1 active, 1 running), Execution time: mean = 430.144 us, total = 860.288 us, Queueing time: mean = 364.750 us, max = 729.500 us, min = 729.500 us, total = 729.500 us
	WorkerInfoGcsService.grpc_client.AddWorkerInfo - 1 total (0 active), Execution time: mean = 8.331 ms, total = 8.331 ms, Queueing time: mean = 0.000 s, max = -0.000 s, min = 9223372036.855 s, total = 0.000 s
	InternalPubSubGcsService.grpc_client.GcsSubscriberCommandBatch.OnReplyReceived - 1 total (0 active), Execution time: mean = 592.400 us, total = 592.400 us, Queueing time: mean = 348.500 us, max = 348.500 us, min = 348.500 us, total = 348.500 us
	InternalPubSubGcsService.grpc_client.GcsSubscriberCommandBatch - 1 total (0 active), Execution time: mean = 1.560 ms, total = 1.560 ms, Queueing time: mean = 0.000 s, max = -0.000 s, min = 9223372036.855 s, total = 0.000 s
	WorkerInfoGcsService.grpc_client.AddWorkerInfo.OnReplyReceived - 1 total (0 active), Execution time: mean = 157.300 us, total = 157.300 us, Queueing time: mean = 57.100 us, max = 57.100 us, min = 57.100 us, total = 57.100 us
	NodeInfoGcsService.grpc_client.GetAllNodeInfo - 1 total (0 active), Execution time: mean = 2.514 ms, total = 2.514 ms, Queueing time: mean = 0.000 s, max = -0.000 s, min = 9223372036.855 s, total = 0.000 s
	Publisher.CheckDeadSubscribers - 1 total (1 active), Execution time: mean = 0.000 s, total = 0.000 s, Queueing time: mean = 0.000 s, max = -0.000 s, min = 9223372036.855 s, total = 0.000 s
	NodeInfoGcsService.grpc_client.GetAllNodeInfo.OnReplyReceived - 1 total (0 active), Execution time: mean = 368.300 us, total = 368.300 us, Queueing time: mean = 38.700 us, max = 38.700 us, min = 38.700 us, total = 38.700 us
	InternalPubSubGcsService.grpc_client.GcsSubscriberPoll - 1 total (1 active), Execution time: mean = 0.000 s, total = 0.000 s, Queueing time: mean = 0.000 s, max = -0.000 s, min = 9223372036.855 s, total = 0.000 s

-----------------
Task Event stats:

IO Service Stats:

Global stats: 361 total (1 active)
Queueing time: mean = 554.189 us, max = 36.794 ms, min = -0.001 s, total = 200.062 ms
Execution time:  mean = 527.442 us, total = 190.407 ms
Event stats:
	CoreWorker.deadline_timer.flush_task_events - 120 total (1 active), Execution time: mean = 422.257 us, total = 50.671 ms, Queueing time: mean = 1.501 ms, max = 36.794 ms, min = -0.001 s, total = 180.177 ms
	TaskInfoGcsService.grpc_client.AddTaskEventData - 120 total (0 active), Execution time: mean = 1.088 ms, total = 130.585 ms, Queueing time: mean = 0.000 s, max = -0.000 s, min = 9223372036.855 s, total = 0.000 s
	TaskInfoGcsService.grpc_client.AddTaskEventData.OnReplyReceived - 120 total (0 active), Execution time: mean = 50.128 us, total = 6.015 ms, Queueing time: mean = 127.142 us, max = 5.399 ms, min = 7.993 us, total = 15.257 ms
	PeriodicalRunner.RunFnPeriodically - 1 total (0 active), Execution time: mean = 3.135 ms, total = 3.135 ms, Queueing time: mean = 4.628 ms, max = 4.628 ms, min = 4.628 ms, total = 4.628 ms
Other Stats:
	grpc_in_progress:0
	current number of task status events in buffer: 0
	current number of profile events in buffer: 0
	current number of dropped task attempts tracked: 0
	total task events sent: 0.000841141 MiB
	total number of task attempts sent: 4
	total number of task attempts dropped reported: 0
	total number of sent failure: 0
	num status task events dropped: 0
	num profile task events dropped: 0


[2024-05-25 19:46:35,576 I 23072 23316] core_worker.cc:611: Event stats:


Global stats: 2641 total (8 active)
Queueing time: mean = 1.228 ms, max = 42.165 ms, min = -0.007 s, total = 3.242 s
Execution time:  mean = 4.686 ms, total = 12.375 s
Event stats:
	CoreWorker.RecoverObjects - 1773 total (1 active), Execution time: mean = 24.295 us, total = 43.076 ms, Queueing time: mean = 1.547 ms, max = 41.013 ms, min = -0.001 s, total = 2.743 s
	NodeManagerService.grpc_client.ReportWorkerBacklog - 180 total (0 active), Execution time: mean = 1.375 ms, total = 247.534 ms, Queueing time: mean = 0.000 s, max = -0.000 s, min = 9223372036.855 s, total = 0.000 s
	NodeManagerService.grpc_client.ReportWorkerBacklog.OnReplyReceived - 180 total (0 active), Execution time: mean = 40.882 us, total = 7.359 ms, Queueing time: mean = 66.531 us, max = 1.531 ms, min = 7.611 us, total = 11.976 ms
	CoreWorker.InternalHeartbeat - 180 total (1 active), Execution time: mean = 408.292 us, total = 73.492 ms, Queueing time: mean = 949.910 us, max = 24.353 ms, min = -0.007 s, total = 170.984 ms
	CoreWorker.ExitIfParentRayletDies - 180 total (1 active), Execution time: mean = 33.976 us, total = 6.116 ms, Queueing time: mean = 1.411 ms, max = 42.165 ms, min = -0.001 s, total = 254.010 ms
	CoreWorkerService.grpc_server.GetCoreWorkerStats.HandleRequestImpl - 36 total (0 active), Execution time: mean = 430.763 us, total = 15.507 ms, Queueing time: mean = 454.158 us, max = 4.185 ms, min = 19.020 us, total = 16.350 ms
	CoreWorkerService.grpc_server.GetCoreWorkerStats - 36 total (0 active), Execution time: mean = 1.055 ms, total = 37.983 ms, Queueing time: mean = 0.000 s, max = -0.000 s, min = 9223372036.855 s, total = 0.000 s
	CoreWorker.RecordMetrics - 36 total (1 active), Execution time: mean = 152.314 us, total = 5.483 ms, Queueing time: mean = 489.750 us, max = 6.379 ms, min = -0.005 s, total = 17.631 ms
	CoreWorker.GCStreamingGeneratorMetadata - 18 total (1 active), Execution time: mean = 10.156 us, total = 182.817 us, Queueing time: mean = 652.304 us, max = 2.932 ms, min = -0.001 s, total = 11.741 ms
	PeriodicalRunner.RunFnPeriodically - 7 total (0 active), Execution time: mean = 622.900 us, total = 4.360 ms, Queueing time: mean = 2.196 ms, max = 6.838 ms, min = 36.600 us, total = 15.374 ms
	CoreWorker.PrintEventStats - 3 total (1 active, 1 running), Execution time: mean = 985.639 us, total = 2.957 ms, Queueing time: mean = 44.853 us, max = 729.500 us, min = -0.001 s, total = 134.559 us
	CoreWorkerService.grpc_server.PushTask.HandleRequestImpl - 2 total (0 active), Execution time: mean = 162.462 us, total = 324.924 us, Queueing time: mean = 455.154 us, max = 834.100 us, min = 76.209 us, total = 910.309 us
	CoreWorkerService.grpc_server.PushTask - 2 total (0 active), Execution time: mean = 5.958 s, total = 11.917 s, Queueing time: mean = 0.000 s, max = -0.000 s, min = 9223372036.855 s, total = 0.000 s
	WorkerInfoGcsService.grpc_client.AddWorkerInfo - 1 total (0 active), Execution time: mean = 8.331 ms, total = 8.331 ms, Queueing time: mean = 0.000 s, max = -0.000 s, min = 9223372036.855 s, total = 0.000 s
	InternalPubSubGcsService.grpc_client.GcsSubscriberCommandBatch.OnReplyReceived - 1 total (0 active), Execution time: mean = 592.400 us, total = 592.400 us, Queueing time: mean = 348.500 us, max = 348.500 us, min = 348.500 us, total = 348.500 us
	InternalPubSubGcsService.grpc_client.GcsSubscriberCommandBatch - 1 total (0 active), Execution time: mean = 1.560 ms, total = 1.560 ms, Queueing time: mean = 0.000 s, max = -0.000 s, min = 9223372036.855 s, total = 0.000 s
	WorkerInfoGcsService.grpc_client.AddWorkerInfo.OnReplyReceived - 1 total (0 active), Execution time: mean = 157.300 us, total = 157.300 us, Queueing time: mean = 57.100 us, max = 57.100 us, min = 57.100 us, total = 57.100 us
	NodeInfoGcsService.grpc_client.GetAllNodeInfo - 1 total (0 active), Execution time: mean = 2.514 ms, total = 2.514 ms, Queueing time: mean = 0.000 s, max = -0.000 s, min = 9223372036.855 s, total = 0.000 s
	Publisher.CheckDeadSubscribers - 1 total (1 active), Execution time: mean = 0.000 s, total = 0.000 s, Queueing time: mean = 0.000 s, max = -0.000 s, min = 9223372036.855 s, total = 0.000 s
	NodeInfoGcsService.grpc_client.GetAllNodeInfo.OnReplyReceived - 1 total (0 active), Execution time: mean = 368.300 us, total = 368.300 us, Queueing time: mean = 38.700 us, max = 38.700 us, min = 38.700 us, total = 38.700 us
	InternalPubSubGcsService.grpc_client.GcsSubscriberPoll - 1 total (1 active), Execution time: mean = 0.000 s, total = 0.000 s, Queueing time: mean = 0.000 s, max = -0.000 s, min = 9223372036.855 s, total = 0.000 s

-----------------
Task Event stats:

IO Service Stats:

Global stats: 541 total (1 active)
Queueing time: mean = 438.736 us, max = 36.794 ms, min = -0.001 s, total = 237.356 ms
Execution time:  mean = 534.240 us, total = 289.024 ms
Event stats:
	CoreWorker.deadline_timer.flush_task_events - 180 total (1 active), Execution time: mean = 425.794 us, total = 76.643 ms, Queueing time: mean = 1.186 ms, max = 36.794 ms, min = -0.001 s, total = 213.391 ms
	TaskInfoGcsService.grpc_client.AddTaskEventData - 180 total (0 active), Execution time: mean = 1.110 ms, total = 199.805 ms, Queueing time: mean = 0.000 s, max = -0.000 s, min = 9223372036.855 s, total = 0.000 s
	TaskInfoGcsService.grpc_client.AddTaskEventData.OnReplyReceived - 180 total (0 active), Execution time: mean = 52.445 us, total = 9.440 ms, Queueing time: mean = 107.428 us, max = 5.399 ms, min = 7.993 us, total = 19.337 ms
	PeriodicalRunner.RunFnPeriodically - 1 total (0 active), Execution time: mean = 3.135 ms, total = 3.135 ms, Queueing time: mean = 4.628 ms, max = 4.628 ms, min = 4.628 ms, total = 4.628 ms
Other Stats:
	grpc_in_progress:0
	current number of task status events in buffer: 0
	current number of profile events in buffer: 0
	current number of dropped task attempts tracked: 0
	total task events sent: 0.000841141 MiB
	total number of task attempts sent: 4
	total number of task attempts dropped reported: 0
	total number of sent failure: 0
	num status task events dropped: 0
	num profile task events dropped: 0


[2024-05-25 19:47:35,577 I 23072 23316] core_worker.cc:611: Event stats:


Global stats: 3466 total (8 active)
Queueing time: mean = 3.054 ms, max = 55.021 ms, min = -0.007 s, total = 10.587 s
Execution time:  mean = 3.607 ms, total = 12.500 s
Event stats:
	CoreWorker.RecoverObjects - 2315 total (1 active), Execution time: mean = 21.111 us, total = 48.871 ms, Queueing time: mean = 3.710 ms, max = 55.021 ms, min = -0.001 s, total = 8.590 s
	NodeManagerService.grpc_client.ReportWorkerBacklog - 240 total (0 active), Execution time: mean = 1.338 ms, total = 321.101 ms, Queueing time: mean = 0.000 s, max = -0.000 s, min = 9223372036.855 s, total = 0.000 s
	NodeManagerService.grpc_client.ReportWorkerBacklog.OnReplyReceived - 240 total (0 active), Execution time: mean = 40.943 us, total = 9.826 ms, Queueing time: mean = 61.059 us, max = 1.531 ms, min = 7.611 us, total = 14.654 ms
	CoreWorker.InternalHeartbeat - 240 total (1 active), Execution time: mean = 405.714 us, total = 97.371 ms, Queueing time: mean = 3.446 ms, max = 24.353 ms, min = -0.007 s, total = 827.135 ms
	CoreWorker.ExitIfParentRayletDies - 240 total (1 active), Execution time: mean = 33.857 us, total = 8.126 ms, Queueing time: mean = 3.885 ms, max = 42.165 ms, min = -0.001 s, total = 932.463 ms
	CoreWorkerService.grpc_server.GetCoreWorkerStats.HandleRequestImpl - 48 total (0 active), Execution time: mean = 364.562 us, total = 17.499 ms, Queueing time: mean = 522.953 us, max = 4.185 ms, min = 19.020 us, total = 25.102 ms
	CoreWorkerService.grpc_server.GetCoreWorkerStats - 48 total (0 active), Execution time: mean = 1.054 ms, total = 50.606 ms, Queueing time: mean = 0.000 s, max = -0.000 s, min = 9223372036.855 s, total = 0.000 s
	CoreWorker.RecordMetrics - 48 total (1 active), Execution time: mean = 156.631 us, total = 7.518 ms, Queueing time: mean = 2.490 ms, max = 13.750 ms, min = -0.005 s, total = 119.500 ms
	CoreWorker.GCStreamingGeneratorMetadata - 24 total (1 active), Execution time: mean = 9.206 us, total = 220.946 us, Queueing time: mean = 2.155 ms, max = 12.415 ms, min = -0.001 s, total = 51.717 ms
	PeriodicalRunner.RunFnPeriodically - 7 total (0 active), Execution time: mean = 622.900 us, total = 4.360 ms, Queueing time: mean = 2.196 ms, max = 6.838 ms, min = 36.600 us, total = 15.374 ms
	CoreWorker.PrintEventStats - 4 total (1 active, 1 running), Execution time: mean = 1.102 ms, total = 4.409 ms, Queueing time: mean = 2.418 ms, max = 9.536 ms, min = -0.001 s, total = 9.671 ms
	CoreWorkerService.grpc_server.PushTask.HandleRequestImpl - 2 total (0 active), Execution time: mean = 162.462 us, total = 324.924 us, Queueing time: mean = 455.154 us, max = 834.100 us, min = 76.209 us, total = 910.309 us
	CoreWorkerService.grpc_server.PushTask - 2 total (0 active), Execution time: mean = 5.958 s, total = 11.917 s, Queueing time: mean = 0.000 s, max = -0.000 s, min = 9223372036.855 s, total = 0.000 s
	WorkerInfoGcsService.grpc_client.AddWorkerInfo - 1 total (0 active), Execution time: mean = 8.331 ms, total = 8.331 ms, Queueing time: mean = 0.000 s, max = -0.000 s, min = 9223372036.855 s, total = 0.000 s
	InternalPubSubGcsService.grpc_client.GcsSubscriberCommandBatch.OnReplyReceived - 1 total (0 active), Execution time: mean = 592.400 us, total = 592.400 us, Queueing time: mean = 348.500 us, max = 348.500 us, min = 348.500 us, total = 348.500 us
	InternalPubSubGcsService.grpc_client.GcsSubscriberCommandBatch - 1 total (0 active), Execution time: mean = 1.560 ms, total = 1.560 ms, Queueing time: mean = 0.000 s, max = -0.000 s, min = 9223372036.855 s, total = 0.000 s
	WorkerInfoGcsService.grpc_client.AddWorkerInfo.OnReplyReceived - 1 total (0 active), Execution time: mean = 157.300 us, total = 157.300 us, Queueing time: mean = 57.100 us, max = 57.100 us, min = 57.100 us, total = 57.100 us
	NodeInfoGcsService.grpc_client.GetAllNodeInfo - 1 total (0 active), Execution time: mean = 2.514 ms, total = 2.514 ms, Queueing time: mean = 0.000 s, max = -0.000 s, min = 9223372036.855 s, total = 0.000 s
	Publisher.CheckDeadSubscribers - 1 total (1 active), Execution time: mean = 0.000 s, total = 0.000 s, Queueing time: mean = 0.000 s, max = -0.000 s, min = 9223372036.855 s, total = 0.000 s
	NodeInfoGcsService.grpc_client.GetAllNodeInfo.OnReplyReceived - 1 total (0 active), Execution time: mean = 368.300 us, total = 368.300 us, Queueing time: mean = 38.700 us, max = 38.700 us, min = 38.700 us, total = 38.700 us
	InternalPubSubGcsService.grpc_client.GcsSubscriberPoll - 1 total (1 active), Execution time: mean = 0.000 s, total = 0.000 s, Queueing time: mean = 0.000 s, max = -0.000 s, min = 9223372036.855 s, total = 0.000 s

-----------------
Task Event stats:

IO Service Stats:

Global stats: 721 total (1 active)
Queueing time: mean = 1.244 ms, max = 36.794 ms, min = -0.001 s, total = 896.620 ms
Execution time:  mean = 530.190 us, total = 382.267 ms
Event stats:
	CoreWorker.deadline_timer.flush_task_events - 240 total (1 active), Execution time: mean = 418.313 us, total = 100.395 ms, Queueing time: mean = 3.624 ms, max = 36.794 ms, min = -0.001 s, total = 869.809 ms
	TaskInfoGcsService.grpc_client.AddTaskEventData - 240 total (0 active), Execution time: mean = 1.109 ms, total = 266.278 ms, Queueing time: mean = 0.000 s, max = -0.000 s, min = 9223372036.855 s, total = 0.000 s
	TaskInfoGcsService.grpc_client.AddTaskEventData.OnReplyReceived - 240 total (0 active), Execution time: mean = 51.909 us, total = 12.458 ms, Queueing time: mean = 92.430 us, max = 5.399 ms, min = 7.993 us, total = 22.183 ms
	PeriodicalRunner.RunFnPeriodically - 1 total (0 active), Execution time: mean = 3.135 ms, total = 3.135 ms, Queueing time: mean = 4.628 ms, max = 4.628 ms, min = 4.628 ms, total = 4.628 ms
Other Stats:
	grpc_in_progress:0
	current number of task status events in buffer: 0
	current number of profile events in buffer: 0
	current number of dropped task attempts tracked: 0
	total task events sent: 0.000841141 MiB
	total number of task attempts sent: 4
	total number of task attempts dropped reported: 0
	total number of sent failure: 0
	num status task events dropped: 0
	num profile task events dropped: 0


