:job_id:01000000
DEBUG:filelock:Attempting to acquire lock 2106037094672 on C:\Users\alexp\AppData\Local\Temp\ray\session_2024-05-25_19-44-06_621398_9536\node_ip_address.json.lock
DEBUG:filelock:Lock 2106037094672 acquired on C:\Users\alexp\AppData\Local\Temp\ray\session_2024-05-25_19-44-06_621398_9536\node_ip_address.json.lock
DEBUG:filelock:Attempting to release lock 2106037094672 on C:\Users\alexp\AppData\Local\Temp\ray\session_2024-05-25_19-44-06_621398_9536\node_ip_address.json.lock
DEBUG:filelock:Lock 2106037094672 released on C:\Users\alexp\AppData\Local\Temp\ray\session_2024-05-25_19-44-06_621398_9536\node_ip_address.json.lock
DEBUG:filelock:Attempting to acquire lock 2106037108496 on C:\Users\alexp\AppData\Local\Temp\ray\session_2024-05-25_19-44-06_621398_9536\ports_by_node.json.lock
DEBUG:filelock:Lock 2106037108496 acquired on C:\Users\alexp\AppData\Local\Temp\ray\session_2024-05-25_19-44-06_621398_9536\ports_by_node.json.lock
DEBUG:filelock:Attempting to release lock 2106037108496 on C:\Users\alexp\AppData\Local\Temp\ray\session_2024-05-25_19-44-06_621398_9536\ports_by_node.json.lock
DEBUG:filelock:Lock 2106037108496 released on C:\Users\alexp\AppData\Local\Temp\ray\session_2024-05-25_19-44-06_621398_9536\ports_by_node.json.lock
DEBUG:filelock:Attempting to acquire lock 2106037108352 on C:\Users\alexp\AppData\Local\Temp\ray\session_2024-05-25_19-44-06_621398_9536\ports_by_node.json.lock
DEBUG:filelock:Lock 2106037108352 acquired on C:\Users\alexp\AppData\Local\Temp\ray\session_2024-05-25_19-44-06_621398_9536\ports_by_node.json.lock
DEBUG:filelock:Attempting to release lock 2106037108352 on C:\Users\alexp\AppData\Local\Temp\ray\session_2024-05-25_19-44-06_621398_9536\ports_by_node.json.lock
DEBUG:filelock:Lock 2106037108352 released on C:\Users\alexp\AppData\Local\Temp\ray\session_2024-05-25_19-44-06_621398_9536\ports_by_node.json.lock
DEBUG:filelock:Attempting to acquire lock 2106037094672 on C:\Users\alexp\AppData\Local\Temp\ray\session_2024-05-25_19-44-06_621398_9536\ports_by_node.json.lock
DEBUG:filelock:Lock 2106037094672 acquired on C:\Users\alexp\AppData\Local\Temp\ray\session_2024-05-25_19-44-06_621398_9536\ports_by_node.json.lock
DEBUG:filelock:Attempting to release lock 2106037094672 on C:\Users\alexp\AppData\Local\Temp\ray\session_2024-05-25_19-44-06_621398_9536\ports_by_node.json.lock
DEBUG:filelock:Lock 2106037094672 released on C:\Users\alexp\AppData\Local\Temp\ray\session_2024-05-25_19-44-06_621398_9536\ports_by_node.json.lock
DEBUG:filelock:Attempting to acquire lock 2106037108352 on C:\Users\alexp\AppData\Local\Temp\ray\session_2024-05-25_19-44-06_621398_9536\ports_by_node.json.lock
DEBUG:filelock:Lock 2106037108352 acquired on C:\Users\alexp\AppData\Local\Temp\ray\session_2024-05-25_19-44-06_621398_9536\ports_by_node.json.lock
DEBUG:filelock:Attempting to release lock 2106037108352 on C:\Users\alexp\AppData\Local\Temp\ray\session_2024-05-25_19-44-06_621398_9536\ports_by_node.json.lock
DEBUG:filelock:Lock 2106037108352 released on C:\Users\alexp\AppData\Local\Temp\ray\session_2024-05-25_19-44-06_621398_9536\ports_by_node.json.lock
DEBUG:filelock:Attempting to acquire lock 2106037094672 on C:\Users\alexp\AppData\Local\Temp\ray\session_2024-05-25_19-44-06_621398_9536\ports_by_node.json.lock
DEBUG:filelock:Lock 2106037094672 acquired on C:\Users\alexp\AppData\Local\Temp\ray\session_2024-05-25_19-44-06_621398_9536\ports_by_node.json.lock
DEBUG:filelock:Attempting to release lock 2106037094672 on C:\Users\alexp\AppData\Local\Temp\ray\session_2024-05-25_19-44-06_621398_9536\ports_by_node.json.lock
DEBUG:filelock:Lock 2106037094672 released on C:\Users\alexp\AppData\Local\Temp\ray\session_2024-05-25_19-44-06_621398_9536\ports_by_node.json.lock
2024-05-25 19:44:09,709	INFO worker.py:1740 -- Started a local Ray instance. View the dashboard at [1m[32m127.0.0.1:8266 [39m[22m
Windows fatal exception: access violation

Stack (most recent call first):
  File "C:\Users\alexp\AppData\Local\pypoetry\Cache\virtualenvs\bridge-robot-WMeMRp1k-py3.10\lib\site-packages\ray\_private\worker.py", line 2362 in connect
  File "C:\Users\alexp\AppData\Local\pypoetry\Cache\virtualenvs\bridge-robot-WMeMRp1k-py3.10\lib\site-packages\ray\_private\worker.py", line 1751 in init
  File "C:\Users\alexp\AppData\Local\pypoetry\Cache\virtualenvs\bridge-robot-WMeMRp1k-py3.10\lib\site-packages\ray\_private\client_mode_hook.py", line 103 in wrapper
  File "C:\Users\alexp\Documents\Github\bridge-robot\bridge-robot\src\main.py", line 21 in <module>
  File "<frozen importlib._bootstrap>", line 241 in _call_with_frames_removed
  File "<frozen importlib._bootstrap_external>", line 883 in exec_module
  File "<frozen importlib._bootstrap>", line 688 in _load_unlocked
  File "<frozen importlib._bootstrap>", line 1006 in _find_and_load_unlocked
  File "<frozen importlib._bootstrap>", line 1027 in _find_and_load
  File "C:\Users\alexp\AppData\Local\pypoetry\Cache\virtualenvs\bridge-robot-WMeMRp1k-py3.10\lib\site-packages\ray\_private\function_manager.py", line 642 in _load_actor_class_from_gcs
  File "C:\Users\alexp\AppData\Local\pypoetry\Cache\virtualenvs\bridge-robot-WMeMRp1k-py3.10\lib\site-packages\ray\_private\function_manager.py", line 539 in load_actor_class
  File "C:\Users\alexp\AppData\Local\pypoetry\Cache\virtualenvs\bridge-robot-WMeMRp1k-py3.10\lib\site-packages\ray\_private\worker.py", line 876 in main_loop
  File "C:\Users\alexp\AppData\Local\pypoetry\Cache\virtualenvs\bridge-robot-WMeMRp1k-py3.10\lib\site-packages\ray\_private\workers\default_worker.py", line 289 in <module>
